#
# There is insufficient memory for the Java Runtime Environment to continue.
# Native memory allocation (malloc) failed to allocate 1132976 bytes for Chunk::new
# Possible reasons:
#   The system is out of physical RAM or swap space
#   The process is running with CompressedOops enabled, and the Java Heap may be blocking the growth of the native heap
# Possible solutions:
#   Reduce memory load on the system
#   Increase physical memory or swap space
#   Check if swap backing store is full
#   Decrease Java heap size (-Xmx/-Xms)
#   Decrease number of Java threads
#   Decrease Java thread stack sizes (-Xss)
#   Set larger code cache with -XX:ReservedCodeCacheSize=
#   JVM is running with Unscaled Compressed Oops mode in which the Java heap is
#     placed in the first 4GB address space. The Java Heap base address is the
#     maximum limit for the native heap growth. Please use -XX:HeapBaseMinAddress
#     to set the Java Heap base and to place the Java Heap above 4GB virtual address.
# This output file may be truncated or incomplete.
#
#  Out of Memory Error (arena.cpp:191), pid=6368, tid=17128
#
# JRE version: OpenJDK Runtime Environment (17.0.9) (build 17.0.9+0--11185874)
# Java VM: OpenJDK 64-Bit Server VM (17.0.9+0--11185874, mixed mode, tiered, compressed oops, compressed class ptrs, g1 gc, windows-amd64)
# No core dump will be written. Minidumps are not enabled by default on client versions of Windows
#

---------------  S U M M A R Y ------------

Command Line: org.jetbrains.kotlin.cli.jvm.K2JVMCompiler @D:\AndroidStudioProjects\ExpensesTrackerComposableV2\app\build\20240723_5546443908119039350.compiler.options

Host: Intel(R) Core(TM) i5-8250U CPU @ 1.60GHz, 8 cores, 7G,  Windows 11 , 64 bit Build 22000 (10.0.22000.2538)
Time: Tue Jul 23 22:35:50 2024 Hora estándar de Asia Sureste elapsed time: 28.503370 seconds (0d 0h 0m 28s)

---------------  T H R E A D  ---------------

Current thread (0x000001b8e61740e0):  JavaThread "C2 CompilerThread2" daemon [_thread_in_native, id=17128, stack(0x0000006812e00000,0x0000006812f00000)]


Current CompileTask:
C2:  28503 12195       4       org.jetbrains.kotlin.types.AbstractTypeChecker::collectAllSupertypesWithGivenTypeConstructor (554 bytes)

Stack: [0x0000006812e00000,0x0000006812f00000]
Native frames: (J=compiled Java code, j=interpreted, Vv=VM code, C=native code)
V  [jvm.dll+0x6886e9]
V  [jvm.dll+0x841e4a]
V  [jvm.dll+0x843a8e]
V  [jvm.dll+0x8440f3]
V  [jvm.dll+0x24c14f]
V  [jvm.dll+0xac44c]
V  [jvm.dll+0xaca9c]
V  [jvm.dll+0x36c1a2]
V  [jvm.dll+0x33651a]
V  [jvm.dll+0x3359ba]
V  [jvm.dll+0x21ddb1]
V  [jvm.dll+0x21d1d1]
V  [jvm.dll+0x1a674d]
V  [jvm.dll+0x22d088]
V  [jvm.dll+0x22b1c0]
V  [jvm.dll+0x7f62f7]
V  [jvm.dll+0x7f06aa]
V  [jvm.dll+0x687565]
C  [ucrtbase.dll+0x26c0c]
C  [KERNEL32.DLL+0x153e0]
C  [ntdll.dll+0x485b]


---------------  P R O C E S S  ---------------

Threads class SMR info:
_java_thread_list=0x000001b8e71f01d0, length=14, elements={
0x000001b8c6d2a730, 0x000001b8e0aae6d0, 0x000001b8e0aaf350, 0x000001b8e0ad5e50,
0x000001b8e0ad6810, 0x000001b8e0ad71d0, 0x000001b8e503b000, 0x000001b8e503b9b0,
0x000001b8e503c460, 0x000001b8e503fd90, 0x000001b8e51ae870, 0x000001b8e51a6480,
0x000001b8e6410ea0, 0x000001b8e61740e0
}

Java Threads: ( => current thread )
  0x000001b8c6d2a730 JavaThread "main" [_thread_in_Java, id=22144, stack(0x0000006811200000,0x0000006811300000)]
  0x000001b8e0aae6d0 JavaThread "Reference Handler" daemon [_thread_blocked, id=17972, stack(0x0000006811900000,0x0000006811a00000)]
  0x000001b8e0aaf350 JavaThread "Finalizer" daemon [_thread_blocked, id=17824, stack(0x0000006811a00000,0x0000006811b00000)]
  0x000001b8e0ad5e50 JavaThread "Signal Dispatcher" daemon [_thread_blocked, id=17828, stack(0x0000006811b00000,0x0000006811c00000)]
  0x000001b8e0ad6810 JavaThread "Attach Listener" daemon [_thread_blocked, id=17840, stack(0x0000006811c00000,0x0000006811d00000)]
  0x000001b8e0ad71d0 JavaThread "Service Thread" daemon [_thread_blocked, id=17832, stack(0x0000006811d00000,0x0000006811e00000)]
  0x000001b8e503b000 JavaThread "Monitor Deflation Thread" daemon [_thread_blocked, id=17836, stack(0x0000006811e00000,0x0000006811f00000)]
  0x000001b8e503b9b0 JavaThread "C2 CompilerThread0" daemon [_thread_in_native, id=17848, stack(0x0000006811f00000,0x0000006812000000)]
  0x000001b8e503c460 JavaThread "C1 CompilerThread0" daemon [_thread_in_native, id=17852, stack(0x0000006812000000,0x0000006812100000)]
  0x000001b8e503fd90 JavaThread "Sweeper thread" daemon [_thread_blocked, id=17856, stack(0x0000006812100000,0x0000006812200000)]
  0x000001b8e51ae870 JavaThread "Notification Thread" daemon [_thread_blocked, id=17716, stack(0x0000006812200000,0x0000006812300000)]
  0x000001b8e51a6480 JavaThread "Common-Cleaner" daemon [_thread_blocked, id=17876, stack(0x0000006812400000,0x0000006812500000)]
  0x000001b8e6410ea0 JavaThread "C2 CompilerThread1" daemon [_thread_in_native, id=1668, stack(0x0000006812d00000,0x0000006812e00000)]
=>0x000001b8e61740e0 JavaThread "C2 CompilerThread2" daemon [_thread_in_native, id=17128, stack(0x0000006812e00000,0x0000006812f00000)]

Other Threads:
  0x000001b8e0aabab0 VMThread "VM Thread" [stack: 0x0000006811800000,0x0000006811900000] [id=12808]
  0x000001b8e51aed50 WatcherThread [stack: 0x0000006812300000,0x0000006812400000] [id=17844]
  0x000001b8c6d879d0 GCTaskThread "GC Thread#0" [stack: 0x0000006811300000,0x0000006811400000] [id=12716]
  0x000001b8e57c2440 GCTaskThread "GC Thread#1" [stack: 0x0000006812500000,0x0000006812600000] [id=22228]
  0x000001b8e57c2b10 GCTaskThread "GC Thread#2" [stack: 0x0000006812600000,0x0000006812700000] [id=18324]
  0x000001b8e57c3e10 GCTaskThread "GC Thread#3" [stack: 0x0000006812700000,0x0000006812800000] [id=22416]
  0x000001b8e57c64f0 GCTaskThread "GC Thread#4" [stack: 0x0000006812800000,0x0000006812900000] [id=22348]
  0x000001b8e5cf9810 GCTaskThread "GC Thread#5" [stack: 0x0000006812900000,0x0000006812a00000] [id=1740]
  0x000001b8e561fcb0 GCTaskThread "GC Thread#6" [stack: 0x0000006812a00000,0x0000006812b00000] [id=16168]
  0x000001b8e5bdc3b0 GCTaskThread "GC Thread#7" [stack: 0x0000006812b00000,0x0000006812c00000] [id=7240]
  0x000001b8c6d984a0 ConcurrentGCThread "G1 Main Marker" [stack: 0x0000006811400000,0x0000006811500000] [id=14284]
  0x000001b8c6d98dc0 ConcurrentGCThread "G1 Conc#0" [stack: 0x0000006811500000,0x0000006811600000] [id=4848]
  0x000001b8e561f4c0 ConcurrentGCThread "G1 Conc#1" [stack: 0x0000006812c00000,0x0000006812d00000] [id=22220]
  0x000001b8c6deec90 ConcurrentGCThread "G1 Refine#0" [stack: 0x0000006811600000,0x0000006811700000] [id=22284]
  0x000001b8e83d5190 ConcurrentGCThread "G1 Refine#1" [stack: 0x0000006812f00000,0x0000006813000000] [id=2352]
  0x000001b8e72884e0 ConcurrentGCThread "G1 Refine#2" [stack: 0x0000006813000000,0x0000006813100000] [id=2108]
  0x000001b8e74aa750 ConcurrentGCThread "G1 Refine#3" [stack: 0x0000006813100000,0x0000006813200000] [id=15424]
  0x000001b8e0916720 ConcurrentGCThread "G1 Service" [stack: 0x0000006811700000,0x0000006811800000] [id=22452]

Threads with active compile tasks:
C2 CompilerThread0    28588 12137       4       org.jetbrains.kotlin.resolve.calls.tower.TowerResolver$Task::run$processLexicalScope (176 bytes)
C1 CompilerThread0    28588 12231       3       org.jetbrains.kotlin.resolve.calls.components.KotlinCallCompleter::prepareCandidateForCompletion (179 bytes)
C2 CompilerThread1    28589 12040       4       org.jetbrains.kotlin.resolve.calls.tower.TowerResolver$Task::process (42 bytes)
C2 CompilerThread2    28589 12195       4       org.jetbrains.kotlin.types.AbstractTypeChecker::collectAllSupertypesWithGivenTypeConstructor (554 bytes)

VM state: not at safepoint (normal execution)

VM Mutex/Monitor currently owned by a thread: None

Heap address: 0x0000000081c00000, size: 2020 MB, Compressed Oops mode: 32-bit

CDS archive(s) not mapped
Compressed class space mapped at: 0x0000000100000000-0x0000000140000000, reserved size: 1073741824
Narrow klass base: 0x0000000000000000, Narrow klass shift: 3, Narrow klass range: 0x140000000

GC Precious Log:
 CPUs: 8 total, 8 available
 Memory: 8075M
 Large Page Support: Disabled
 NUMA Support: Disabled
 Compressed Oops: Enabled (32-bit)
 Heap Region Size: 1M
 Heap Min Capacity: 8M
 Heap Initial Capacity: 128M
 Heap Max Capacity: 2020M
 Pre-touch: Disabled
 Parallel Workers: 8
 Concurrent Workers: 2
 Concurrent Refinement Workers: 8
 Periodic GC: Disabled

Heap:
 garbage-first heap   total 280576K, used 206093K [0x0000000081c00000, 0x0000000100000000)
  region size 1024K, 111 young (113664K), 2 survivors (2048K)
 Metaspace       used 63251K, committed 63616K, reserved 1114112K
  class space    used 7047K, committed 7232K, reserved 1048576K

Heap Regions: E=young(eden), S=young(survivor), O=old, HS=humongous(starts), HC=humongous(continues), CS=collection set, F=free, OA=open archive, CA=closed archive, TAMS=top-at-mark-start (previous, next)
|   0|0x0000000081c00000, 0x0000000081d00000, 0x0000000081d00000|100%|HS|  |TAMS 0x0000000081d00000, 0x0000000081c00000| Complete 
|   1|0x0000000081d00000, 0x0000000081e00000, 0x0000000081e00000|100%|HC|  |TAMS 0x0000000081e00000, 0x0000000081d00000| Complete 
|   2|0x0000000081e00000, 0x0000000081f00000, 0x0000000081f00000|100%|HC|  |TAMS 0x0000000081f00000, 0x0000000081e00000| Complete 
|   3|0x0000000081f00000, 0x0000000082000000, 0x0000000082000000|100%|HC|  |TAMS 0x0000000082000000, 0x0000000081f00000| Complete 
|   4|0x0000000082000000, 0x0000000082100000, 0x0000000082100000|100%| O|  |TAMS 0x0000000082100000, 0x0000000082000000| Untracked 
|   5|0x0000000082100000, 0x0000000082200000, 0x0000000082200000|100%| O|  |TAMS 0x0000000082200000, 0x0000000082100000| Untracked 
|   6|0x0000000082200000, 0x0000000082300000, 0x0000000082300000|100%| O|  |TAMS 0x0000000082300000, 0x0000000082200000| Untracked 
|   7|0x0000000082300000, 0x0000000082400000, 0x0000000082400000|100%| O|  |TAMS 0x0000000082400000, 0x0000000082300000| Untracked 
|   8|0x0000000082400000, 0x0000000082500000, 0x0000000082500000|100%| O|  |TAMS 0x0000000082500000, 0x0000000082400000| Untracked 
|   9|0x0000000082500000, 0x0000000082500000, 0x0000000082600000|  0%| F|  |TAMS 0x0000000082500000, 0x0000000082500000| Untracked 
|  10|0x0000000082600000, 0x0000000082700000, 0x0000000082700000|100%| O|  |TAMS 0x0000000082700000, 0x0000000082600000| Untracked 
|  11|0x0000000082700000, 0x0000000082800000, 0x0000000082800000|100%| O|  |TAMS 0x0000000082800000, 0x0000000082700000| Untracked 
|  12|0x0000000082800000, 0x0000000082900000, 0x0000000082900000|100%| O|  |TAMS 0x0000000082900000, 0x0000000082800000| Untracked 
|  13|0x0000000082900000, 0x0000000082a00000, 0x0000000082a00000|100%| O|  |TAMS 0x0000000082a00000, 0x0000000082900000| Untracked 
|  14|0x0000000082a00000, 0x0000000082b00000, 0x0000000082b00000|100%| O|  |TAMS 0x0000000082b00000, 0x0000000082a00000| Untracked 
|  15|0x0000000082b00000, 0x0000000082c00000, 0x0000000082c00000|100%| O|  |TAMS 0x0000000082c00000, 0x0000000082b00000| Untracked 
|  16|0x0000000082c00000, 0x0000000082d00000, 0x0000000082d00000|100%| O|  |TAMS 0x0000000082d00000, 0x0000000082c00000| Untracked 
|  17|0x0000000082d00000, 0x0000000082e00000, 0x0000000082e00000|100%| O|  |TAMS 0x0000000082e00000, 0x0000000082d00000| Untracked 
|  18|0x0000000082e00000, 0x0000000082f00000, 0x0000000082f00000|100%| O|  |TAMS 0x0000000082f00000, 0x0000000082e00000| Untracked 
|  19|0x0000000082f00000, 0x0000000083000000, 0x0000000083000000|100%| O|  |TAMS 0x0000000083000000, 0x0000000082f00000| Untracked 
|  20|0x0000000083000000, 0x0000000083100000, 0x0000000083100000|100%| O|  |TAMS 0x0000000083100000, 0x0000000083000000| Untracked 
|  21|0x0000000083100000, 0x0000000083200000, 0x0000000083200000|100%| O|  |TAMS 0x0000000083200000, 0x0000000083100000| Untracked 
|  22|0x0000000083200000, 0x0000000083300000, 0x0000000083300000|100%| O|  |TAMS 0x0000000083300000, 0x0000000083200000| Untracked 
|  23|0x0000000083300000, 0x0000000083400000, 0x0000000083400000|100%| O|  |TAMS 0x0000000083400000, 0x0000000083300000| Untracked 
|  24|0x0000000083400000, 0x0000000083500000, 0x0000000083500000|100%| O|  |TAMS 0x0000000083500000, 0x0000000083400000| Untracked 
|  25|0x0000000083500000, 0x0000000083600000, 0x0000000083600000|100%| O|  |TAMS 0x0000000083600000, 0x0000000083500000| Untracked 
|  26|0x0000000083600000, 0x0000000083700000, 0x0000000083700000|100%| O|  |TAMS 0x0000000083700000, 0x0000000083600000| Untracked 
|  27|0x0000000083700000, 0x0000000083800000, 0x0000000083800000|100%| O|  |TAMS 0x0000000083800000, 0x0000000083700000| Untracked 
|  28|0x0000000083800000, 0x0000000083900000, 0x0000000083900000|100%|HS|  |TAMS 0x0000000083900000, 0x0000000083800000| Complete 
|  29|0x0000000083900000, 0x0000000083a00000, 0x0000000083a00000|100%|HC|  |TAMS 0x0000000083a00000, 0x0000000083900000| Complete 
|  30|0x0000000083a00000, 0x0000000083b00000, 0x0000000083b00000|100%| O|  |TAMS 0x0000000083b00000, 0x0000000083a00000| Untracked 
|  31|0x0000000083b00000, 0x0000000083c00000, 0x0000000083c00000|100%| O|  |TAMS 0x0000000083c00000, 0x0000000083b00000| Untracked 
|  32|0x0000000083c00000, 0x0000000083d00000, 0x0000000083d00000|100%| O|  |TAMS 0x0000000083d00000, 0x0000000083c00000| Untracked 
|  33|0x0000000083d00000, 0x0000000083e00000, 0x0000000083e00000|100%| O|  |TAMS 0x0000000083e00000, 0x0000000083d00000| Untracked 
|  34|0x0000000083e00000, 0x0000000083f00000, 0x0000000083f00000|100%| O|  |TAMS 0x0000000083f00000, 0x0000000083e00000| Untracked 
|  35|0x0000000083f00000, 0x0000000084000000, 0x0000000084000000|100%| O|  |TAMS 0x0000000084000000, 0x0000000083f00000| Untracked 
|  36|0x0000000084000000, 0x0000000084100000, 0x0000000084100000|100%| O|  |TAMS 0x0000000084100000, 0x0000000084000000| Untracked 
|  37|0x0000000084100000, 0x0000000084200000, 0x0000000084200000|100%| O|  |TAMS 0x0000000084200000, 0x0000000084100000| Untracked 
|  38|0x0000000084200000, 0x0000000084300000, 0x0000000084300000|100%| O|  |TAMS 0x0000000084300000, 0x0000000084200000| Untracked 
|  39|0x0000000084300000, 0x0000000084400000, 0x0000000084400000|100%| O|  |TAMS 0x0000000084400000, 0x0000000084300000| Untracked 
|  40|0x0000000084400000, 0x0000000084500000, 0x0000000084500000|100%| O|  |TAMS 0x0000000084500000, 0x0000000084400000| Untracked 
|  41|0x0000000084500000, 0x0000000084600000, 0x0000000084600000|100%| O|  |TAMS 0x0000000084600000, 0x0000000084500000| Untracked 
|  42|0x0000000084600000, 0x0000000084700000, 0x0000000084700000|100%| O|  |TAMS 0x0000000084700000, 0x0000000084600000| Untracked 
|  43|0x0000000084700000, 0x0000000084800000, 0x0000000084800000|100%| O|  |TAMS 0x0000000084800000, 0x0000000084700000| Untracked 
|  44|0x0000000084800000, 0x0000000084900000, 0x0000000084900000|100%| O|  |TAMS 0x0000000084900000, 0x0000000084800000| Untracked 
|  45|0x0000000084900000, 0x0000000084a00000, 0x0000000084a00000|100%| O|  |TAMS 0x0000000084a00000, 0x0000000084900000| Untracked 
|  46|0x0000000084a00000, 0x0000000084b00000, 0x0000000084b00000|100%| O|  |TAMS 0x0000000084b00000, 0x0000000084a00000| Untracked 
|  47|0x0000000084b00000, 0x0000000084c00000, 0x0000000084c00000|100%| O|  |TAMS 0x0000000084c00000, 0x0000000084b00000| Untracked 
|  48|0x0000000084c00000, 0x0000000084d00000, 0x0000000084d00000|100%| O|  |TAMS 0x0000000084d00000, 0x0000000084c00000| Untracked 
|  49|0x0000000084d00000, 0x0000000084e00000, 0x0000000084e00000|100%| O|  |TAMS 0x0000000084e00000, 0x0000000084d00000| Untracked 
|  50|0x0000000084e00000, 0x0000000084f00000, 0x0000000084f00000|100%| O|  |TAMS 0x0000000084f00000, 0x0000000084e00000| Untracked 
|  51|0x0000000084f00000, 0x0000000085000000, 0x0000000085000000|100%|HS|  |TAMS 0x0000000085000000, 0x0000000084f00000| Complete 
|  52|0x0000000085000000, 0x0000000085100000, 0x0000000085100000|100%|HC|  |TAMS 0x0000000085100000, 0x0000000085000000| Complete 
|  53|0x0000000085100000, 0x0000000085100000, 0x0000000085200000|  0%| F|  |TAMS 0x0000000085100000, 0x0000000085100000| Untracked 
|  54|0x0000000085200000, 0x0000000085300000, 0x0000000085300000|100%| O|  |TAMS 0x0000000085300000, 0x0000000085200000| Untracked 
|  55|0x0000000085300000, 0x0000000085400000, 0x0000000085400000|100%| O|  |TAMS 0x0000000085400000, 0x0000000085300000| Untracked 
|  56|0x0000000085400000, 0x0000000085500000, 0x0000000085500000|100%| O|  |TAMS 0x0000000085500000, 0x0000000085400000| Untracked 
|  57|0x0000000085500000, 0x0000000085600000, 0x0000000085600000|100%| O|  |TAMS 0x0000000085600000, 0x0000000085500000| Untracked 
|  58|0x0000000085600000, 0x0000000085700000, 0x0000000085700000|100%| O|  |TAMS 0x0000000085700000, 0x0000000085600000| Untracked 
|  59|0x0000000085700000, 0x0000000085800000, 0x0000000085800000|100%| O|  |TAMS 0x0000000085800000, 0x0000000085700000| Untracked 
|  60|0x0000000085800000, 0x0000000085900000, 0x0000000085900000|100%| O|  |TAMS 0x0000000085900000, 0x0000000085800000| Untracked 
|  61|0x0000000085900000, 0x0000000085a00000, 0x0000000085a00000|100%| O|  |TAMS 0x0000000085a00000, 0x0000000085900000| Untracked 
|  62|0x0000000085a00000, 0x0000000085b00000, 0x0000000085b00000|100%| O|  |TAMS 0x0000000085b00000, 0x0000000085a00000| Untracked 
|  63|0x0000000085b00000, 0x0000000085c00000, 0x0000000085c00000|100%| O|  |TAMS 0x0000000085c00000, 0x0000000085b00000| Untracked 
|  64|0x0000000085c00000, 0x0000000085d00000, 0x0000000085d00000|100%| O|  |TAMS 0x0000000085d00000, 0x0000000085c00000| Untracked 
|  65|0x0000000085d00000, 0x0000000085e00000, 0x0000000085e00000|100%| O|  |TAMS 0x0000000085e00000, 0x0000000085d00000| Untracked 
|  66|0x0000000085e00000, 0x0000000085f00000, 0x0000000085f00000|100%| O|  |TAMS 0x0000000085f00000, 0x0000000085e00000| Untracked 
|  67|0x0000000085f00000, 0x0000000086000000, 0x0000000086000000|100%| O|  |TAMS 0x0000000086000000, 0x0000000085f00000| Untracked 
|  68|0x0000000086000000, 0x0000000086100000, 0x0000000086100000|100%| O|  |TAMS 0x0000000086100000, 0x0000000086000000| Untracked 
|  69|0x0000000086100000, 0x0000000086200000, 0x0000000086200000|100%| O|  |TAMS 0x000000008618ec00, 0x0000000086100000| Untracked 
|  70|0x0000000086200000, 0x0000000086300000, 0x0000000086300000|100%| O|  |TAMS 0x0000000086200000, 0x0000000086200000| Untracked 
|  71|0x0000000086300000, 0x0000000086400000, 0x0000000086400000|100%| O|  |TAMS 0x0000000086300000, 0x0000000086300000| Untracked 
|  72|0x0000000086400000, 0x0000000086500000, 0x0000000086500000|100%| O|  |TAMS 0x0000000086400000, 0x0000000086400000| Untracked 
|  73|0x0000000086500000, 0x0000000086600000, 0x0000000086600000|100%| O|  |TAMS 0x0000000086500000, 0x0000000086500000| Untracked 
|  74|0x0000000086600000, 0x0000000086700000, 0x0000000086700000|100%| O|  |TAMS 0x0000000086600000, 0x0000000086600000| Untracked 
|  75|0x0000000086700000, 0x00000000867ef800, 0x0000000086800000| 93%| O|  |TAMS 0x0000000086700000, 0x0000000086700000| Untracked 
|  76|0x0000000086800000, 0x0000000086900000, 0x0000000086900000|100%|HS|  |TAMS 0x0000000086800000, 0x0000000086800000| Complete 
|  77|0x0000000086900000, 0x0000000086a00000, 0x0000000086a00000|100%|HC|  |TAMS 0x0000000086900000, 0x0000000086900000| Complete 
|  78|0x0000000086a00000, 0x0000000086b00000, 0x0000000086b00000|100%| O|  |TAMS 0x0000000086a00000, 0x0000000086a00000| Untracked 
|  79|0x0000000086b00000, 0x0000000086c00000, 0x0000000086c00000|100%| O|  |TAMS 0x0000000086b00000, 0x0000000086b00000| Untracked 
|  80|0x0000000086c00000, 0x0000000086d00000, 0x0000000086d00000|100%| O|  |TAMS 0x0000000086c00000, 0x0000000086c00000| Untracked 
|  81|0x0000000086d00000, 0x0000000086e00000, 0x0000000086e00000|100%| O|  |TAMS 0x0000000086d00000, 0x0000000086d00000| Untracked 
|  82|0x0000000086e00000, 0x0000000086f00000, 0x0000000086f00000|100%| O|  |TAMS 0x0000000086e00000, 0x0000000086e00000| Untracked 
|  83|0x0000000086f00000, 0x0000000087000000, 0x0000000087000000|100%| O|  |TAMS 0x0000000086f00000, 0x0000000086f00000| Untracked 
|  84|0x0000000087000000, 0x0000000087100000, 0x0000000087100000|100%| O|  |TAMS 0x0000000087000000, 0x0000000087000000| Untracked 
|  85|0x0000000087100000, 0x0000000087200000, 0x0000000087200000|100%| O|  |TAMS 0x0000000087100000, 0x0000000087100000| Untracked 
|  86|0x0000000087200000, 0x0000000087300000, 0x0000000087300000|100%| O|  |TAMS 0x0000000087200000, 0x0000000087200000| Untracked 
|  87|0x0000000087300000, 0x0000000087400000, 0x0000000087400000|100%| O|  |TAMS 0x0000000087300000, 0x0000000087300000| Untracked 
|  88|0x0000000087400000, 0x0000000087500000, 0x0000000087500000|100%| O|  |TAMS 0x0000000087400000, 0x0000000087400000| Untracked 
|  89|0x0000000087500000, 0x0000000087600000, 0x0000000087600000|100%| O|  |TAMS 0x0000000087500000, 0x0000000087500000| Untracked 
|  90|0x0000000087600000, 0x0000000087700000, 0x0000000087700000|100%| O|  |TAMS 0x0000000087600000, 0x0000000087600000| Untracked 
|  91|0x0000000087700000, 0x0000000087800000, 0x0000000087800000|100%| O|  |TAMS 0x0000000087700000, 0x0000000087700000| Untracked 
|  92|0x0000000087800000, 0x0000000087900000, 0x0000000087900000|100%| O|  |TAMS 0x0000000087800000, 0x0000000087800000| Untracked 
|  93|0x0000000087900000, 0x0000000087953c00, 0x0000000087a00000| 32%| O|  |TAMS 0x0000000087900000, 0x0000000087900000| Untracked 
|  94|0x0000000087a00000, 0x0000000087a00000, 0x0000000087b00000|  0%| F|  |TAMS 0x0000000087a00000, 0x0000000087a00000| Untracked 
|  95|0x0000000087b00000, 0x0000000087b00000, 0x0000000087c00000|  0%| F|  |TAMS 0x0000000087b00000, 0x0000000087b00000| Untracked 
|  96|0x0000000087c00000, 0x0000000087c00000, 0x0000000087d00000|  0%| F|  |TAMS 0x0000000087c00000, 0x0000000087c00000| Untracked 
|  97|0x0000000087d00000, 0x0000000087d00000, 0x0000000087e00000|  0%| F|  |TAMS 0x0000000087d00000, 0x0000000087d00000| Untracked 
|  98|0x0000000087e00000, 0x0000000087e00000, 0x0000000087f00000|  0%| F|  |TAMS 0x0000000087e00000, 0x0000000087e00000| Untracked 
|  99|0x0000000087f00000, 0x0000000087f00000, 0x0000000088000000|  0%| F|  |TAMS 0x0000000087f00000, 0x0000000087f00000| Untracked 
| 100|0x0000000088000000, 0x0000000088000000, 0x0000000088100000|  0%| F|  |TAMS 0x0000000088000000, 0x0000000088000000| Untracked 
| 101|0x0000000088100000, 0x0000000088100000, 0x0000000088200000|  0%| F|  |TAMS 0x0000000088100000, 0x0000000088100000| Untracked 
| 102|0x0000000088200000, 0x0000000088200000, 0x0000000088300000|  0%| F|  |TAMS 0x0000000088200000, 0x0000000088200000| Untracked 
| 103|0x0000000088300000, 0x0000000088300000, 0x0000000088400000|  0%| F|  |TAMS 0x0000000088300000, 0x0000000088300000| Untracked 
| 104|0x0000000088400000, 0x0000000088400000, 0x0000000088500000|  0%| F|  |TAMS 0x0000000088400000, 0x0000000088400000| Untracked 
| 105|0x0000000088500000, 0x0000000088500000, 0x0000000088600000|  0%| F|  |TAMS 0x0000000088500000, 0x0000000088500000| Untracked 
| 106|0x0000000088600000, 0x0000000088600000, 0x0000000088700000|  0%| F|  |TAMS 0x0000000088600000, 0x0000000088600000| Untracked 
| 107|0x0000000088700000, 0x0000000088700000, 0x0000000088800000|  0%| F|  |TAMS 0x0000000088700000, 0x0000000088700000| Untracked 
| 108|0x0000000088800000, 0x0000000088800000, 0x0000000088900000|  0%| F|  |TAMS 0x0000000088800000, 0x0000000088800000| Untracked 
| 109|0x0000000088900000, 0x0000000088900000, 0x0000000088a00000|  0%| F|  |TAMS 0x0000000088900000, 0x0000000088900000| Untracked 
| 110|0x0000000088a00000, 0x0000000088a00000, 0x0000000088b00000|  0%| F|  |TAMS 0x0000000088a00000, 0x0000000088a00000| Untracked 
| 111|0x0000000088b00000, 0x0000000088b00000, 0x0000000088c00000|  0%| F|  |TAMS 0x0000000088b00000, 0x0000000088b00000| Untracked 
| 112|0x0000000088c00000, 0x0000000088c00000, 0x0000000088d00000|  0%| F|  |TAMS 0x0000000088c00000, 0x0000000088c00000| Untracked 
| 113|0x0000000088d00000, 0x0000000088d00000, 0x0000000088e00000|  0%| F|  |TAMS 0x0000000088d00000, 0x0000000088d00000| Untracked 
| 114|0x0000000088e00000, 0x0000000088e00000, 0x0000000088f00000|  0%| F|  |TAMS 0x0000000088e00000, 0x0000000088e00000| Untracked 
| 115|0x0000000088f00000, 0x0000000088f00000, 0x0000000089000000|  0%| F|  |TAMS 0x0000000088f00000, 0x0000000088f00000| Untracked 
| 116|0x0000000089000000, 0x0000000089000000, 0x0000000089100000|  0%| F|  |TAMS 0x0000000089000000, 0x0000000089000000| Untracked 
| 117|0x0000000089100000, 0x0000000089100000, 0x0000000089200000|  0%| F|  |TAMS 0x0000000089100000, 0x0000000089100000| Untracked 
| 118|0x0000000089200000, 0x0000000089200000, 0x0000000089300000|  0%| F|  |TAMS 0x0000000089200000, 0x0000000089200000| Untracked 
| 119|0x0000000089300000, 0x0000000089300000, 0x0000000089400000|  0%| F|  |TAMS 0x0000000089300000, 0x0000000089300000| Untracked 
| 120|0x0000000089400000, 0x0000000089400000, 0x0000000089500000|  0%| F|  |TAMS 0x0000000089400000, 0x0000000089400000| Untracked 
| 121|0x0000000089500000, 0x0000000089500000, 0x0000000089600000|  0%| F|  |TAMS 0x0000000089500000, 0x0000000089500000| Untracked 
| 122|0x0000000089600000, 0x0000000089600000, 0x0000000089700000|  0%| F|  |TAMS 0x0000000089600000, 0x0000000089600000| Untracked 
| 123|0x0000000089700000, 0x0000000089700000, 0x0000000089800000|  0%| F|  |TAMS 0x0000000089700000, 0x0000000089700000| Untracked 
| 124|0x0000000089800000, 0x0000000089800000, 0x0000000089900000|  0%| F|  |TAMS 0x0000000089800000, 0x0000000089800000| Untracked 
| 125|0x0000000089900000, 0x0000000089900000, 0x0000000089a00000|  0%| F|  |TAMS 0x0000000089900000, 0x0000000089900000| Untracked 
| 126|0x0000000089a00000, 0x0000000089a00000, 0x0000000089b00000|  0%| F|  |TAMS 0x0000000089a00000, 0x0000000089a00000| Untracked 
| 127|0x0000000089b00000, 0x0000000089b00000, 0x0000000089c00000|  0%| F|  |TAMS 0x0000000089b00000, 0x0000000089b00000| Untracked 
| 128|0x0000000089c00000, 0x0000000089c00000, 0x0000000089d00000|  0%| F|  |TAMS 0x0000000089c00000, 0x0000000089c00000| Untracked 
| 129|0x0000000089d00000, 0x0000000089d00000, 0x0000000089e00000|  0%| F|  |TAMS 0x0000000089d00000, 0x0000000089d00000| Untracked 
| 130|0x0000000089e00000, 0x0000000089e00000, 0x0000000089f00000|  0%| F|  |TAMS 0x0000000089e00000, 0x0000000089e00000| Untracked 
| 131|0x0000000089f00000, 0x0000000089f00000, 0x000000008a000000|  0%| F|  |TAMS 0x0000000089f00000, 0x0000000089f00000| Untracked 
| 132|0x000000008a000000, 0x000000008a000000, 0x000000008a100000|  0%| F|  |TAMS 0x000000008a000000, 0x000000008a000000| Untracked 
| 133|0x000000008a100000, 0x000000008a100000, 0x000000008a200000|  0%| F|  |TAMS 0x000000008a100000, 0x000000008a100000| Untracked 
| 134|0x000000008a200000, 0x000000008a200000, 0x000000008a300000|  0%| F|  |TAMS 0x000000008a200000, 0x000000008a200000| Untracked 
| 135|0x000000008a300000, 0x000000008a300000, 0x000000008a400000|  0%| F|  |TAMS 0x000000008a300000, 0x000000008a300000| Untracked 
| 136|0x000000008a400000, 0x000000008a400000, 0x000000008a500000|  0%| F|  |TAMS 0x000000008a400000, 0x000000008a400000| Untracked 
| 137|0x000000008a500000, 0x000000008a500000, 0x000000008a600000|  0%| F|  |TAMS 0x000000008a500000, 0x000000008a500000| Untracked 
| 138|0x000000008a600000, 0x000000008a600000, 0x000000008a700000|  0%| F|  |TAMS 0x000000008a600000, 0x000000008a600000| Untracked 
| 139|0x000000008a700000, 0x000000008a700000, 0x000000008a800000|  0%| F|  |TAMS 0x000000008a700000, 0x000000008a700000| Untracked 
| 140|0x000000008a800000, 0x000000008a800000, 0x000000008a900000|  0%| F|  |TAMS 0x000000008a800000, 0x000000008a800000| Untracked 
| 141|0x000000008a900000, 0x000000008a900000, 0x000000008aa00000|  0%| F|  |TAMS 0x000000008a900000, 0x000000008a900000| Untracked 
| 142|0x000000008aa00000, 0x000000008aa00000, 0x000000008ab00000|  0%| F|  |TAMS 0x000000008aa00000, 0x000000008aa00000| Untracked 
| 143|0x000000008ab00000, 0x000000008ab00000, 0x000000008ac00000|  0%| F|  |TAMS 0x000000008ab00000, 0x000000008ab00000| Untracked 
| 144|0x000000008ac00000, 0x000000008ac00000, 0x000000008ad00000|  0%| F|  |TAMS 0x000000008ac00000, 0x000000008ac00000| Untracked 
| 145|0x000000008ad00000, 0x000000008ad00000, 0x000000008ae00000|  0%| F|  |TAMS 0x000000008ad00000, 0x000000008ad00000| Untracked 
| 146|0x000000008ae00000, 0x000000008ae00000, 0x000000008af00000|  0%| F|  |TAMS 0x000000008ae00000, 0x000000008ae00000| Untracked 
| 147|0x000000008af00000, 0x000000008af00000, 0x000000008b000000|  0%| F|  |TAMS 0x000000008af00000, 0x000000008af00000| Untracked 
| 148|0x000000008b000000, 0x000000008b000000, 0x000000008b100000|  0%| F|  |TAMS 0x000000008b000000, 0x000000008b000000| Untracked 
| 149|0x000000008b100000, 0x000000008b100000, 0x000000008b200000|  0%| F|  |TAMS 0x000000008b100000, 0x000000008b100000| Untracked 
| 150|0x000000008b200000, 0x000000008b200000, 0x000000008b300000|  0%| F|  |TAMS 0x000000008b200000, 0x000000008b200000| Untracked 
| 151|0x000000008b300000, 0x000000008b300000, 0x000000008b400000|  0%| F|  |TAMS 0x000000008b300000, 0x000000008b300000| Untracked 
| 152|0x000000008b400000, 0x000000008b400000, 0x000000008b500000|  0%| F|  |TAMS 0x000000008b400000, 0x000000008b400000| Untracked 
| 153|0x000000008b500000, 0x000000008b500000, 0x000000008b600000|  0%| F|  |TAMS 0x000000008b500000, 0x000000008b500000| Untracked 
| 154|0x000000008b600000, 0x000000008b600000, 0x000000008b700000|  0%| F|  |TAMS 0x000000008b600000, 0x000000008b600000| Untracked 
| 155|0x000000008b700000, 0x000000008b700000, 0x000000008b800000|  0%| F|  |TAMS 0x000000008b700000, 0x000000008b700000| Untracked 
| 156|0x000000008b800000, 0x000000008b800000, 0x000000008b900000|  0%| F|  |TAMS 0x000000008b800000, 0x000000008b800000| Untracked 
| 157|0x000000008b900000, 0x000000008b900000, 0x000000008ba00000|  0%| F|  |TAMS 0x000000008b900000, 0x000000008b900000| Untracked 
| 158|0x000000008ba00000, 0x000000008ba00000, 0x000000008bb00000|  0%| F|  |TAMS 0x000000008ba00000, 0x000000008ba00000| Untracked 
| 159|0x000000008bb00000, 0x000000008bb00000, 0x000000008bc00000|  0%| F|  |TAMS 0x000000008bb00000, 0x000000008bb00000| Untracked 
| 160|0x000000008bc00000, 0x000000008bc00000, 0x000000008bd00000|  0%| F|  |TAMS 0x000000008bc00000, 0x000000008bc00000| Untracked 
| 161|0x000000008bd00000, 0x000000008bd00000, 0x000000008be00000|  0%| F|  |TAMS 0x000000008bd00000, 0x000000008bd00000| Untracked 
| 162|0x000000008be00000, 0x000000008be00000, 0x000000008bf00000|  0%| F|  |TAMS 0x000000008be00000, 0x000000008be00000| Untracked 
| 163|0x000000008bf00000, 0x000000008c000000, 0x000000008c000000|100%| E|  |TAMS 0x000000008bf00000, 0x000000008bf00000| Complete 
| 164|0x000000008c000000, 0x000000008c100000, 0x000000008c100000|100%| E|CS|TAMS 0x000000008c000000, 0x000000008c000000| Complete 
| 165|0x000000008c100000, 0x000000008c200000, 0x000000008c200000|100%| E|CS|TAMS 0x000000008c100000, 0x000000008c100000| Complete 
| 166|0x000000008c200000, 0x000000008c300000, 0x000000008c300000|100%| E|CS|TAMS 0x000000008c200000, 0x000000008c200000| Complete 
| 167|0x000000008c300000, 0x000000008c400000, 0x000000008c400000|100%| E|CS|TAMS 0x000000008c300000, 0x000000008c300000| Complete 
| 168|0x000000008c400000, 0x000000008c500000, 0x000000008c500000|100%| E|CS|TAMS 0x000000008c400000, 0x000000008c400000| Complete 
| 169|0x000000008c500000, 0x000000008c600000, 0x000000008c600000|100%| E|CS|TAMS 0x000000008c500000, 0x000000008c500000| Complete 
| 170|0x000000008c600000, 0x000000008c700000, 0x000000008c700000|100%| E|CS|TAMS 0x000000008c600000, 0x000000008c600000| Complete 
| 171|0x000000008c700000, 0x000000008c800000, 0x000000008c800000|100%| E|CS|TAMS 0x000000008c700000, 0x000000008c700000| Complete 
| 172|0x000000008c800000, 0x000000008c900000, 0x000000008c900000|100%| E|CS|TAMS 0x000000008c800000, 0x000000008c800000| Complete 
| 173|0x000000008c900000, 0x000000008ca00000, 0x000000008ca00000|100%| E|CS|TAMS 0x000000008c900000, 0x000000008c900000| Complete 
| 174|0x000000008ca00000, 0x000000008cb00000, 0x000000008cb00000|100%| E|CS|TAMS 0x000000008ca00000, 0x000000008ca00000| Complete 
| 175|0x000000008cb00000, 0x000000008cc00000, 0x000000008cc00000|100%| E|CS|TAMS 0x000000008cb00000, 0x000000008cb00000| Complete 
| 176|0x000000008cc00000, 0x000000008cd00000, 0x000000008cd00000|100%| E|CS|TAMS 0x000000008cc00000, 0x000000008cc00000| Complete 
| 177|0x000000008cd00000, 0x000000008ce00000, 0x000000008ce00000|100%| E|CS|TAMS 0x000000008cd00000, 0x000000008cd00000| Complete 
| 178|0x000000008ce00000, 0x000000008cf00000, 0x000000008cf00000|100%| E|CS|TAMS 0x000000008ce00000, 0x000000008ce00000| Complete 
| 179|0x000000008cf00000, 0x000000008d000000, 0x000000008d000000|100%| E|CS|TAMS 0x000000008cf00000, 0x000000008cf00000| Complete 
| 180|0x000000008d000000, 0x000000008d100000, 0x000000008d100000|100%| E|CS|TAMS 0x000000008d000000, 0x000000008d000000| Complete 
| 181|0x000000008d100000, 0x000000008d200000, 0x000000008d200000|100%| E|CS|TAMS 0x000000008d100000, 0x000000008d100000| Complete 
| 182|0x000000008d200000, 0x000000008d300000, 0x000000008d300000|100%| E|CS|TAMS 0x000000008d200000, 0x000000008d200000| Complete 
| 183|0x000000008d300000, 0x000000008d400000, 0x000000008d400000|100%| E|CS|TAMS 0x000000008d300000, 0x000000008d300000| Complete 
| 184|0x000000008d400000, 0x000000008d500000, 0x000000008d500000|100%| E|CS|TAMS 0x000000008d400000, 0x000000008d400000| Complete 
| 185|0x000000008d500000, 0x000000008d600000, 0x000000008d600000|100%| E|CS|TAMS 0x000000008d500000, 0x000000008d500000| Complete 
| 186|0x000000008d600000, 0x000000008d700000, 0x000000008d700000|100%| E|CS|TAMS 0x000000008d600000, 0x000000008d600000| Complete 
| 187|0x000000008d700000, 0x000000008d800000, 0x000000008d800000|100%| E|CS|TAMS 0x000000008d700000, 0x000000008d700000| Complete 
| 188|0x000000008d800000, 0x000000008d900000, 0x000000008d900000|100%| E|CS|TAMS 0x000000008d800000, 0x000000008d800000| Complete 
| 189|0x000000008d900000, 0x000000008da00000, 0x000000008da00000|100%| E|CS|TAMS 0x000000008d900000, 0x000000008d900000| Complete 
| 190|0x000000008da00000, 0x000000008db00000, 0x000000008db00000|100%| E|CS|TAMS 0x000000008da00000, 0x000000008da00000| Complete 
| 191|0x000000008db00000, 0x000000008dc00000, 0x000000008dc00000|100%| E|CS|TAMS 0x000000008db00000, 0x000000008db00000| Complete 
| 192|0x000000008dc00000, 0x000000008dd00000, 0x000000008dd00000|100%| E|CS|TAMS 0x000000008dc00000, 0x000000008dc00000| Complete 
| 193|0x000000008dd00000, 0x000000008de00000, 0x000000008de00000|100%| E|CS|TAMS 0x000000008dd00000, 0x000000008dd00000| Complete 
| 194|0x000000008de00000, 0x000000008df00000, 0x000000008df00000|100%| E|CS|TAMS 0x000000008de00000, 0x000000008de00000| Complete 
| 195|0x000000008df00000, 0x000000008e000000, 0x000000008e000000|100%| E|CS|TAMS 0x000000008df00000, 0x000000008df00000| Complete 
| 196|0x000000008e000000, 0x000000008e100000, 0x000000008e100000|100%| E|CS|TAMS 0x000000008e000000, 0x000000008e000000| Complete 
| 197|0x000000008e100000, 0x000000008e200000, 0x000000008e200000|100%| E|CS|TAMS 0x000000008e100000, 0x000000008e100000| Complete 
| 198|0x000000008e200000, 0x000000008e300000, 0x000000008e300000|100%| E|CS|TAMS 0x000000008e200000, 0x000000008e200000| Complete 
| 199|0x000000008e300000, 0x000000008e400000, 0x000000008e400000|100%| E|CS|TAMS 0x000000008e300000, 0x000000008e300000| Complete 
| 200|0x000000008e400000, 0x000000008e500000, 0x000000008e500000|100%| E|CS|TAMS 0x000000008e400000, 0x000000008e400000| Complete 
| 201|0x000000008e500000, 0x000000008e600000, 0x000000008e600000|100%| E|CS|TAMS 0x000000008e500000, 0x000000008e500000| Complete 
| 202|0x000000008e600000, 0x000000008e700000, 0x000000008e700000|100%| E|CS|TAMS 0x000000008e600000, 0x000000008e600000| Complete 
| 203|0x000000008e700000, 0x000000008e800000, 0x000000008e800000|100%| E|CS|TAMS 0x000000008e700000, 0x000000008e700000| Complete 
| 204|0x000000008e800000, 0x000000008e900000, 0x000000008e900000|100%| E|CS|TAMS 0x000000008e800000, 0x000000008e800000| Complete 
| 205|0x000000008e900000, 0x000000008ea00000, 0x000000008ea00000|100%| E|CS|TAMS 0x000000008e900000, 0x000000008e900000| Complete 
| 206|0x000000008ea00000, 0x000000008eb00000, 0x000000008eb00000|100%| E|CS|TAMS 0x000000008ea00000, 0x000000008ea00000| Complete 
| 207|0x000000008eb00000, 0x000000008ec00000, 0x000000008ec00000|100%| E|CS|TAMS 0x000000008eb00000, 0x000000008eb00000| Complete 
| 208|0x000000008ec00000, 0x000000008ed00000, 0x000000008ed00000|100%| E|CS|TAMS 0x000000008ec00000, 0x000000008ec00000| Complete 
| 209|0x000000008ed00000, 0x000000008ee00000, 0x000000008ee00000|100%| E|CS|TAMS 0x000000008ed00000, 0x000000008ed00000| Complete 
| 210|0x000000008ee00000, 0x000000008ef00000, 0x000000008ef00000|100%| E|CS|TAMS 0x000000008ee00000, 0x000000008ee00000| Complete 
| 211|0x000000008ef00000, 0x000000008f000000, 0x000000008f000000|100%| E|CS|TAMS 0x000000008ef00000, 0x000000008ef00000| Complete 
| 212|0x000000008f000000, 0x000000008f100000, 0x000000008f100000|100%| E|CS|TAMS 0x000000008f000000, 0x000000008f000000| Complete 
| 213|0x000000008f100000, 0x000000008f200000, 0x000000008f200000|100%| E|CS|TAMS 0x000000008f100000, 0x000000008f100000| Complete 
| 214|0x000000008f200000, 0x000000008f300000, 0x000000008f300000|100%| E|CS|TAMS 0x000000008f200000, 0x000000008f200000| Complete 
| 215|0x000000008f300000, 0x000000008f400000, 0x000000008f400000|100%| E|CS|TAMS 0x000000008f300000, 0x000000008f300000| Complete 
| 216|0x000000008f400000, 0x000000008f500000, 0x000000008f500000|100%| E|CS|TAMS 0x000000008f400000, 0x000000008f400000| Complete 
| 217|0x000000008f500000, 0x000000008f600000, 0x000000008f600000|100%| E|CS|TAMS 0x000000008f500000, 0x000000008f500000| Complete 
| 218|0x000000008f600000, 0x000000008f700000, 0x000000008f700000|100%| E|CS|TAMS 0x000000008f600000, 0x000000008f600000| Complete 
| 219|0x000000008f700000, 0x000000008f800000, 0x000000008f800000|100%| E|CS|TAMS 0x000000008f700000, 0x000000008f700000| Complete 
| 220|0x000000008f800000, 0x000000008f900000, 0x000000008f900000|100%| E|CS|TAMS 0x000000008f800000, 0x000000008f800000| Complete 
| 221|0x000000008f900000, 0x000000008fa00000, 0x000000008fa00000|100%| E|CS|TAMS 0x000000008f900000, 0x000000008f900000| Complete 
| 222|0x000000008fa00000, 0x000000008fb00000, 0x000000008fb00000|100%| E|CS|TAMS 0x000000008fa00000, 0x000000008fa00000| Complete 
| 223|0x000000008fb00000, 0x000000008fc00000, 0x000000008fc00000|100%| E|CS|TAMS 0x000000008fb00000, 0x000000008fb00000| Complete 
| 224|0x000000008fc00000, 0x000000008fd00000, 0x000000008fd00000|100%| E|CS|TAMS 0x000000008fc00000, 0x000000008fc00000| Complete 
| 225|0x000000008fd00000, 0x000000008fe00000, 0x000000008fe00000|100%| E|CS|TAMS 0x000000008fd00000, 0x000000008fd00000| Complete 
| 226|0x000000008fe00000, 0x000000008ff00000, 0x000000008ff00000|100%| E|CS|TAMS 0x000000008fe00000, 0x000000008fe00000| Complete 
| 227|0x000000008ff00000, 0x0000000090000000, 0x0000000090000000|100%| E|CS|TAMS 0x000000008ff00000, 0x000000008ff00000| Complete 
| 228|0x0000000090000000, 0x0000000090100000, 0x0000000090100000|100%| E|CS|TAMS 0x0000000090000000, 0x0000000090000000| Complete 
| 229|0x0000000090100000, 0x0000000090200000, 0x0000000090200000|100%| E|CS|TAMS 0x0000000090100000, 0x0000000090100000| Complete 
| 230|0x0000000090200000, 0x0000000090300000, 0x0000000090300000|100%| E|CS|TAMS 0x0000000090200000, 0x0000000090200000| Complete 
| 231|0x0000000090300000, 0x0000000090400000, 0x0000000090400000|100%| E|CS|TAMS 0x0000000090300000, 0x0000000090300000| Complete 
| 232|0x0000000090400000, 0x0000000090500000, 0x0000000090500000|100%| E|CS|TAMS 0x0000000090400000, 0x0000000090400000| Complete 
| 233|0x0000000090500000, 0x0000000090600000, 0x0000000090600000|100%| E|CS|TAMS 0x0000000090500000, 0x0000000090500000| Complete 
| 234|0x0000000090600000, 0x0000000090700000, 0x0000000090700000|100%| E|CS|TAMS 0x0000000090600000, 0x0000000090600000| Complete 
| 235|0x0000000090700000, 0x0000000090800000, 0x0000000090800000|100%| E|CS|TAMS 0x0000000090700000, 0x0000000090700000| Complete 
| 236|0x0000000090800000, 0x0000000090900000, 0x0000000090900000|100%| E|CS|TAMS 0x0000000090800000, 0x0000000090800000| Complete 
| 237|0x0000000090900000, 0x0000000090a00000, 0x0000000090a00000|100%| E|CS|TAMS 0x0000000090900000, 0x0000000090900000| Complete 
| 238|0x0000000090a00000, 0x0000000090b00000, 0x0000000090b00000|100%| E|CS|TAMS 0x0000000090a00000, 0x0000000090a00000| Complete 
| 239|0x0000000090b00000, 0x0000000090c00000, 0x0000000090c00000|100%| E|CS|TAMS 0x0000000090b00000, 0x0000000090b00000| Complete 
| 240|0x0000000090c00000, 0x0000000090d00000, 0x0000000090d00000|100%| E|CS|TAMS 0x0000000090c00000, 0x0000000090c00000| Complete 
| 241|0x0000000090d00000, 0x0000000090e00000, 0x0000000090e00000|100%| E|CS|TAMS 0x0000000090d00000, 0x0000000090d00000| Complete 
| 242|0x0000000090e00000, 0x0000000090f00000, 0x0000000090f00000|100%| E|CS|TAMS 0x0000000090e00000, 0x0000000090e00000| Complete 
| 243|0x0000000090f00000, 0x0000000091000000, 0x0000000091000000|100%| E|CS|TAMS 0x0000000090f00000, 0x0000000090f00000| Complete 
| 244|0x0000000091000000, 0x0000000091100000, 0x0000000091100000|100%| E|CS|TAMS 0x0000000091000000, 0x0000000091000000| Complete 
| 245|0x0000000091100000, 0x0000000091200000, 0x0000000091200000|100%| E|CS|TAMS 0x0000000091100000, 0x0000000091100000| Complete 
| 246|0x0000000091200000, 0x0000000091300000, 0x0000000091300000|100%| E|CS|TAMS 0x0000000091200000, 0x0000000091200000| Complete 
| 247|0x0000000091300000, 0x0000000091400000, 0x0000000091400000|100%| E|CS|TAMS 0x0000000091300000, 0x0000000091300000| Complete 
| 248|0x0000000091400000, 0x0000000091500000, 0x0000000091500000|100%| E|CS|TAMS 0x0000000091400000, 0x0000000091400000| Complete 
| 249|0x0000000091500000, 0x0000000091600000, 0x0000000091600000|100%| E|CS|TAMS 0x0000000091500000, 0x0000000091500000| Complete 
| 250|0x0000000091600000, 0x0000000091700000, 0x0000000091700000|100%| E|CS|TAMS 0x0000000091600000, 0x0000000091600000| Complete 
| 251|0x0000000091700000, 0x0000000091800000, 0x0000000091800000|100%| E|CS|TAMS 0x0000000091700000, 0x0000000091700000| Complete 
| 252|0x0000000091800000, 0x0000000091900000, 0x0000000091900000|100%| E|CS|TAMS 0x0000000091800000, 0x0000000091800000| Complete 
| 253|0x0000000091900000, 0x0000000091a00000, 0x0000000091a00000|100%| E|CS|TAMS 0x0000000091900000, 0x0000000091900000| Complete 
| 254|0x0000000091a00000, 0x0000000091b00000, 0x0000000091b00000|100%| E|CS|TAMS 0x0000000091a00000, 0x0000000091a00000| Complete 
| 255|0x0000000091b00000, 0x0000000091c00000, 0x0000000091c00000|100%| E|CS|TAMS 0x0000000091b00000, 0x0000000091b00000| Complete 
| 256|0x0000000091c00000, 0x0000000091d00000, 0x0000000091d00000|100%| E|CS|TAMS 0x0000000091c00000, 0x0000000091c00000| Complete 
| 257|0x0000000091d00000, 0x0000000091e00000, 0x0000000091e00000|100%| E|CS|TAMS 0x0000000091d00000, 0x0000000091d00000| Complete 
| 258|0x0000000091e00000, 0x0000000091f00000, 0x0000000091f00000|100%| E|CS|TAMS 0x0000000091e00000, 0x0000000091e00000| Complete 
| 259|0x0000000091f00000, 0x0000000092000000, 0x0000000092000000|100%| E|CS|TAMS 0x0000000091f00000, 0x0000000091f00000| Complete 
| 260|0x0000000092000000, 0x0000000092100000, 0x0000000092100000|100%| E|CS|TAMS 0x0000000092000000, 0x0000000092000000| Complete 
| 261|0x0000000092100000, 0x0000000092200000, 0x0000000092200000|100%| E|CS|TAMS 0x0000000092100000, 0x0000000092100000| Complete 
| 262|0x0000000092200000, 0x0000000092300000, 0x0000000092300000|100%| E|CS|TAMS 0x0000000092200000, 0x0000000092200000| Complete 
| 263|0x0000000092300000, 0x0000000092400000, 0x0000000092400000|100%| E|CS|TAMS 0x0000000092300000, 0x0000000092300000| Complete 
| 264|0x0000000092400000, 0x0000000092500000, 0x0000000092500000|100%| E|CS|TAMS 0x0000000092400000, 0x0000000092400000| Complete 
| 265|0x0000000092500000, 0x0000000092600000, 0x0000000092600000|100%| E|CS|TAMS 0x0000000092500000, 0x0000000092500000| Complete 
| 266|0x0000000092600000, 0x0000000092700000, 0x0000000092700000|100%| E|CS|TAMS 0x0000000092600000, 0x0000000092600000| Complete 
| 267|0x0000000092700000, 0x0000000092800000, 0x0000000092800000|100%| E|CS|TAMS 0x0000000092700000, 0x0000000092700000| Complete 
| 268|0x0000000092800000, 0x0000000092900000, 0x0000000092900000|100%| E|CS|TAMS 0x0000000092800000, 0x0000000092800000| Complete 
| 269|0x0000000092900000, 0x0000000092a00000, 0x0000000092a00000|100%| E|CS|TAMS 0x0000000092900000, 0x0000000092900000| Complete 
| 270|0x0000000092a00000, 0x0000000092b00000, 0x0000000092b00000|100%| E|CS|TAMS 0x0000000092a00000, 0x0000000092a00000| Complete 
| 271|0x0000000092b00000, 0x0000000092c00000, 0x0000000092c00000|100%| S|CS|TAMS 0x0000000092b00000, 0x0000000092b00000| Complete 
| 286|0x0000000093a00000, 0x0000000093b00000, 0x0000000093b00000|100%| S|CS|TAMS 0x0000000093a00000, 0x0000000093a00000| Complete 
| 287|0x0000000093b00000, 0x0000000093c00000, 0x0000000093c00000|100%| E|CS|TAMS 0x0000000093b00000, 0x0000000093b00000| Complete 

Card table byte_map: [0x000001b8d9940000,0x000001b8d9d40000] _byte_map_base: 0x000001b8d9532000

Marking Bits (Prev, Next): (CMBitMap*) 0x000001b8c6d87f30, (CMBitMap*) 0x000001b8c6d87ef0
 Prev Bits: [0x000001b8dc0d0000, 0x000001b8de060000)
 Next Bits: [0x000001b8da140000, 0x000001b8dc0d0000)

Polling page: 0x000001b8c4cc0000

Metaspace:

Usage:
  Non-class:     54.89 MB used.
      Class:      6.88 MB used.
       Both:     61.77 MB used.

Virtual space:
  Non-class space:       64.00 MB reserved,      55.06 MB ( 86%) committed,  1 nodes.
      Class space:        1.00 GB reserved,       7.06 MB ( <1%) committed,  1 nodes.
             Both:        1.06 GB reserved,      62.12 MB (  6%) committed. 

Chunk freelists:
   Non-Class:  8.36 MB
       Class:  8.98 MB
        Both:  17.34 MB

MaxMetaspaceSize: unlimited
CompressedClassSpaceSize: 1.00 GB
Initial GC threshold: 21.00 MB
Current GC threshold: 100.44 MB
CDS: off
MetaspaceReclaimPolicy: balanced
 - commit_granule_bytes: 65536.
 - commit_granule_words: 8192.
 - virtual_space_node_default_size: 8388608.
 - enlarge_chunks_in_place: 1.
 - new_chunks_are_fully_committed: 0.
 - uncommit_free_chunks: 1.
 - use_allocation_guard: 0.
 - handle_deallocations: 1.


Internal statistics:

num_allocs_failed_limit: 6.
num_arena_births: 298.
num_arena_deaths: 0.
num_vsnodes_births: 2.
num_vsnodes_deaths: 0.
num_space_committed: 992.
num_space_uncommitted: 0.
num_chunks_returned_to_freelist: 6.
num_chunks_taken_from_freelist: 2362.
num_chunk_merges: 6.
num_chunk_splits: 1856.
num_chunks_enlarged: 1593.
num_inconsistent_stats: 0.

CodeHeap 'non-profiled nmethods': size=120000Kb used=6641Kb max_used=6641Kb free=113358Kb
 bounds [0x000001b8d1ce0000, 0x000001b8d2360000, 0x000001b8d9210000]
CodeHeap 'profiled nmethods': size=120000Kb used=30511Kb max_used=30755Kb free=89488Kb
 bounds [0x000001b8ca210000, 0x000001b8cc050000, 0x000001b8d1740000]
CodeHeap 'non-nmethods': size=5760Kb used=1297Kb max_used=1423Kb free=4462Kb
 bounds [0x000001b8d1740000, 0x000001b8d19b0000, 0x000001b8d1ce0000]
 total_blobs=10517 nmethods=9911 adapters=516
 compilation: enabled
              stopped_count=0, restarted_count=0
 full_count=0

Compilation events (20 events):
Event: 28.361 Thread 0x000001b8e503c460 nmethod 12213 0x000001b8d235bd10 code [0x000001b8d235bea0, 0x000001b8d235bf78]
Event: 28.361 Thread 0x000001b8e503c460 12214       1       org.jetbrains.kotlin.resolve.deprecation.DeprecationResolver$DeprecationInfo::getHasInheritedDeprecations (5 bytes)
Event: 28.361 Thread 0x000001b8e503c460 nmethod 12214 0x000001b8d235c010 code [0x000001b8d235c1a0, 0x000001b8d235c278]
Event: 28.362 Thread 0x000001b8e503c460 12215       3       kotlin.collections.CollectionsKt___CollectionsKt::drop (293 bytes)
Event: 28.367 Thread 0x000001b8e503c460 nmethod 12215 0x000001b8cb1f9a10 code [0x000001b8cb1f9fa0, 0x000001b8cb1fd128]
Event: 28.415 Thread 0x000001b8e503c460 12216       3       org.jetbrains.kotlin.resolve.QualifiedExpressionResolveUtilKt::resolveQualifierAsReceiverInExpression (56 bytes)
Event: 28.417 Thread 0x000001b8e503c460 nmethod 12216 0x000001b8cb656210 code [0x000001b8cb656500, 0x000001b8cb657498]
Event: 28.422 Thread 0x000001b8e503c460 12217       3       org.jetbrains.kotlin.descriptors.impl.ClassConstructorDescriptorImpl::getConstructedClass (14 bytes)
Event: 28.423 Thread 0x000001b8e503c460 nmethod 12217 0x000001b8cac17390 code [0x000001b8cac17560, 0x000001b8cac17a08]
Event: 28.438 Thread 0x000001b8e503c460 12218       3       org.jetbrains.kotlin.resolve.calls.components.NewOverloadingConflictResolver$1::invoke (9 bytes)
Event: 28.439 Thread 0x000001b8e503c460 nmethod 12218 0x000001b8cab4f490 code [0x000001b8cab4f6c0, 0x000001b8cab4ff08]
Event: 28.439 Thread 0x000001b8e503c460 12219       3       org.jetbrains.kotlin.resolve.calls.components.NewOverloadingConflictResolver$1::invoke (14 bytes)
Event: 28.440 Thread 0x000001b8e503c460 nmethod 12219 0x000001b8ca284010 code [0x000001b8ca284240, 0x000001b8ca284928]
Event: 28.451 Thread 0x000001b8e503c460 12220       1       androidx.compose.compiler.plugins.kotlin.inference.Value::setSize (6 bytes)
Event: 28.451 Thread 0x000001b8e503c460 nmethod 12220 0x000001b8d235c310 code [0x000001b8d235c4a0, 0x000001b8d235c578]
Event: 28.454 Thread 0x000001b8e503c460 12221       3       org.jetbrains.kotlin.resolve.calls.tower.NewCallArgumentsKt::createSimplePSICallArgument (381 bytes)
Event: 28.469 Thread 0x000001b8e503c460 nmethod 12221 0x000001b8cc02b090 code [0x000001b8cc02b980, 0x000001b8cc030838]
Event: 28.470 Thread 0x000001b8e503c460 12222       3       org.jetbrains.kotlin.resolve.scopes.receivers.ClassValueReceiver::<init> (38 bytes)
Event: 28.471 Thread 0x000001b8e503c460 nmethod 12222 0x000001b8ca7ca210 code [0x000001b8ca7ca4a0, 0x000001b8ca7cb098]
Event: 28.497 Thread 0x000001b8e503c460 12223   !   3       java.io.WinNTFileSystem::resolve (362 bytes)

GC Heap History (20 events):
Event: 10.412 GC heap before
{Heap before GC invocations=18 (full 0):
 garbage-first heap   total 75776K, used 58230K [0x0000000081c00000, 0x0000000100000000)
  region size 1024K, 18 young (18432K), 1 survivors (1024K)
 Metaspace       used 53381K, committed 53568K, reserved 1114112K
  class space    used 6384K, committed 6464K, reserved 1048576K
}
Event: 10.419 GC heap after
{Heap after GC invocations=19 (full 0):
 garbage-first heap   total 147456K, used 43355K [0x0000000081c00000, 0x0000000100000000)
  region size 1024K, 3 young (3072K), 3 survivors (3072K)
 Metaspace       used 53381K, committed 53568K, reserved 1114112K
  class space    used 6384K, committed 6464K, reserved 1048576K
}
Event: 12.557 GC heap before
{Heap before GC invocations=20 (full 0):
 garbage-first heap   total 147456K, used 101723K [0x0000000081c00000, 0x0000000100000000)
  region size 1024K, 60 young (61440K), 3 survivors (3072K)
 Metaspace       used 57177K, committed 57408K, reserved 1114112K
  class space    used 6742K, committed 6848K, reserved 1048576K
}
Event: 12.579 GC heap after
{Heap after GC invocations=21 (full 0):
 garbage-first heap   total 147456K, used 51405K [0x0000000081c00000, 0x0000000100000000)
  region size 1024K, 8 young (8192K), 8 survivors (8192K)
 Metaspace       used 57177K, committed 57408K, reserved 1114112K
  class space    used 6742K, committed 6848K, reserved 1048576K
}
Event: 12.620 GC heap before
{Heap before GC invocations=21 (full 0):
 garbage-first heap   total 147456K, used 52429K [0x0000000081c00000, 0x0000000100000000)
  region size 1024K, 9 young (9216K), 8 survivors (8192K)
 Metaspace       used 57200K, committed 57408K, reserved 1114112K
  class space    used 6742K, committed 6848K, reserved 1048576K
}
Event: 12.635 GC heap after
{Heap after GC invocations=22 (full 0):
 garbage-first heap   total 147456K, used 51947K [0x0000000081c00000, 0x0000000100000000)
  region size 1024K, 1 young (1024K), 1 survivors (1024K)
 Metaspace       used 57200K, committed 57408K, reserved 1114112K
  class space    used 6742K, committed 6848K, reserved 1048576K
}
Event: 14.974 GC heap before
{Heap before GC invocations=22 (full 0):
 garbage-first heap   total 147456K, used 106219K [0x0000000081c00000, 0x0000000100000000)
  region size 1024K, 51 young (52224K), 1 survivors (1024K)
 Metaspace       used 58749K, committed 59008K, reserved 1114112K
  class space    used 6824K, committed 6976K, reserved 1048576K
}
Event: 14.990 GC heap after
{Heap after GC invocations=23 (full 0):
 garbage-first heap   total 147456K, used 62366K [0x0000000081c00000, 0x0000000100000000)
  region size 1024K, 7 young (7168K), 7 survivors (7168K)
 Metaspace       used 58749K, committed 59008K, reserved 1114112K
  class space    used 6824K, committed 6976K, reserved 1048576K
}
Event: 16.410 GC heap before
{Heap before GC invocations=23 (full 0):
 garbage-first heap   total 147456K, used 109470K [0x0000000081c00000, 0x0000000100000000)
  region size 1024K, 53 young (54272K), 7 survivors (7168K)
 Metaspace       used 59118K, committed 59328K, reserved 1114112K
  class space    used 6845K, committed 6976K, reserved 1048576K
}
Event: 16.430 GC heap after
{Heap after GC invocations=24 (full 0):
 garbage-first heap   total 147456K, used 65536K [0x0000000081c00000, 0x0000000100000000)
  region size 1024K, 4 young (4096K), 4 survivors (4096K)
 Metaspace       used 59118K, committed 59328K, reserved 1114112K
  class space    used 6845K, committed 6976K, reserved 1048576K
}
Event: 16.622 GC heap before
{Heap before GC invocations=24 (full 0):
 garbage-first heap   total 147456K, used 112640K [0x0000000081c00000, 0x0000000100000000)
  region size 1024K, 50 young (51200K), 4 survivors (4096K)
 Metaspace       used 59118K, committed 59328K, reserved 1114112K
  class space    used 6845K, committed 6976K, reserved 1048576K
}
Event: 16.633 GC heap after
{Heap after GC invocations=25 (full 0):
 garbage-first heap   total 147456K, used 71308K [0x0000000081c00000, 0x0000000100000000)
  region size 1024K, 6 young (6144K), 6 survivors (6144K)
 Metaspace       used 59118K, committed 59328K, reserved 1114112K
  class space    used 6845K, committed 6976K, reserved 1048576K
}
Event: 17.759 GC heap before
{Heap before GC invocations=25 (full 0):
 garbage-first heap   total 147456K, used 115340K [0x0000000081c00000, 0x0000000100000000)
  region size 1024K, 49 young (50176K), 6 survivors (6144K)
 Metaspace       used 60419K, committed 60736K, reserved 1114112K
  class space    used 6930K, committed 7104K, reserved 1048576K
}
Event: 17.781 GC heap after
{Heap after GC invocations=26 (full 0):
 garbage-first heap   total 147456K, used 78013K [0x0000000081c00000, 0x0000000100000000)
  region size 1024K, 7 young (7168K), 7 survivors (7168K)
 Metaspace       used 60419K, committed 60736K, reserved 1114112K
  class space    used 6930K, committed 7104K, reserved 1048576K
}
Event: 19.148 GC heap before
{Heap before GC invocations=26 (full 0):
 garbage-first heap   total 147456K, used 116925K [0x0000000081c00000, 0x0000000100000000)
  region size 1024K, 45 young (46080K), 7 survivors (7168K)
 Metaspace       used 61369K, committed 61696K, reserved 1114112K
  class space    used 6973K, committed 7104K, reserved 1048576K
}
Event: 19.180 GC heap after
{Heap after GC invocations=27 (full 0):
 garbage-first heap   total 294912K, used 81854K [0x0000000081c00000, 0x0000000100000000)
  region size 1024K, 4 young (4096K), 4 survivors (4096K)
 Metaspace       used 61369K, committed 61696K, reserved 1114112K
  class space    used 6973K, committed 7104K, reserved 1048576K
}
Event: 24.563 GC heap before
{Heap before GC invocations=28 (full 0):
 garbage-first heap   total 280576K, used 218046K [0x0000000081c00000, 0x0000000100000000)
  region size 1024K, 135 young (138240K), 4 survivors (4096K)
 Metaspace       used 62363K, committed 62720K, reserved 1114112K
  class space    used 6996K, committed 7168K, reserved 1048576K
}
Event: 24.579 GC heap after
{Heap after GC invocations=29 (full 0):
 garbage-first heap   total 280576K, used 94956K [0x0000000081c00000, 0x0000000100000000)
  region size 1024K, 15 young (15360K), 15 survivors (15360K)
 Metaspace       used 62363K, committed 62720K, reserved 1114112K
  class space    used 6996K, committed 7168K, reserved 1048576K
}
Event: 24.581 GC heap before
{Heap before GC invocations=29 (full 0):
 garbage-first heap   total 280576K, used 95980K [0x0000000081c00000, 0x0000000100000000)
  region size 1024K, 16 young (16384K), 15 survivors (15360K)
 Metaspace       used 62363K, committed 62720K, reserved 1114112K
  class space    used 6996K, committed 7168K, reserved 1048576K
}
Event: 24.597 GC heap after
{Heap after GC invocations=30 (full 0):
 garbage-first heap   total 280576K, used 95501K [0x0000000081c00000, 0x0000000100000000)
  region size 1024K, 2 young (2048K), 2 survivors (2048K)
 Metaspace       used 62363K, committed 62720K, reserved 1114112K
  class space    used 6996K, committed 7168K, reserved 1048576K
}

Dll operation events (2 events):
Event: 0.009 Loaded shared library E:\Android Studio\jbr\bin\java.dll
Event: 5.275 Loaded shared library E:\Android Studio\jbr\bin\verify.dll

Deoptimization events (20 events):
Event: 27.732 Thread 0x000001b8c6d2a730 Uncommon trap: trap_request=0xffffffc6 fr.pc=0x000001b8d22fafdc relative=0x000000000000137c
Event: 27.732 Thread 0x000001b8c6d2a730 Uncommon trap: reason=bimorphic_or_optimized_type_check action=maybe_recompile pc=0x000001b8d22fafdc method=org.jetbrains.kotlin.resolve.calls.components.candidate.ResolutionCandidate.getStepCount()I @ 1 c2
Event: 27.732 Thread 0x000001b8c6d2a730 DEOPT PACKING pc=0x000001b8d22fafdc sp=0x00000068112f9860
Event: 27.732 Thread 0x000001b8c6d2a730 DEOPT UNPACKING pc=0x000001b8d17969a3 sp=0x00000068112f9760 mode 2
Event: 27.732 Thread 0x000001b8c6d2a730 Uncommon trap: trap_request=0xffffffc6 fr.pc=0x000001b8d22fafdc relative=0x000000000000137c
Event: 27.732 Thread 0x000001b8c6d2a730 Uncommon trap: reason=bimorphic_or_optimized_type_check action=maybe_recompile pc=0x000001b8d22fafdc method=org.jetbrains.kotlin.resolve.calls.components.candidate.ResolutionCandidate.getStepCount()I @ 1 c2
Event: 27.732 Thread 0x000001b8c6d2a730 DEOPT PACKING pc=0x000001b8d22fafdc sp=0x00000068112f9860
Event: 27.732 Thread 0x000001b8c6d2a730 DEOPT UNPACKING pc=0x000001b8d17969a3 sp=0x00000068112f9760 mode 2
Event: 27.733 Thread 0x000001b8c6d2a730 DEOPT PACKING pc=0x000001b8cb7b58ac sp=0x00000068112fa310
Event: 27.733 Thread 0x000001b8c6d2a730 DEOPT UNPACKING pc=0x000001b8d1797143 sp=0x00000068112f9808 mode 0
Event: 27.733 Thread 0x000001b8c6d2a730 DEOPT PACKING pc=0x000001b8d2205d60 sp=0x00000068112fa470
Event: 27.733 Thread 0x000001b8c6d2a730 DEOPT UNPACKING pc=0x000001b8d1797143 sp=0x00000068112f9730 mode 0
Event: 27.759 Thread 0x000001b8c6d2a730 Uncommon trap: trap_request=0xffffff45 fr.pc=0x000001b8d2322504 relative=0x00000000000018c4
Event: 27.759 Thread 0x000001b8c6d2a730 Uncommon trap: reason=unstable_if action=reinterpret pc=0x000001b8d2322504 method=org.jetbrains.kotlin.resolve.calls.inference.components.KotlinConstraintSystemCompleter.getOrderedAllTypeVariables$collectAllTypeVariables(Lorg/jetbrains/kotlin/resolve/call
Event: 27.759 Thread 0x000001b8c6d2a730 DEOPT PACKING pc=0x000001b8d2322504 sp=0x00000068112fa370
Event: 27.759 Thread 0x000001b8c6d2a730 DEOPT UNPACKING pc=0x000001b8d17969a3 sp=0x00000068112fa2f8 mode 2
Event: 27.804 Thread 0x000001b8c6d2a730 Uncommon trap: trap_request=0xffffffde fr.pc=0x000001b8d2302400 relative=0x0000000000001260
Event: 27.804 Thread 0x000001b8c6d2a730 Uncommon trap: reason=class_check action=maybe_recompile pc=0x000001b8d2302400 method=org.jetbrains.kotlin.resolve.calls.tower.KotlinToResolvedCallTransformer.runCallCheckers(Lorg/jetbrains/kotlin/resolve/calls/model/ResolvedCall;Lorg/jetbrains/kotlin/res
Event: 27.804 Thread 0x000001b8c6d2a730 DEOPT PACKING pc=0x000001b8d2302400 sp=0x00000068112fa670
Event: 27.804 Thread 0x000001b8c6d2a730 DEOPT UNPACKING pc=0x000001b8d17969a3 sp=0x00000068112fa670 mode 2

Classes unloaded (0 events):
No events

Classes redefined (0 events):
No events

Internal exceptions (20 events):
Event: 8.516 Thread 0x000001b8c6d2a730 Exception <a 'java/lang/NoSuchMethodError'{0x00000000846f4590}: 'java.lang.Object java.lang.invoke.DirectMethodHandle$Holder.invokeSpecial(java.lang.Object, java.lang.Object, java.lang.Object, java.lang.Object, int)'> (0x00000000846f4590) 
thrown [s\src\hotspot\share\interpreter\linkResolver.cpp, line 771]
Event: 8.517 Thread 0x000001b8c6d2a730 Exception <a 'java/lang/NoSuchMethodError'{0x00000000846f8400}: 'java.lang.Object java.lang.invoke.Invokers$Holder.linkToTargetMethod(java.lang.Object, java.lang.Object, int, java.lang.Object)'> (0x00000000846f8400) 
thrown [s\src\hotspot\share\interpreter\linkResolver.cpp, line 771]
Event: 9.439 Thread 0x000001b8c6d2a730 Exception <a 'java/lang/NoSuchMethodError'{0x0000000085529f90}: 'java.lang.Object java.lang.invoke.DirectMethodHandle$Holder.newInvokeSpecial(java.lang.Object, java.lang.Object, java.lang.Object, java.lang.Object, java.lang.Object, java.lang.Object)'> (0x0000000085529f90) 
thrown [s\src\hotspot\share\interpreter\linkResolver.cpp, line 771]
Event: 9.745 Thread 0x000001b8c6d2a730 Implicit null exception at 0x000001b8d1d3310e to 0x000001b8d1d33394
Event: 10.740 Thread 0x000001b8c6d2a730 Exception <a 'java/lang/NoSuchMethodError'{0x000000008a489040}: 'java.lang.Object java.lang.invoke.DirectMethodHandle$Holder.invokeStaticInit(java.lang.Object, java.lang.Object, java.lang.Object)'> (0x000000008a489040) 
thrown [s\src\hotspot\share\interpreter\linkResolver.cpp, line 771]
Event: 12.043 Thread 0x000001b8c6d2a730 Implicit null exception at 0x000001b8d1de9e14 to 0x000001b8d1de9f0c
Event: 12.044 Thread 0x000001b8c6d2a730 Implicit null exception at 0x000001b8d1d42f60 to 0x000001b8d1d42ffa
Event: 12.079 Thread 0x000001b8c6d2a730 Exception <a 'java/lang/NoSuchMethodError'{0x0000000088382730}: 'java.lang.Object java.lang.invoke.DirectMethodHandle$Holder.invokeInterface(java.lang.Object, java.lang.Object, java.lang.Object)'> (0x0000000088382730) 
thrown [s\src\hotspot\share\interpreter\linkResolver.cpp, line 771]
Event: 12.079 Thread 0x000001b8c6d2a730 Exception <a 'java/lang/IncompatibleClassChangeError'{0x00000000883860a0}: Found class java.lang.Object, but interface was expected> (0x00000000883860a0) 
thrown [s\src\hotspot\share\interpreter\linkResolver.cpp, line 838]
Event: 12.234 Thread 0x000001b8c6d2a730 Exception <a 'java/lang/NoSuchMethodError'{0x00000000880c3720}: 'int java.lang.invoke.DirectMethodHandle$Holder.invokeStaticInit(java.lang.Object, int)'> (0x00000000880c3720) 
thrown [s\src\hotspot\share\interpreter\linkResolver.cpp, line 771]
Event: 15.055 Thread 0x000001b8c6d2a730 Exception <a 'java/lang/NoSuchMethodError'{0x000000008a83c438}: 'java.lang.Object java.lang.invoke.DirectMethodHandle$Holder.newInvokeSpecial(java.lang.Object, java.lang.Object, java.lang.Object, java.lang.Object, java.lang.Object, java.lang.Object, java.lang.Object)'> (0x000000008a83c438) 
thrown [s\src\hotspot\share\interpreter\linkResolver.cpp, line 771]
Event: 15.055 Thread 0x000001b8c6d2a730 Exception <a 'java/lang/NoSuchMethodError'{0x000000008a840ff0}: 'java.lang.Object java.lang.invoke.Invokers$Holder.linkToTargetMethod(java.lang.Object, java.lang.Object, java.lang.Object, java.lang.Object, java.lang.Object, java.lang.Object, java.lang.Object)'> (0x000000008a840ff0) 
thrown [s\src\hotspot\share\interpreter\linkResolver.cpp, line 771]
Event: 17.130 Thread 0x000001b8c6d2a730 Exception <a 'java/lang/NoSuchMethodError'{0x0000000088fa0e70}: 'java.lang.Object java.lang.invoke.DirectMethodHandle$Holder.invokeStatic(java.lang.Object, int, java.lang.Object)'> (0x0000000088fa0e70) 
thrown [s\src\hotspot\share\interpreter\linkResolver.cpp, line 771]
Event: 17.141 Thread 0x000001b8c6d2a730 Exception <a 'java/lang/NoSuchMethodError'{0x0000000088fce5f0}: 'java.lang.Object java.lang.invoke.DirectMethodHandle$Holder.newInvokeSpecial(java.lang.Object, int, java.lang.Object)'> (0x0000000088fce5f0) 
thrown [s\src\hotspot\share\interpreter\linkResolver.cpp, line 771]
Event: 17.143 Thread 0x000001b8c6d2a730 Exception <a 'java/lang/NoSuchMethodError'{0x0000000088fd4db8}: 'int java.lang.invoke.DirectMethodHandle$Holder.invokeInterface(java.lang.Object, java.lang.Object)'> (0x0000000088fd4db8) 
thrown [s\src\hotspot\share\interpreter\linkResolver.cpp, line 771]
Event: 18.553 Thread 0x000001b8c6d2a730 Exception <a 'java/lang/NoSuchMethodError'{0x0000000089b00bc8}: 'java.lang.Object java.lang.invoke.DirectMethodHandle$Holder.newInvokeSpecial(java.lang.Object, int, java.lang.Object, java.lang.Object)'> (0x0000000089b00bc8) 
thrown [s\src\hotspot\share\interpreter\linkResolver.cpp, line 771]
Event: 22.621 Thread 0x000001b8c6d2a730 Implicit null exception at 0x000001b8d200dda0 to 0x000001b8d200ffbc
Event: 26.549 Thread 0x000001b8c6d2a730 Exception <a 'java/lang/NoSuchMethodError'{0x000000008dddea60}: 'java.lang.Object java.lang.invoke.DirectMethodHandle$Holder.newInvokeSpecial(java.lang.Object, java.lang.Object, java.lang.Object, java.lang.Object, java.lang.Object, java.lang.Object, java.lang.Object, java.lang.Object)'> (0x000000008dddea60) 
thrown [s\src\hotspot\share\interpreter\linkResolver.cpp, line 771]
Event: 26.550 Thread 0x000001b8c6d2a730 Exception <a 'java/lang/NoSuchMethodError'{0x000000008dde4dc0}: 'java.lang.Object java.lang.invoke.DirectMethodHandle$Holder.invokeSpecial(java.lang.Object, java.lang.Object, java.lang.Object, java.lang.Object, java.lang.Object, java.lang.Object, java.lang.Object, java.lang.Object, java.lang.Object)'> (0x000000008dde4dc0) 
thrown [s\src\hotspot\share\interpreter\linkResolver.cpp, line 771]
Event: 26.550 Thread 0x000001b8c6d2a730 Exception <a 'java/lang/NoSuchMethodError'{0x000000008ddea790}: 'java.lang.Object java.lang.invoke.Invokers$Holder.linkToTargetMethod(java.lang.Object, java.lang.Object, java.lang.Object, java.lang.Object, java.lang.Object, java.lang.Object, java.lang.Object, java.lang.Object)'> (0x000000008ddea790) 
thrown [s\src\hotspot\share\interpreter\linkResolver.cpp, line 771]

VM Operations (20 events):
Event: 26.875 Executing VM operation: HandshakeAllThreads
Event: 26.875 Executing VM operation: HandshakeAllThreads done
Event: 26.968 Executing VM operation: ICBufferFull
Event: 26.968 Executing VM operation: ICBufferFull done
Event: 27.508 Executing VM operation: ICBufferFull
Event: 27.508 Executing VM operation: ICBufferFull done
Event: 27.699 Executing VM operation: HandshakeAllThreads
Event: 27.699 Executing VM operation: HandshakeAllThreads done
Event: 27.706 Executing VM operation: HandshakeAllThreads
Event: 27.706 Executing VM operation: HandshakeAllThreads done
Event: 27.726 Executing VM operation: HandshakeAllThreads
Event: 27.726 Executing VM operation: HandshakeAllThreads done
Event: 27.728 Executing VM operation: HandshakeAllThreads
Event: 27.728 Executing VM operation: HandshakeAllThreads done
Event: 27.728 Executing VM operation: HandshakeAllThreads
Event: 27.728 Executing VM operation: HandshakeAllThreads done
Event: 27.785 Executing VM operation: HandshakeAllThreads
Event: 27.785 Executing VM operation: HandshakeAllThreads done
Event: 27.931 Executing VM operation: ICBufferFull
Event: 27.931 Executing VM operation: ICBufferFull done

Events (20 events):
Event: 26.834 Thread 0x000001b8e503fd90 flushing nmethod 0x000001b8cbe03490
Event: 26.834 Thread 0x000001b8e503fd90 flushing nmethod 0x000001b8cbe07390
Event: 26.834 Thread 0x000001b8e503fd90 flushing nmethod 0x000001b8cbe16690
Event: 26.834 Thread 0x000001b8e503fd90 flushing nmethod 0x000001b8cbe20990
Event: 26.835 Thread 0x000001b8e503fd90 flushing nmethod 0x000001b8cbf07e90
Event: 26.889 loading class java/util/Collections$CopiesList
Event: 26.893 loading class java/util/Collections$CopiesList done
Event: 27.729 Thread 0x000001b8e503fd90 flushing nmethod 0x000001b8d1da8410
Event: 27.732 Thread 0x000001b8e503fd90 flushing nmethod 0x000001b8d21db110
Event: 27.733 Thread 0x000001b8e503fd90 flushing nmethod 0x000001b8d22e3b10
Event: 27.741 Thread 0x000001b8e503fd90 flushing nmethod 0x000001b8ca7bf890
Event: 27.742 Thread 0x000001b8e503fd90 flushing nmethod 0x000001b8ca85c710
Event: 27.742 Thread 0x000001b8e503fd90 flushing nmethod 0x000001b8ca8c8e90
Event: 27.743 Thread 0x000001b8e503fd90 flushing nmethod 0x000001b8ca92a910
Event: 27.744 Thread 0x000001b8e503fd90 flushing nmethod 0x000001b8ca9c8590
Event: 27.749 Thread 0x000001b8e503fd90 flushing nmethod 0x000001b8cac42d90
Event: 27.754 Thread 0x000001b8e503fd90 flushing nmethod 0x000001b8cb05c710
Event: 27.755 Thread 0x000001b8e503fd90 flushing nmethod 0x000001b8cb09ce10
Event: 27.757 Thread 0x000001b8e503fd90 flushing nmethod 0x000001b8cb259f90
Event: 27.758 Thread 0x000001b8e503fd90 flushing nmethod 0x000001b8cb33ee90


Dynamic libraries:
0x00007ff668fd0000 - 0x00007ff668fda000 	E:\Android Studio\jbr\bin\java.exe
0x00007ff9f2ea0000 - 0x00007ff9f30a9000 	C:\WINDOWS\SYSTEM32\ntdll.dll
0x00007ff9f2040000 - 0x00007ff9f20fd000 	C:\WINDOWS\System32\KERNEL32.DLL
0x00007ff9f0360000 - 0x00007ff9f06e4000 	C:\WINDOWS\System32\KERNELBASE.dll
0x00007ff9f0b50000 - 0x00007ff9f0c61000 	C:\WINDOWS\System32\ucrtbase.dll
0x00007ff9d5b30000 - 0x00007ff9d5b47000 	E:\Android Studio\jbr\bin\jli.dll
0x00007ff9e2310000 - 0x00007ff9e232b000 	E:\Android Studio\jbr\bin\VCRUNTIME140.dll
0x00007ff9f0ef0000 - 0x00007ff9f109d000 	C:\WINDOWS\System32\USER32.dll
0x00007ff9f0330000 - 0x00007ff9f0356000 	C:\WINDOWS\System32\win32u.dll
0x00007ff9dc410000 - 0x00007ff9dc6b5000 	C:\WINDOWS\WinSxS\amd64_microsoft.windows.common-controls_6595b64144ccf1df_6.0.22000.120_none_9d947278b86cc467\COMCTL32.dll
0x00007ff9f2120000 - 0x00007ff9f214a000 	C:\WINDOWS\System32\GDI32.dll
0x00007ff9f1e80000 - 0x00007ff9f1f23000 	C:\WINDOWS\System32\msvcrt.dll
0x00007ff9f0800000 - 0x00007ff9f091e000 	C:\WINDOWS\System32\gdi32full.dll
0x00007ff9f06f0000 - 0x00007ff9f078d000 	C:\WINDOWS\System32\msvcp_win.dll
0x00007ff9f27c0000 - 0x00007ff9f27f1000 	C:\WINDOWS\System32\IMM32.DLL
0x00007ff9ed150000 - 0x00007ff9ed15c000 	E:\Android Studio\jbr\bin\vcruntime140_1.dll
0x00007ff9db540000 - 0x00007ff9db5cd000 	E:\Android Studio\jbr\bin\msvcp140.dll
0x00007ff9b0e10000 - 0x00007ff9b1a93000 	E:\Android Studio\jbr\bin\server\jvm.dll
0x00007ff9f1240000 - 0x00007ff9f12ee000 	C:\WINDOWS\System32\ADVAPI32.dll
0x00007ff9f0d60000 - 0x00007ff9f0dfe000 	C:\WINDOWS\System32\sechost.dll
0x00007ff9f2920000 - 0x00007ff9f2a41000 	C:\WINDOWS\System32\RPCRT4.dll
0x00007ff9e09d0000 - 0x00007ff9e09d9000 	C:\WINDOWS\SYSTEM32\WSOCK32.dll
0x00007ff9e3430000 - 0x00007ff9e3463000 	C:\WINDOWS\SYSTEM32\WINMM.dll
0x00007ff9f2de0000 - 0x00007ff9f2e4f000 	C:\WINDOWS\System32\WS2_32.dll
0x00007ff9de7e0000 - 0x00007ff9de7ea000 	C:\WINDOWS\SYSTEM32\VERSION.dll
0x00007ff9f0200000 - 0x00007ff9f024d000 	C:\WINDOWS\SYSTEM32\POWRPROF.dll
0x00007ff9f01e0000 - 0x00007ff9f01f3000 	C:\WINDOWS\SYSTEM32\UMPDC.dll
0x00007ff9ef360000 - 0x00007ff9ef378000 	C:\WINDOWS\SYSTEM32\kernel.appcore.dll
0x00007ff9ecd90000 - 0x00007ff9ecd9a000 	E:\Android Studio\jbr\bin\jimage.dll
0x00007ff9eddc0000 - 0x00007ff9edfe1000 	C:\WINDOWS\SYSTEM32\DBGHELP.DLL
0x00007ff9d8d70000 - 0x00007ff9d8da1000 	C:\WINDOWS\SYSTEM32\dbgcore.DLL
0x00007ff9f0c70000 - 0x00007ff9f0cef000 	C:\WINDOWS\System32\bcryptPrimitives.dll
0x00007ff9e0a20000 - 0x00007ff9e0a45000 	E:\Android Studio\jbr\bin\java.dll
0x00007ff9e1760000 - 0x00007ff9e1778000 	E:\Android Studio\jbr\bin\zip.dll
0x00007ff9f16b0000 - 0x00007ff9f1e75000 	C:\WINDOWS\System32\SHELL32.dll
0x00007ff9ee3c0000 - 0x00007ff9eec22000 	C:\WINDOWS\SYSTEM32\windows.storage.dll
0x00007ff9f2a50000 - 0x00007ff9f2dc6000 	C:\WINDOWS\System32\combase.dll
0x00007ff9ee250000 - 0x00007ff9ee3b7000 	C:\WINDOWS\SYSTEM32\wintypes.dll
0x00007ff9f1380000 - 0x00007ff9f146a000 	C:\WINDOWS\System32\SHCORE.dll
0x00007ff9f21e0000 - 0x00007ff9f223d000 	C:\WINDOWS\System32\shlwapi.dll
0x00007ff9f0260000 - 0x00007ff9f0285000 	C:\WINDOWS\SYSTEM32\profapi.dll
0x00007ff9e0a60000 - 0x00007ff9e0a79000 	E:\Android Studio\jbr\bin\net.dll
0x00007ff9eafc0000 - 0x00007ff9eb0d4000 	C:\WINDOWS\SYSTEM32\WINHTTP.dll
0x00007ff9ef800000 - 0x00007ff9ef867000 	C:\WINDOWS\system32\mswsock.dll
0x00007ff9db4f0000 - 0x00007ff9db506000 	E:\Android Studio\jbr\bin\nio.dll
0x00007ff9e0770000 - 0x00007ff9e0780000 	E:\Android Studio\jbr\bin\verify.dll

dbghelp: loaded successfully - version: 4.0.5 - missing functions: none
symbol engine: initialized successfully - sym options: 0x614 - pdb path: .;E:\Android Studio\jbr\bin;C:\WINDOWS\SYSTEM32;C:\WINDOWS\WinSxS\amd64_microsoft.windows.common-controls_6595b64144ccf1df_6.0.22000.120_none_9d947278b86cc467;E:\Android Studio\jbr\bin\server

VM Arguments:
java_command: org.jetbrains.kotlin.cli.jvm.K2JVMCompiler @D:\AndroidStudioProjects\ExpensesTrackerComposableV2\app\build\20240723_5546443908119039350.compiler.options
java_class_path (initial): D:\androidSDK\.gradle\caches\modules-2\files-2.1\org.jetbrains.kotlin\kotlin-compiler-embeddable\1.9.0\2c8c3a7402becca891f12739b3e9fd2dc2adbd7a\kotlin-compiler-embeddable-1.9.0.jar;D:\androidSDK\.gradle\caches\modules-2\files-2.1\org.jetbrains.kotlin\kotlin-stdlib\1.9.0\8ee15ef0c67dc83d874f412d84378d7f0eb50b63\kotlin-stdlib-1.9.0.jar;D:\androidSDK\.gradle\caches\modules-2\files-2.1\org.jetbrains.kotlin\kotlin-script-runtime\1.9.0\4b3102cbbb7e1b58d9d1adf89563f00069ffa7d1\kotlin-script-runtime-1.9.0.jar;D:\androidSDK\.gradle\caches\modules-2\files-2.1\org.jetbrains.kotlin\kotlin-reflect\1.6.10\1cbe9c92c12a94eea200d23c2bbaedaf3daf5132\kotlin-reflect-1.6.10.jar;D:\androidSDK\.gradle\caches\modules-2\files-2.1\org.jetbrains.kotlin\kotlin-daemon-embeddable\1.9.0\186543f5e28cf8d9a0290fecc2cf34301c40a65c\kotlin-daemon-embeddable-1.9.0.jar;D:\androidSDK\.gradle\caches\modules-2\files-2.1\org.jetbrains.intellij.deps\trove4j\1.0.20200330\3afb14d5f9ceb459d724e907a21145e8ff394f02\trove4j-1.0.20200330.jar;D:\androidSDK\.gradle\caches\modules-2\files-2.1\org.jetbrains.kotlin\kotlin-stdlib-common\1.9.0\cd65c21cfd1eec4d44ef09f9f52b6d9f8a720636\kotlin-stdlib-common-1.9.0.jar;D:\androidSDK\.gradle\caches\modules-2\files-2.1\org.jetbrains\annotations\13.0\919f0dfe192fb4e063e7dacadee7f8bb9a2672a9\annotations-13.0.jar
Launcher Type: SUN_STANDARD

[Global flags]
     intx CICompilerCount                          = 4                                         {product} {ergonomic}
     uint ConcGCThreads                            = 2                                         {product} {ergonomic}
     uint G1ConcRefinementThreads                  = 8                                         {product} {ergonomic}
   size_t G1HeapRegionSize                         = 1048576                                   {product} {ergonomic}
    uintx GCDrainStackTargetSize                   = 64                                        {product} {ergonomic}
   size_t InitialHeapSize                          = 134217728                                 {product} {ergonomic}
   size_t MarkStackSize                            = 4194304                                   {product} {ergonomic}
   size_t MaxHeapSize                              = 2118123520                                {product} {ergonomic}
   size_t MaxNewSize                               = 1270874112                                {product} {ergonomic}
   size_t MinHeapDeltaBytes                        = 1048576                                   {product} {ergonomic}
   size_t MinHeapSize                              = 8388608                                   {product} {ergonomic}
    uintx NonNMethodCodeHeapSize                   = 5839372                                {pd product} {ergonomic}
    uintx NonProfiledCodeHeapSize                  = 122909434                              {pd product} {ergonomic}
    uintx ProfiledCodeHeapSize                     = 122909434                              {pd product} {ergonomic}
    uintx ReservedCodeCacheSize                    = 251658240                              {pd product} {ergonomic}
     bool SegmentedCodeCache                       = true                                      {product} {ergonomic}
   size_t SoftMaxHeapSize                          = 2118123520                             {manageable} {ergonomic}
     bool UseCompressedClassPointers               = true                           {product lp64_product} {ergonomic}
     bool UseCompressedOops                        = true                           {product lp64_product} {ergonomic}
     bool UseG1GC                                  = true                                      {product} {ergonomic}
     bool UseLargePagesIndividualAllocation        = false                                  {pd product} {ergonomic}

Logging:
Log output configuration:
 #0: stdout all=warning uptime,level,tags
 #1: stderr all=off uptime,level,tags

Environment Variables:
JAVA_HOME=C:\Program Files\Java\jdk-17.0.5
PATH=C:\Python311\Scripts\;C:\Python311\;C:\Program Files\Common Files\Oracle\Java\javapath;C:\Program Files (x86)\Intel\Intel(R) Management Engine Components\iCLS\;C:\Program Files\Intel\Intel(R) Management Engine Components\iCLS\;C:\WINDOWS\system32;C:\WINDOWS;C:\WINDOWS\System32\Wbem;C:\WINDOWS\System32\WindowsPowerShell\v1.0\;C:\WINDOWS\System32\OpenSSH\;C:\Program Files (x86)\Intel\Intel(R) Management Engine Components\DAL;C:\Program Files\Intel\Intel(R) Management Engine Components\DAL;C:\Program Files (x86)\Intel\Intel(R) Management Engine Components\IPT;C:\Program Files\Intel\Intel(R) Management Engine Components\IPT;C:\Program Files\Intel\WiFi\bin\;C:\Program Files\Common Files\Intel\WirelessCommon\;C:\Program Files\MySQL\MySQL Server 8.0\bin;C:\Program Files\Git\cmd;C:\Program Files\nodejs\;C:\ProgramData\chocolatey\bin;C:\Program Files\MySQL\MySQL Server 8.0\bin;C:\Program Files\MySQL\MySQL Shell 8.0\bin\;C:\Users\Grego\AppData\Local\Microsoft\WindowsApps;C:\Users\Grego\AppData\Local\GitHubDesktop\bin;D:\Programas\VSC\Microsoft VS Code\bin;C:\Users\Grego\AppData\Roaming\npm
USERNAME=Grego
OS=Windows_NT
PROCESSOR_IDENTIFIER=Intel64 Family 6 Model 142 Stepping 10, GenuineIntel
TMP=C:\Users\Grego\AppData\Local\Temp
TEMP=C:\Users\Grego\AppData\Local\Temp



Periodic native trim disabled

JNI global refs:
JNI global refs: 12, weak refs: 5

JNI global refs memory usage: 843, weak refs: 841

OOME stack traces (most recent first):
Classloader memory used:
Loader jdk.internal.loader.ClassLoaders$AppClassLoader                                 : 6463K
Loader bootstrap                                                                       : 1342K
Loader java.net.URLClassLoader                                                         : 81010B
Loader jdk.internal.reflect.DelegatingClassLoader                                      : 22190B


---------------  S Y S T E M  ---------------

OS:
 Windows 11 , 64 bit Build 22000 (10.0.22000.2538)
OS uptime: 1 days 1:34 hours
Hyper-V role detected

CPU: total 8 (initial active 8) (4 cores per cpu, 2 threads per core) family 6 model 142 stepping 10 microcode 0xe0, cx8, cmov, fxsr, ht, mmx, 3dnowpref, sse, sse2, sse3, ssse3, sse4.1, sse4.2, popcnt, lzcnt, tsc, tscinvbit, avx, avx2, aes, erms, clmul, bmi1, bmi2, adx, fma, vzeroupper, clflush, clflushopt, hv
Processor Information for all 8 processors :
  Max Mhz: 1801, Current Mhz: 1801, Mhz Limit: 1801

Memory: 4k page, system-wide physical 8075M (796M free)
TotalPageFile size 16415M (AvailPageFile size 9M)
current process WorkingSet (physical memory assigned to process): 488M, peak: 491M
current process commit charge ("private bytes"): 527M, peak: 532M

vm_info: OpenJDK 64-Bit Server VM (17.0.9+0--11185874) for windows-amd64 JRE (17.0.9+0--11185874), built on Dec  6 2023 18:57:44 by "androidbuild" with MS VC++ 16.10 / 16.11 (VS2019)

END.
