#
# There is insufficient memory for the Java Runtime Environment to continue.
# Native memory allocation (mmap) failed to map 301989888 bytes for G1 virtual space
# Possible reasons:
#   The system is out of physical RAM or swap space
#   The process is running with CompressedOops enabled, and the Java Heap may be blocking the growth of the native heap
# Possible solutions:
#   Reduce memory load on the system
#   Increase physical memory or swap space
#   Check if swap backing store is full
#   Decrease Java heap size (-Xmx/-Xms)
#   Decrease number of Java threads
#   Decrease Java thread stack sizes (-Xss)
#   Set larger code cache with -XX:ReservedCodeCacheSize=
#   JVM is running with Unscaled Compressed Oops mode in which the Java heap is
#     placed in the first 4GB address space. The Java Heap base address is the
#     maximum limit for the native heap growth. Please use -XX:HeapBaseMinAddress
#     to set the Java Heap base and to place the Java Heap above 4GB virtual address.
# This output file may be truncated or incomplete.
#
#  Out of Memory Error (os_windows.cpp:3825), pid=13420, tid=11832
#
# JRE version: OpenJDK Runtime Environment (17.0.9) (build 17.0.9+0--11185874)
# Java VM: OpenJDK 64-Bit Server VM (17.0.9+0--11185874, mixed mode, tiered, compressed oops, compressed class ptrs, g1 gc, windows-amd64)
# No core dump will be written. Minidumps are not enabled by default on client versions of Windows
#

---------------  S U M M A R Y ------------

Command Line: org.jetbrains.kotlin.cli.jvm.K2JVMCompiler @D:\AndroidStudioProjects\ExpensesTrackerComposableV2\app\build\20240718_9053573055297109840.compiler.options

Host: Intel(R) Core(TM) i5-8250U CPU @ 1.60GHz, 8 cores, 7G,  Windows 11 , 64 bit Build 22000 (10.0.22000.2538)
Time: Thu Jul 18 18:44:53 2024 Hora estándar de Asia Sureste elapsed time: 26.689422 seconds (0d 0h 0m 26s)

---------------  T H R E A D  ---------------

Current thread (0x0000023bd8cf6a00):  VMThread "VM Thread" [stack: 0x0000008a22800000,0x0000008a22900000] [id=11832]

Stack: [0x0000008a22800000,0x0000008a22900000]
Native frames: (J=compiled Java code, j=interpreted, Vv=VM code, C=native code)
V  [jvm.dll+0x6886e9]
V  [jvm.dll+0x841e4a]
V  [jvm.dll+0x843a8e]
V  [jvm.dll+0x8440f3]
V  [jvm.dll+0x24c14f]
V  [jvm.dll+0x685499]
V  [jvm.dll+0x679c2a]
V  [jvm.dll+0x30cf9b]
V  [jvm.dll+0x314446]
V  [jvm.dll+0x36425e]
V  [jvm.dll+0x36448f]
V  [jvm.dll+0x2e2d68]
V  [jvm.dll+0x2e0f44]
V  [jvm.dll+0x2e054c]
V  [jvm.dll+0x3253fb]
V  [jvm.dll+0x8487eb]
V  [jvm.dll+0x849531]
V  [jvm.dll+0x849a4d]
V  [jvm.dll+0x849e24]
V  [jvm.dll+0x849ef0]
V  [jvm.dll+0x7f06aa]
V  [jvm.dll+0x687565]
C  [ucrtbase.dll+0x26c0c]
C  [KERNEL32.DLL+0x153e0]
C  [ntdll.dll+0x485b]

VM_Operation (0x0000008a222fd650): G1CollectForAllocation, mode: safepoint, requested by thread 0x0000023bbd01d200


---------------  P R O C E S S  ---------------

Threads class SMR info:
_java_thread_list=0x0000023be0c340c0, length=13, elements={
0x0000023bbd01d200, 0x0000023bd8d443e0, 0x0000023bdd0127b0, 0x0000023bd8d6e390,
0x0000023bdd045000, 0x0000023bdd0458d0, 0x0000023bdd0465a0, 0x0000023bdd048d90,
0x0000023bdd05f410, 0x0000023bdd06dd70, 0x0000023bdd1b6f00, 0x0000023bdd1bf6e0,
0x0000023bdf9484f0
}

Java Threads: ( => current thread )
  0x0000023bbd01d200 JavaThread "main" [_thread_blocked, id=17296, stack(0x0000008a22200000,0x0000008a22300000)]
  0x0000023bd8d443e0 JavaThread "Reference Handler" daemon [_thread_blocked, id=14916, stack(0x0000008a22900000,0x0000008a22a00000)]
  0x0000023bdd0127b0 JavaThread "Finalizer" daemon [_thread_blocked, id=3824, stack(0x0000008a22a00000,0x0000008a22b00000)]
  0x0000023bd8d6e390 JavaThread "Signal Dispatcher" daemon [_thread_blocked, id=2280, stack(0x0000008a22b00000,0x0000008a22c00000)]
  0x0000023bdd045000 JavaThread "Attach Listener" daemon [_thread_blocked, id=7468, stack(0x0000008a22c00000,0x0000008a22d00000)]
  0x0000023bdd0458d0 JavaThread "Service Thread" daemon [_thread_blocked, id=5184, stack(0x0000008a22d00000,0x0000008a22e00000)]
  0x0000023bdd0465a0 JavaThread "Monitor Deflation Thread" daemon [_thread_blocked, id=14720, stack(0x0000008a22e00000,0x0000008a22f00000)]
  0x0000023bdd048d90 JavaThread "C2 CompilerThread0" daemon [_thread_blocked, id=5784, stack(0x0000008a22f00000,0x0000008a23000000)]
  0x0000023bdd05f410 JavaThread "C1 CompilerThread0" daemon [_thread_blocked, id=12944, stack(0x0000008a23000000,0x0000008a23100000)]
  0x0000023bdd06dd70 JavaThread "Sweeper thread" daemon [_thread_blocked, id=10044, stack(0x0000008a23100000,0x0000008a23200000)]
  0x0000023bdd1b6f00 JavaThread "Notification Thread" daemon [_thread_blocked, id=5872, stack(0x0000008a23200000,0x0000008a23300000)]
  0x0000023bdd1bf6e0 JavaThread "Common-Cleaner" daemon [_thread_blocked, id=6484, stack(0x0000008a23400000,0x0000008a23500000)]
  0x0000023bdf9484f0 JavaThread "C2 CompilerThread1" daemon [_thread_blocked, id=14076, stack(0x0000008a23900000,0x0000008a23a00000)]

Other Threads:
=>0x0000023bd8cf6a00 VMThread "VM Thread" [stack: 0x0000008a22800000,0x0000008a22900000] [id=11832]
  0x0000023bdd0eab60 WatcherThread [stack: 0x0000008a23300000,0x0000008a23400000] [id=2248]
  0x0000023bbd077330 GCTaskThread "GC Thread#0" [stack: 0x0000008a22300000,0x0000008a22400000] [id=10300]
  0x0000023bdd7b7240 GCTaskThread "GC Thread#1" [stack: 0x0000008a23500000,0x0000008a23600000] [id=10028]
  0x0000023bdd7b9260 GCTaskThread "GC Thread#2" [stack: 0x0000008a23600000,0x0000008a23700000] [id=6236]
  0x0000023bdd7d5220 GCTaskThread "GC Thread#3" [stack: 0x0000008a23700000,0x0000008a23800000] [id=14756]
  0x0000023bdd7d54e0 GCTaskThread "GC Thread#4" [stack: 0x0000008a23800000,0x0000008a23900000] [id=1532]
  0x0000023bdd96b3c0 GCTaskThread "GC Thread#5" [stack: 0x0000008a23a00000,0x0000008a23b00000] [id=8352]
  0x0000023bde083a10 GCTaskThread "GC Thread#6" [stack: 0x0000008a23b00000,0x0000008a23c00000] [id=10096]
  0x0000023bde083cd0 GCTaskThread "GC Thread#7" [stack: 0x0000008a23c00000,0x0000008a23d00000] [id=6728]
  0x0000023bbd089e30 ConcurrentGCThread "G1 Main Marker" [stack: 0x0000008a22400000,0x0000008a22500000] [id=15620]
  0x0000023bbd08aef0 ConcurrentGCThread "G1 Conc#0" [stack: 0x0000008a22500000,0x0000008a22600000] [id=14524]
  0x0000023bdd7d3dd0 ConcurrentGCThread "G1 Conc#1" [stack: 0x0000008a23d00000,0x0000008a23e00000] [id=13280]
  0x0000023bbd0ddda0 ConcurrentGCThread "G1 Refine#0" [stack: 0x0000008a22600000,0x0000008a22700000] [id=14368]
  0x0000023be017b6f0 ConcurrentGCThread "G1 Refine#1" [stack: 0x0000008a23f00000,0x0000008a24000000] [id=1444]
  0x0000023bde465360 ConcurrentGCThread "G1 Refine#2" [stack: 0x0000008a24000000,0x0000008a24100000] [id=1528]
  0x0000023bdf05cad0 ConcurrentGCThread "G1 Refine#3" [stack: 0x0000008a24100000,0x0000008a24200000] [id=1156]
  0x0000023bdf05eb20 ConcurrentGCThread "G1 Refine#4" [stack: 0x0000008a24200000,0x0000008a24300000] [id=13272]
  0x0000023bbd0de6d0 ConcurrentGCThread "G1 Service" [stack: 0x0000008a22700000,0x0000008a22800000] [id=188]

Threads with active compile tasks:
C1 CompilerThread0    26735 15518       3       org.jetbrains.kotlin.ir.visitors.IrElementTransformerVoid::visitConstructorCall (16 bytes)

VM state: at safepoint (normal execution)

VM Mutex/Monitor currently owned by a thread:  ([mutex/lock_event])
[0x0000023bbd018040] Threads_lock - owner thread: 0x0000023bd8cf6a00
[0x0000023bbd017a10] Heap_lock - owner thread: 0x0000023bbd01d200

Heap address: 0x0000000081c00000, size: 2020 MB, Compressed Oops mode: 32-bit

CDS archive(s) not mapped
Compressed class space mapped at: 0x0000000100000000-0x0000000140000000, reserved size: 1073741824
Narrow klass base: 0x0000000000000000, Narrow klass shift: 3, Narrow klass range: 0x140000000

GC Precious Log:
 CPUs: 8 total, 8 available
 Memory: 8075M
 Large Page Support: Disabled
 NUMA Support: Disabled
 Compressed Oops: Enabled (32-bit)
 Heap Region Size: 1M
 Heap Min Capacity: 8M
 Heap Initial Capacity: 128M
 Heap Max Capacity: 2020M
 Pre-touch: Disabled
 Parallel Workers: 8
 Concurrent Workers: 2
 Concurrent Refinement Workers: 8
 Periodic GC: Disabled

Heap:
 garbage-first heap   total 180224K, used 121447K [0x0000000081c00000, 0x0000000100000000)
  region size 1024K, 3 young (3072K), 3 survivors (3072K)
 Metaspace       used 79297K, committed 79680K, reserved 1179648K
  class space    used 8742K, committed 8960K, reserved 1048576K

Heap Regions: E=young(eden), S=young(survivor), O=old, HS=humongous(starts), HC=humongous(continues), CS=collection set, F=free, OA=open archive, CA=closed archive, TAMS=top-at-mark-start (previous, next)
|   0|0x0000000081c00000, 0x0000000081d00000, 0x0000000081d00000|100%|HS|  |TAMS 0x0000000081d00000, 0x0000000081c00000| Complete 
|   1|0x0000000081d00000, 0x0000000081e00000, 0x0000000081e00000|100%|HC|  |TAMS 0x0000000081e00000, 0x0000000081d00000| Complete 
|   2|0x0000000081e00000, 0x0000000081f00000, 0x0000000081f00000|100%|HC|  |TAMS 0x0000000081f00000, 0x0000000081e00000| Complete 
|   3|0x0000000081f00000, 0x0000000082000000, 0x0000000082000000|100%|HC|  |TAMS 0x0000000082000000, 0x0000000081f00000| Complete 
|   4|0x0000000082000000, 0x0000000082100000, 0x0000000082100000|100%| O|  |TAMS 0x0000000082100000, 0x0000000082000000| Untracked 
|   5|0x0000000082100000, 0x0000000082200000, 0x0000000082200000|100%| O|  |TAMS 0x0000000082200000, 0x0000000082100000| Untracked 
|   6|0x0000000082200000, 0x0000000082300000, 0x0000000082300000|100%| O|  |TAMS 0x0000000082300000, 0x0000000082200000| Untracked 
|   7|0x0000000082300000, 0x0000000082400000, 0x0000000082400000|100%| O|  |TAMS 0x0000000082400000, 0x0000000082300000| Untracked 
|   8|0x0000000082400000, 0x0000000082500000, 0x0000000082500000|100%| O|  |TAMS 0x0000000082500000, 0x0000000082400000| Untracked 
|   9|0x0000000082500000, 0x0000000082600000, 0x0000000082600000|100%| O|  |TAMS 0x0000000082600000, 0x0000000082500000| Untracked 
|  10|0x0000000082600000, 0x0000000082700000, 0x0000000082700000|100%| O|  |TAMS 0x0000000082600000, 0x0000000082600000| Untracked 
|  11|0x0000000082700000, 0x0000000082800000, 0x0000000082800000|100%| O|  |TAMS 0x0000000082800000, 0x0000000082700000| Untracked 
|  12|0x0000000082800000, 0x0000000082900000, 0x0000000082900000|100%| O|  |TAMS 0x0000000082900000, 0x0000000082800000| Untracked 
|  13|0x0000000082900000, 0x0000000082a00000, 0x0000000082a00000|100%| O|  |TAMS 0x0000000082a00000, 0x0000000082900000| Untracked 
|  14|0x0000000082a00000, 0x0000000082b00000, 0x0000000082b00000|100%| O|  |TAMS 0x0000000082b00000, 0x0000000082a00000| Untracked 
|  15|0x0000000082b00000, 0x0000000082c00000, 0x0000000082c00000|100%| O|  |TAMS 0x0000000082c00000, 0x0000000082b00000| Untracked 
|  16|0x0000000082c00000, 0x0000000082d00000, 0x0000000082d00000|100%| O|  |TAMS 0x0000000082d00000, 0x0000000082c00000| Untracked 
|  17|0x0000000082d00000, 0x0000000082e00000, 0x0000000082e00000|100%| O|  |TAMS 0x0000000082e00000, 0x0000000082d00000| Untracked 
|  18|0x0000000082e00000, 0x0000000082f00000, 0x0000000082f00000|100%| O|  |TAMS 0x0000000082e00000, 0x0000000082e00000| Untracked 
|  19|0x0000000082f00000, 0x0000000083000000, 0x0000000083000000|100%| O|  |TAMS 0x0000000083000000, 0x0000000082f00000| Untracked 
|  20|0x0000000083000000, 0x0000000083100000, 0x0000000083100000|100%| O|  |TAMS 0x0000000083100000, 0x0000000083000000| Untracked 
|  21|0x0000000083100000, 0x0000000083200000, 0x0000000083200000|100%| O|  |TAMS 0x0000000083200000, 0x0000000083100000| Untracked 
|  22|0x0000000083200000, 0x0000000083300000, 0x0000000083300000|100%| O|  |TAMS 0x0000000083300000, 0x0000000083200000| Untracked 
|  23|0x0000000083300000, 0x0000000083400000, 0x0000000083400000|100%| O|  |TAMS 0x0000000083400000, 0x0000000083300000| Untracked 
|  24|0x0000000083400000, 0x0000000083500000, 0x0000000083500000|100%|HS|  |TAMS 0x0000000083500000, 0x0000000083400000| Complete 
|  25|0x0000000083500000, 0x0000000083600000, 0x0000000083600000|100%|HC|  |TAMS 0x0000000083600000, 0x0000000083500000| Complete 
|  26|0x0000000083600000, 0x0000000083700000, 0x0000000083700000|100%| O|  |TAMS 0x0000000083700000, 0x0000000083600000| Untracked 
|  27|0x0000000083700000, 0x0000000083800000, 0x0000000083800000|100%| O|  |TAMS 0x0000000083800000, 0x0000000083700000| Untracked 
|  28|0x0000000083800000, 0x0000000083900000, 0x0000000083900000|100%| O|  |TAMS 0x0000000083900000, 0x0000000083800000| Untracked 
|  29|0x0000000083900000, 0x0000000083a00000, 0x0000000083a00000|100%| O|  |TAMS 0x0000000083a00000, 0x0000000083900000| Untracked 
|  30|0x0000000083a00000, 0x0000000083b00000, 0x0000000083b00000|100%| O|  |TAMS 0x0000000083b00000, 0x0000000083a00000| Untracked 
|  31|0x0000000083b00000, 0x0000000083c00000, 0x0000000083c00000|100%| O|  |TAMS 0x0000000083c00000, 0x0000000083b00000| Untracked 
|  32|0x0000000083c00000, 0x0000000083d00000, 0x0000000083d00000|100%| O|  |TAMS 0x0000000083d00000, 0x0000000083c00000| Untracked 
|  33|0x0000000083d00000, 0x0000000083e00000, 0x0000000083e00000|100%| O|  |TAMS 0x0000000083e00000, 0x0000000083d00000| Untracked 
|  34|0x0000000083e00000, 0x0000000083f00000, 0x0000000083f00000|100%| O|  |TAMS 0x0000000083f00000, 0x0000000083e00000| Untracked 
|  35|0x0000000083f00000, 0x0000000084000000, 0x0000000084000000|100%| O|  |TAMS 0x0000000084000000, 0x0000000083f00000| Untracked 
|  36|0x0000000084000000, 0x0000000084100000, 0x0000000084100000|100%| O|  |TAMS 0x0000000084100000, 0x0000000084000000| Untracked 
|  37|0x0000000084100000, 0x0000000084200000, 0x0000000084200000|100%| O|  |TAMS 0x0000000084200000, 0x0000000084100000| Untracked 
|  38|0x0000000084200000, 0x0000000084300000, 0x0000000084300000|100%| O|  |TAMS 0x0000000084300000, 0x0000000084200000| Untracked 
|  39|0x0000000084300000, 0x0000000084400000, 0x0000000084400000|100%| O|  |TAMS 0x0000000084400000, 0x0000000084300000| Untracked 
|  40|0x0000000084400000, 0x0000000084500000, 0x0000000084500000|100%| O|  |TAMS 0x0000000084500000, 0x0000000084400000| Untracked 
|  41|0x0000000084500000, 0x0000000084600000, 0x0000000084600000|100%| O|  |TAMS 0x0000000084600000, 0x0000000084500000| Untracked 
|  42|0x0000000084600000, 0x0000000084700000, 0x0000000084700000|100%| O|  |TAMS 0x0000000084700000, 0x0000000084600000| Untracked 
|  43|0x0000000084700000, 0x0000000084800000, 0x0000000084800000|100%| O|  |TAMS 0x0000000084800000, 0x0000000084700000| Untracked 
|  44|0x0000000084800000, 0x0000000084900000, 0x0000000084900000|100%| O|  |TAMS 0x0000000084900000, 0x0000000084800000| Untracked 
|  45|0x0000000084900000, 0x0000000084a00000, 0x0000000084a00000|100%| O|  |TAMS 0x0000000084a00000, 0x0000000084900000| Untracked 
|  46|0x0000000084a00000, 0x0000000084b00000, 0x0000000084b00000|100%| O|  |TAMS 0x0000000084b00000, 0x0000000084a00000| Untracked 
|  47|0x0000000084b00000, 0x0000000084c00000, 0x0000000084c00000|100%| O|  |TAMS 0x0000000084c00000, 0x0000000084b00000| Untracked 
|  48|0x0000000084c00000, 0x0000000084d00000, 0x0000000084d00000|100%| O|  |TAMS 0x0000000084c58400, 0x0000000084c00000| Untracked 
|  49|0x0000000084d00000, 0x0000000084d00000, 0x0000000084e00000|  0%| F|  |TAMS 0x0000000084d00000, 0x0000000084d00000| Untracked 
|  50|0x0000000084e00000, 0x0000000084e00000, 0x0000000084f00000|  0%| F|  |TAMS 0x0000000084e00000, 0x0000000084e00000| Untracked 
|  51|0x0000000084f00000, 0x0000000085000000, 0x0000000085000000|100%| O|  |TAMS 0x0000000084f00000, 0x0000000084f00000| Untracked 
|  52|0x0000000085000000, 0x0000000085100000, 0x0000000085100000|100%| O|  |TAMS 0x0000000085000000, 0x0000000085000000| Untracked 
|  53|0x0000000085100000, 0x0000000085200000, 0x0000000085200000|100%| O|  |TAMS 0x0000000085100000, 0x0000000085100000| Untracked 
|  54|0x0000000085200000, 0x0000000085300000, 0x0000000085300000|100%| O|  |TAMS 0x0000000085200000, 0x0000000085200000| Untracked 
|  55|0x0000000085300000, 0x0000000085400000, 0x0000000085400000|100%| O|  |TAMS 0x0000000085300000, 0x0000000085300000| Untracked 
|  56|0x0000000085400000, 0x0000000085500000, 0x0000000085500000|100%| O|  |TAMS 0x0000000085400000, 0x0000000085400000| Untracked 
|  57|0x0000000085500000, 0x0000000085600000, 0x0000000085600000|100%| O|  |TAMS 0x0000000085500000, 0x0000000085500000| Untracked 
|  58|0x0000000085600000, 0x0000000085700000, 0x0000000085700000|100%| O|  |TAMS 0x0000000085600000, 0x0000000085600000| Untracked 
|  59|0x0000000085700000, 0x0000000085800000, 0x0000000085800000|100%| O|  |TAMS 0x0000000085700000, 0x0000000085700000| Untracked 
|  60|0x0000000085800000, 0x0000000085900000, 0x0000000085900000|100%| O|  |TAMS 0x0000000085800000, 0x0000000085800000| Untracked 
|  61|0x0000000085900000, 0x0000000085a00000, 0x0000000085a00000|100%| O|  |TAMS 0x0000000085900000, 0x0000000085900000| Untracked 
|  62|0x0000000085a00000, 0x0000000085b00000, 0x0000000085b00000|100%| O|  |TAMS 0x0000000085a00000, 0x0000000085a00000| Untracked 
|  63|0x0000000085b00000, 0x0000000085c00000, 0x0000000085c00000|100%| O|  |TAMS 0x0000000085b00000, 0x0000000085b00000| Untracked 
|  64|0x0000000085c00000, 0x0000000085d00000, 0x0000000085d00000|100%| O|  |TAMS 0x0000000085c00000, 0x0000000085c00000| Untracked 
|  65|0x0000000085d00000, 0x0000000085e00000, 0x0000000085e00000|100%| O|  |TAMS 0x0000000085d00000, 0x0000000085d00000| Untracked 
|  66|0x0000000085e00000, 0x0000000085f00000, 0x0000000085f00000|100%| O|  |TAMS 0x0000000085e00000, 0x0000000085e00000| Untracked 
|  67|0x0000000085f00000, 0x0000000086000000, 0x0000000086000000|100%| O|  |TAMS 0x0000000085f00000, 0x0000000085f00000| Untracked 
|  68|0x0000000086000000, 0x0000000086100000, 0x0000000086100000|100%| O|  |TAMS 0x0000000086000000, 0x0000000086000000| Untracked 
|  69|0x0000000086100000, 0x0000000086200000, 0x0000000086200000|100%| O|  |TAMS 0x0000000086100000, 0x0000000086100000| Untracked 
|  70|0x0000000086200000, 0x0000000086300000, 0x0000000086300000|100%|HS|  |TAMS 0x0000000086200000, 0x0000000086200000| Complete 
|  71|0x0000000086300000, 0x0000000086400000, 0x0000000086400000|100%|HC|  |TAMS 0x0000000086300000, 0x0000000086300000| Complete 
|  72|0x0000000086400000, 0x0000000086500000, 0x0000000086500000|100%| O|  |TAMS 0x0000000086400000, 0x0000000086400000| Untracked 
|  73|0x0000000086500000, 0x0000000086600000, 0x0000000086600000|100%| O|  |TAMS 0x0000000086500000, 0x0000000086500000| Untracked 
|  74|0x0000000086600000, 0x0000000086700000, 0x0000000086700000|100%| O|  |TAMS 0x0000000086600000, 0x0000000086600000| Untracked 
|  75|0x0000000086700000, 0x0000000086800000, 0x0000000086800000|100%| O|  |TAMS 0x0000000086700000, 0x0000000086700000| Untracked 
|  76|0x0000000086800000, 0x0000000086900000, 0x0000000086900000|100%| O|  |TAMS 0x0000000086800000, 0x0000000086800000| Untracked 
|  77|0x0000000086900000, 0x0000000086a00000, 0x0000000086a00000|100%| O|  |TAMS 0x0000000086900000, 0x0000000086900000| Untracked 
|  78|0x0000000086a00000, 0x0000000086b00000, 0x0000000086b00000|100%| O|  |TAMS 0x0000000086a00000, 0x0000000086a00000| Untracked 
|  79|0x0000000086b00000, 0x0000000086c00000, 0x0000000086c00000|100%| O|  |TAMS 0x0000000086b00000, 0x0000000086b00000| Untracked 
|  80|0x0000000086c00000, 0x0000000086d00000, 0x0000000086d00000|100%| O|  |TAMS 0x0000000086c00000, 0x0000000086c00000| Untracked 
|  81|0x0000000086d00000, 0x0000000086e00000, 0x0000000086e00000|100%| O|  |TAMS 0x0000000086d00000, 0x0000000086d00000| Untracked 
|  82|0x0000000086e00000, 0x0000000086f00000, 0x0000000086f00000|100%| O|  |TAMS 0x0000000086e00000, 0x0000000086e00000| Untracked 
|  83|0x0000000086f00000, 0x0000000087000000, 0x0000000087000000|100%| O|  |TAMS 0x0000000086f00000, 0x0000000086f00000| Untracked 
|  84|0x0000000087000000, 0x0000000087100000, 0x0000000087100000|100%| O|  |TAMS 0x0000000087000000, 0x0000000087000000| Untracked 
|  85|0x0000000087100000, 0x0000000087200000, 0x0000000087200000|100%| O|  |TAMS 0x0000000087100000, 0x0000000087100000| Untracked 
|  86|0x0000000087200000, 0x0000000087300000, 0x0000000087300000|100%| O|  |TAMS 0x0000000087200000, 0x0000000087200000| Untracked 
|  87|0x0000000087300000, 0x0000000087400000, 0x0000000087400000|100%| O|  |TAMS 0x0000000087300000, 0x0000000087300000| Untracked 
|  88|0x0000000087400000, 0x0000000087500000, 0x0000000087500000|100%| O|  |TAMS 0x0000000087400000, 0x0000000087400000| Untracked 
|  89|0x0000000087500000, 0x0000000087600000, 0x0000000087600000|100%| O|  |TAMS 0x0000000087500000, 0x0000000087500000| Untracked 
|  90|0x0000000087600000, 0x0000000087700000, 0x0000000087700000|100%| O|  |TAMS 0x0000000087600000, 0x0000000087600000| Untracked 
|  91|0x0000000087700000, 0x0000000087800000, 0x0000000087800000|100%| O|  |TAMS 0x0000000087700000, 0x0000000087700000| Untracked 
|  92|0x0000000087800000, 0x0000000087900000, 0x0000000087900000|100%| O|  |TAMS 0x0000000087800000, 0x0000000087800000| Untracked 
|  93|0x0000000087900000, 0x0000000087a00000, 0x0000000087a00000|100%| O|  |TAMS 0x0000000087900000, 0x0000000087900000| Untracked 
|  94|0x0000000087a00000, 0x0000000087b00000, 0x0000000087b00000|100%| O|  |TAMS 0x0000000087a00000, 0x0000000087a00000| Untracked 
|  95|0x0000000087b00000, 0x0000000087c00000, 0x0000000087c00000|100%| O|  |TAMS 0x0000000087b00000, 0x0000000087b00000| Untracked 
|  96|0x0000000087c00000, 0x0000000087d00000, 0x0000000087d00000|100%| O|  |TAMS 0x0000000087c00000, 0x0000000087c00000| Untracked 
|  97|0x0000000087d00000, 0x0000000087e00000, 0x0000000087e00000|100%| O|  |TAMS 0x0000000087d00000, 0x0000000087d00000| Untracked 
|  98|0x0000000087e00000, 0x0000000087f00000, 0x0000000087f00000|100%| O|  |TAMS 0x0000000087e00000, 0x0000000087e00000| Untracked 
|  99|0x0000000087f00000, 0x0000000088000000, 0x0000000088000000|100%| O|  |TAMS 0x0000000087f00000, 0x0000000087f00000| Untracked 
| 100|0x0000000088000000, 0x0000000088100000, 0x0000000088100000|100%| O|  |TAMS 0x0000000088000000, 0x0000000088000000| Untracked 
| 101|0x0000000088100000, 0x0000000088200000, 0x0000000088200000|100%| O|  |TAMS 0x0000000088100000, 0x0000000088100000| Untracked 
| 102|0x0000000088200000, 0x0000000088300000, 0x0000000088300000|100%| O|  |TAMS 0x0000000088200000, 0x0000000088200000| Untracked 
| 103|0x0000000088300000, 0x0000000088400000, 0x0000000088400000|100%| O|  |TAMS 0x0000000088300000, 0x0000000088300000| Untracked 
| 104|0x0000000088400000, 0x0000000088500000, 0x0000000088500000|100%| O|  |TAMS 0x0000000088400000, 0x0000000088400000| Untracked 
| 105|0x0000000088500000, 0x0000000088600000, 0x0000000088600000|100%| O|  |TAMS 0x0000000088500000, 0x0000000088500000| Untracked 
| 106|0x0000000088600000, 0x0000000088700000, 0x0000000088700000|100%| O|  |TAMS 0x0000000088600000, 0x0000000088600000| Untracked 
| 107|0x0000000088700000, 0x0000000088800000, 0x0000000088800000|100%| O|  |TAMS 0x0000000088700000, 0x0000000088700000| Untracked 
| 108|0x0000000088800000, 0x0000000088900000, 0x0000000088900000|100%| O|  |TAMS 0x0000000088800000, 0x0000000088800000| Untracked 
| 109|0x0000000088900000, 0x0000000088a00000, 0x0000000088a00000|100%| O|  |TAMS 0x0000000088900000, 0x0000000088900000| Untracked 
| 110|0x0000000088a00000, 0x0000000088b00000, 0x0000000088b00000|100%| O|  |TAMS 0x0000000088a00000, 0x0000000088a00000| Untracked 
| 111|0x0000000088b00000, 0x0000000088c00000, 0x0000000088c00000|100%| O|  |TAMS 0x0000000088b00000, 0x0000000088b00000| Untracked 
| 112|0x0000000088c00000, 0x0000000088d00000, 0x0000000088d00000|100%| O|  |TAMS 0x0000000088c00000, 0x0000000088c00000| Untracked 
| 113|0x0000000088d00000, 0x0000000088e00000, 0x0000000088e00000|100%| O|  |TAMS 0x0000000088d00000, 0x0000000088d00000| Untracked 
| 114|0x0000000088e00000, 0x0000000088f00000, 0x0000000088f00000|100%| O|  |TAMS 0x0000000088e00000, 0x0000000088e00000| Untracked 
| 115|0x0000000088f00000, 0x0000000089000000, 0x0000000089000000|100%| O|  |TAMS 0x0000000088f00000, 0x0000000088f00000| Untracked 
| 116|0x0000000089000000, 0x0000000089100000, 0x0000000089100000|100%| O|  |TAMS 0x0000000089000000, 0x0000000089000000| Untracked 
| 117|0x0000000089100000, 0x0000000089200000, 0x0000000089200000|100%| O|  |TAMS 0x0000000089100000, 0x0000000089100000| Untracked 
| 118|0x0000000089200000, 0x0000000089200000, 0x0000000089300000|  0%| F|  |TAMS 0x0000000089200000, 0x0000000089200000| Untracked 
| 119|0x0000000089300000, 0x0000000089300000, 0x0000000089400000|  0%| F|  |TAMS 0x0000000089300000, 0x0000000089300000| Untracked 
| 120|0x0000000089400000, 0x0000000089400000, 0x0000000089500000|  0%| F|  |TAMS 0x0000000089400000, 0x0000000089400000| Untracked 
| 121|0x0000000089500000, 0x0000000089500000, 0x0000000089600000|  0%| F|  |TAMS 0x0000000089500000, 0x0000000089500000| Untracked 
| 122|0x0000000089600000, 0x0000000089600000, 0x0000000089700000|  0%| F|  |TAMS 0x0000000089600000, 0x0000000089600000| Untracked 
| 123|0x0000000089700000, 0x0000000089700000, 0x0000000089800000|  0%| F|  |TAMS 0x0000000089700000, 0x0000000089700000| Untracked 
| 124|0x0000000089800000, 0x0000000089800000, 0x0000000089900000|  0%| F|  |TAMS 0x0000000089800000, 0x0000000089800000| Untracked 
| 125|0x0000000089900000, 0x0000000089900000, 0x0000000089a00000|  0%| F|  |TAMS 0x0000000089900000, 0x0000000089900000| Untracked 
| 126|0x0000000089a00000, 0x0000000089a00000, 0x0000000089b00000|  0%| F|  |TAMS 0x0000000089a00000, 0x0000000089a00000| Untracked 
| 127|0x0000000089b00000, 0x0000000089b00000, 0x0000000089c00000|  0%| F|  |TAMS 0x0000000089b00000, 0x0000000089b00000| Untracked 
| 128|0x0000000089c00000, 0x0000000089c00000, 0x0000000089d00000|  0%| F|  |TAMS 0x0000000089c00000, 0x0000000089c00000| Untracked 
| 129|0x0000000089d00000, 0x0000000089d00000, 0x0000000089e00000|  0%| F|  |TAMS 0x0000000089d00000, 0x0000000089d00000| Untracked 
| 130|0x0000000089e00000, 0x0000000089e00000, 0x0000000089f00000|  0%| F|  |TAMS 0x0000000089e00000, 0x0000000089e00000| Untracked 
| 131|0x0000000089f00000, 0x0000000089f00000, 0x000000008a000000|  0%| F|  |TAMS 0x0000000089f00000, 0x0000000089f00000| Untracked 
| 132|0x000000008a000000, 0x000000008a000000, 0x000000008a100000|  0%| F|  |TAMS 0x000000008a000000, 0x000000008a000000| Untracked 
| 133|0x000000008a100000, 0x000000008a100000, 0x000000008a200000|  0%| F|  |TAMS 0x000000008a100000, 0x000000008a100000| Untracked 
| 134|0x000000008a200000, 0x000000008a200000, 0x000000008a300000|  0%| F|  |TAMS 0x000000008a200000, 0x000000008a200000| Untracked 
| 135|0x000000008a300000, 0x000000008a300000, 0x000000008a400000|  0%| F|  |TAMS 0x000000008a300000, 0x000000008a300000| Untracked 
| 136|0x000000008a400000, 0x000000008a400000, 0x000000008a500000|  0%| F|  |TAMS 0x000000008a400000, 0x000000008a400000| Untracked 
| 137|0x000000008a500000, 0x000000008a500000, 0x000000008a600000|  0%| F|  |TAMS 0x000000008a500000, 0x000000008a500000| Untracked 
| 138|0x000000008a600000, 0x000000008a600000, 0x000000008a700000|  0%| F|  |TAMS 0x000000008a600000, 0x000000008a600000| Untracked 
| 139|0x000000008a700000, 0x000000008a700000, 0x000000008a800000|  0%| F|  |TAMS 0x000000008a700000, 0x000000008a700000| Untracked 
| 140|0x000000008a800000, 0x000000008a800000, 0x000000008a900000|  0%| F|  |TAMS 0x000000008a800000, 0x000000008a800000| Untracked 
| 141|0x000000008a900000, 0x000000008a900000, 0x000000008aa00000|  0%| F|  |TAMS 0x000000008a900000, 0x000000008a900000| Untracked 
| 142|0x000000008aa00000, 0x000000008aa00000, 0x000000008ab00000|  0%| F|  |TAMS 0x000000008aa00000, 0x000000008aa00000| Untracked 
| 143|0x000000008ab00000, 0x000000008ab00000, 0x000000008ac00000|  0%| F|  |TAMS 0x000000008ab00000, 0x000000008ab00000| Untracked 
| 144|0x000000008ac00000, 0x000000008ac00000, 0x000000008ad00000|  0%| F|  |TAMS 0x000000008ac00000, 0x000000008ac00000| Untracked 
| 145|0x000000008ad00000, 0x000000008ad99c00, 0x000000008ae00000| 60%| S|CS|TAMS 0x000000008ad00000, 0x000000008ad00000| Complete 
| 146|0x000000008ae00000, 0x000000008af00000, 0x000000008af00000|100%| S|CS|TAMS 0x000000008ae00000, 0x000000008ae00000| Complete 
| 147|0x000000008af00000, 0x000000008b000000, 0x000000008b000000|100%| S|CS|TAMS 0x000000008af00000, 0x000000008af00000| Complete 
| 148|0x000000008b000000, 0x000000008b000000, 0x000000008b100000|  0%| F|  |TAMS 0x000000008b000000, 0x000000008b000000| Untracked 
| 149|0x000000008b100000, 0x000000008b100000, 0x000000008b200000|  0%| F|  |TAMS 0x000000008b100000, 0x000000008b100000| Untracked 
| 150|0x000000008b200000, 0x000000008b200000, 0x000000008b300000|  0%| F|  |TAMS 0x000000008b200000, 0x000000008b200000| Untracked 
| 151|0x000000008b300000, 0x000000008b300000, 0x000000008b400000|  0%| F|  |TAMS 0x000000008b300000, 0x000000008b300000| Untracked 
| 152|0x000000008b400000, 0x000000008b400000, 0x000000008b500000|  0%| F|  |TAMS 0x000000008b400000, 0x000000008b400000| Untracked 
| 153|0x000000008b500000, 0x000000008b500000, 0x000000008b600000|  0%| F|  |TAMS 0x000000008b500000, 0x000000008b500000| Untracked 
| 154|0x000000008b600000, 0x000000008b600000, 0x000000008b700000|  0%| F|  |TAMS 0x000000008b600000, 0x000000008b600000| Untracked 
| 155|0x000000008b700000, 0x000000008b700000, 0x000000008b800000|  0%| F|  |TAMS 0x000000008b700000, 0x000000008b700000| Untracked 
| 156|0x000000008b800000, 0x000000008b800000, 0x000000008b900000|  0%| F|  |TAMS 0x000000008b800000, 0x000000008b800000| Untracked 
| 157|0x000000008b900000, 0x000000008b900000, 0x000000008ba00000|  0%| F|  |TAMS 0x000000008b900000, 0x000000008b900000| Untracked 
| 158|0x000000008ba00000, 0x000000008ba00000, 0x000000008bb00000|  0%| F|  |TAMS 0x000000008ba00000, 0x000000008ba00000| Untracked 
| 159|0x000000008bb00000, 0x000000008bb00000, 0x000000008bc00000|  0%| F|  |TAMS 0x000000008bb00000, 0x000000008bb00000| Untracked 
| 160|0x000000008bc00000, 0x000000008bc00000, 0x000000008bd00000|  0%| F|  |TAMS 0x000000008bc00000, 0x000000008bc00000| Untracked 
| 161|0x000000008bd00000, 0x000000008bd00000, 0x000000008be00000|  0%| F|  |TAMS 0x000000008bd00000, 0x000000008bd00000| Untracked 
| 162|0x000000008be00000, 0x000000008be00000, 0x000000008bf00000|  0%| F|  |TAMS 0x000000008be00000, 0x000000008be00000| Untracked 
| 163|0x000000008bf00000, 0x000000008bf00000, 0x000000008c000000|  0%| F|  |TAMS 0x000000008bf00000, 0x000000008bf00000| Untracked 
| 164|0x000000008c000000, 0x000000008c000000, 0x000000008c100000|  0%| F|  |TAMS 0x000000008c000000, 0x000000008c000000| Untracked 
| 165|0x000000008c100000, 0x000000008c100000, 0x000000008c200000|  0%| F|  |TAMS 0x000000008c100000, 0x000000008c100000| Untracked 
| 166|0x000000008c200000, 0x000000008c200000, 0x000000008c300000|  0%| F|  |TAMS 0x000000008c200000, 0x000000008c200000| Untracked 
| 167|0x000000008c300000, 0x000000008c300000, 0x000000008c400000|  0%| F|  |TAMS 0x000000008c300000, 0x000000008c300000| Untracked 
| 168|0x000000008c400000, 0x000000008c400000, 0x000000008c500000|  0%| F|  |TAMS 0x000000008c400000, 0x000000008c400000| Untracked 
| 169|0x000000008c500000, 0x000000008c500000, 0x000000008c600000|  0%| F|  |TAMS 0x000000008c500000, 0x000000008c500000| Untracked 
| 170|0x000000008c600000, 0x000000008c600000, 0x000000008c700000|  0%| F|  |TAMS 0x000000008c600000, 0x000000008c600000| Untracked 
| 171|0x000000008c700000, 0x000000008c700000, 0x000000008c800000|  0%| F|  |TAMS 0x000000008c700000, 0x000000008c700000| Untracked 
| 172|0x000000008c800000, 0x000000008c800000, 0x000000008c900000|  0%| F|  |TAMS 0x000000008c800000, 0x000000008c800000| Untracked 
| 173|0x000000008c900000, 0x000000008c900000, 0x000000008ca00000|  0%| F|  |TAMS 0x000000008c900000, 0x000000008c900000| Untracked 
| 174|0x000000008ca00000, 0x000000008ca00000, 0x000000008cb00000|  0%| F|  |TAMS 0x000000008ca00000, 0x000000008ca00000| Untracked 
| 175|0x000000008cb00000, 0x000000008cb00000, 0x000000008cc00000|  0%| F|  |TAMS 0x000000008cb00000, 0x000000008cb00000| Untracked 

Card table byte_map: [0x0000023bd1b40000,0x0000023bd1f40000] _byte_map_base: 0x0000023bd1732000

Marking Bits (Prev, Next): (CMBitMap*) 0x0000023bbd077890, (CMBitMap*) 0x0000023bbd077850
 Prev Bits: [0x0000023bd42d0000, 0x0000023bd6260000)
 Next Bits: [0x0000023bd2340000, 0x0000023bd42d0000)

Polling page: 0x0000023bbd0e0000

Metaspace:

Usage:
  Non-class:     68.90 MB used.
      Class:      8.54 MB used.
       Both:     77.44 MB used.

Virtual space:
  Non-class space:      128.00 MB reserved,      69.06 MB ( 54%) committed,  2 nodes.
      Class space:        1.00 GB reserved,       8.75 MB ( <1%) committed,  1 nodes.
             Both:        1.12 GB reserved,      77.81 MB (  7%) committed. 

Chunk freelists:
   Non-Class:  10.64 MB
       Class:  7.30 MB
        Both:  17.94 MB

MaxMetaspaceSize: unlimited
CompressedClassSpaceSize: 1.00 GB
Initial GC threshold: 21.00 MB
Current GC threshold: 93.75 MB
CDS: off
MetaspaceReclaimPolicy: balanced
 - commit_granule_bytes: 65536.
 - commit_granule_words: 8192.
 - virtual_space_node_default_size: 8388608.
 - enlarge_chunks_in_place: 1.
 - new_chunks_are_fully_committed: 0.
 - uncommit_free_chunks: 1.
 - use_allocation_guard: 0.
 - handle_deallocations: 1.


Internal statistics:

num_allocs_failed_limit: 6.
num_arena_births: 468.
num_arena_deaths: 0.
num_vsnodes_births: 3.
num_vsnodes_deaths: 0.
num_space_committed: 1243.
num_space_uncommitted: 0.
num_chunks_returned_to_freelist: 6.
num_chunks_taken_from_freelist: 3134.
num_chunk_merges: 6.
num_chunk_splits: 2471.
num_chunks_enlarged: 2089.
num_inconsistent_stats: 0.

CodeHeap 'non-profiled nmethods': size=120000Kb used=8153Kb max_used=8166Kb free=111847Kb
 bounds [0x0000023bc97a0000, 0x0000023bc9fa0000, 0x0000023bd0cd0000]
CodeHeap 'profiled nmethods': size=120000Kb used=35193Kb max_used=35700Kb free=84806Kb
 bounds [0x0000023bc1cd0000, 0x0000023bc3fe0000, 0x0000023bc9200000]
CodeHeap 'non-nmethods': size=5760Kb used=1395Kb max_used=1515Kb free=4364Kb
 bounds [0x0000023bc9200000, 0x0000023bc9470000, 0x0000023bc97a0000]
 total_blobs=13216 nmethods=12493 adapters=632
 compilation: enabled
              stopped_count=0, restarted_count=0
 full_count=0

Compilation events (20 events):
Event: 26.665 Thread 0x0000023bdd05f410 nmethod 15507 0x0000023bc3b2b590 code [0x0000023bc3b2ba80, 0x0000023bc3b2e028]
Event: 26.665 Thread 0x0000023bdd05f410 15508       1       org.jetbrains.kotlin.backend.jvm.JvmBackendContext::getIr (5 bytes)
Event: 26.665 Thread 0x0000023bdd05f410 nmethod 15508 0x0000023bc9cc7490 code [0x0000023bc9cc7620, 0x0000023bc9cc76f8]
Event: 26.665 Thread 0x0000023bdd05f410 15509       1       org.jetbrains.kotlin.backend.jvm.JvmBackendContext$JvmIr::getSymbols (5 bytes)
Event: 26.665 Thread 0x0000023bdd05f410 nmethod 15509 0x0000023bc9cc7190 code [0x0000023bc9cc7320, 0x0000023bc9cc73f8]
Event: 26.667 Thread 0x0000023bdd05f410 15510       3       org.jetbrains.kotlin.backend.common.ClassLoweringVisitor::visitWhen (13 bytes)
Event: 26.668 Thread 0x0000023bdd05f410 nmethod 15510 0x0000023bc3178f10 code [0x0000023bc3179200, 0x0000023bc317a088]
Event: 26.668 Thread 0x0000023bdd05f410 15511       3       org.jetbrains.kotlin.backend.common.ClassLoweringVisitor::visitWhen (7 bytes)
Event: 26.669 Thread 0x0000023bdd05f410 nmethod 15511 0x0000023bc3b29f90 code [0x0000023bc3b2a280, 0x0000023bc3b2afc8]
Event: 26.669 Thread 0x0000023bdd05f410 15512       3       org.jetbrains.kotlin.backend.common.ClassLoweringVisitor::visitWhen (6 bytes)
Event: 26.670 Thread 0x0000023bdd05f410 nmethod 15512 0x0000023bc3177810 code [0x0000023bc3177b20, 0x0000023bc31789a8]
Event: 26.670 Thread 0x0000023bdd05f410 15514       3       org.jetbrains.kotlin.ir.types.IrTypeUtilsKt::isStrictSubtypeOfClass (97 bytes)
Event: 26.670 Thread 0x0000023bdd05f410 nmethod 15514 0x0000023bc346f610 code [0x0000023bc346f940, 0x0000023bc3470c38]
Event: 26.670 Thread 0x0000023bdd05f410 15513       3       org.jetbrains.kotlin.ir.types.IrTypeUtilsKt::superTypes (62 bytes)
Event: 26.671 Thread 0x0000023bdd05f410 nmethod 15513 0x0000023bc346e010 code [0x0000023bc346e2c0, 0x0000023bc346f278]
Event: 26.671 Thread 0x0000023bdd05f410 15515       3       org.jetbrains.kotlin.ir.types.IrTypeUtilsKt::isSubtypeOfClass (39 bytes)
Event: 26.672 Thread 0x0000023bdd05f410 nmethod 15515 0x0000023bc346cc90 code [0x0000023bc346cf40, 0x0000023bc346dbe8]
Event: 26.672 Thread 0x0000023bdd05f410 15516       3       org.jetbrains.kotlin.ir.types.IrTypeUtilsKt::isSubtypeOfClass (40 bytes)
Event: 26.673 Thread 0x0000023bdd05f410 nmethod 15516 0x0000023bc313d990 code [0x0000023bc313dc40, 0x0000023bc313e838]
Event: 26.673 Thread 0x0000023bdd05f410 15518       3       org.jetbrains.kotlin.ir.visitors.IrElementTransformerVoid::visitConstructorCall (16 bytes)

GC Heap History (20 events):
Event: 11.225 GC heap after
{Heap after GC invocations=25 (full 0):
 garbage-first heap   total 180224K, used 61655K [0x0000000081c00000, 0x0000000100000000)
  region size 1024K, 2 young (2048K), 2 survivors (2048K)
 Metaspace       used 57807K, committed 58112K, reserved 1114112K
  class space    used 6778K, committed 6912K, reserved 1048576K
}
Event: 12.526 GC heap before
{Heap before GC invocations=25 (full 0):
 garbage-first heap   total 180224K, used 132311K [0x0000000081c00000, 0x0000000100000000)
  region size 1024K, 71 young (72704K), 2 survivors (2048K)
 Metaspace       used 59033K, committed 59328K, reserved 1114112K
  class space    used 6826K, committed 6976K, reserved 1048576K
}
Event: 12.536 GC heap after
{Heap after GC invocations=26 (full 0):
 garbage-first heap   total 180224K, used 70397K [0x0000000081c00000, 0x0000000100000000)
  region size 1024K, 9 young (9216K), 9 survivors (9216K)
 Metaspace       used 59033K, committed 59328K, reserved 1114112K
  class space    used 6826K, committed 6976K, reserved 1048576K
}
Event: 14.600 GC heap before
{Heap before GC invocations=26 (full 0):
 garbage-first heap   total 180224K, used 136957K [0x0000000081c00000, 0x0000000100000000)
  region size 1024K, 73 young (74752K), 9 survivors (9216K)
 Metaspace       used 61147K, committed 61504K, reserved 1114112K
  class space    used 6944K, committed 7104K, reserved 1048576K
}
Event: 14.617 GC heap after
{Heap after GC invocations=27 (full 0):
 garbage-first heap   total 180224K, used 77431K [0x0000000081c00000, 0x0000000100000000)
  region size 1024K, 7 young (7168K), 7 survivors (7168K)
 Metaspace       used 61147K, committed 61504K, reserved 1114112K
  class space    used 6944K, committed 7104K, reserved 1048576K
}
Event: 17.400 GC heap before
{Heap before GC invocations=27 (full 0):
 garbage-first heap   total 180224K, used 141943K [0x0000000081c00000, 0x0000000100000000)
  region size 1024K, 68 young (69632K), 7 survivors (7168K)
 Metaspace       used 61940K, committed 62208K, reserved 1114112K
  class space    used 6965K, committed 7104K, reserved 1048576K
}
Event: 17.419 GC heap after
{Heap after GC invocations=28 (full 0):
 garbage-first heap   total 180224K, used 85662K [0x0000000081c00000, 0x0000000100000000)
  region size 1024K, 6 young (6144K), 6 survivors (6144K)
 Metaspace       used 61940K, committed 62208K, reserved 1114112K
  class space    used 6965K, committed 7104K, reserved 1048576K
}
Event: 17.922 GC heap before
{Heap before GC invocations=28 (full 0):
 garbage-first heap   total 180224K, used 144030K [0x0000000081c00000, 0x0000000100000000)
  region size 1024K, 63 young (64512K), 6 survivors (6144K)
 Metaspace       used 61940K, committed 62208K, reserved 1114112K
  class space    used 6965K, committed 7104K, reserved 1048576K
}
Event: 17.938 GC heap after
{Heap after GC invocations=29 (full 0):
 garbage-first heap   total 180224K, used 91451K [0x0000000081c00000, 0x0000000100000000)
  region size 1024K, 6 young (6144K), 6 survivors (6144K)
 Metaspace       used 61940K, committed 62208K, reserved 1114112K
  class space    used 6965K, committed 7104K, reserved 1048576K
}
Event: 19.698 GC heap before
{Heap before GC invocations=29 (full 0):
 garbage-first heap   total 180224K, used 145723K [0x0000000081c00000, 0x0000000100000000)
  region size 1024K, 59 young (60416K), 6 survivors (6144K)
 Metaspace       used 62299K, committed 62656K, reserved 1114112K
  class space    used 6986K, committed 7168K, reserved 1048576K
}
Event: 19.714 GC heap after
{Heap after GC invocations=30 (full 0):
 garbage-first heap   total 180224K, used 97552K [0x0000000081c00000, 0x0000000100000000)
  region size 1024K, 7 young (7168K), 7 survivors (7168K)
 Metaspace       used 62299K, committed 62656K, reserved 1114112K
  class space    used 6986K, committed 7168K, reserved 1048576K
}
Event: 22.090 GC heap before
{Heap before GC invocations=30 (full 0):
 garbage-first heap   total 180224K, used 146704K [0x0000000081c00000, 0x0000000100000000)
  region size 1024K, 55 young (56320K), 7 survivors (7168K)
 Metaspace       used 63921K, committed 64192K, reserved 1114112K
  class space    used 7130K, committed 7296K, reserved 1048576K
}
Event: 22.106 GC heap after
{Heap after GC invocations=31 (full 0):
 garbage-first heap   total 180224K, used 101486K [0x0000000081c00000, 0x0000000100000000)
  region size 1024K, 4 young (4096K), 4 survivors (4096K)
 Metaspace       used 63921K, committed 64192K, reserved 1114112K
  class space    used 7130K, committed 7296K, reserved 1048576K
}
Event: 23.902 GC heap before
{Heap before GC invocations=31 (full 0):
 garbage-first heap   total 180224K, used 147566K [0x0000000081c00000, 0x0000000100000000)
  region size 1024K, 49 young (50176K), 4 survivors (4096K)
 Metaspace       used 70703K, committed 71040K, reserved 1114112K
  class space    used 7819K, committed 8000K, reserved 1048576K
}
Event: 23.927 GC heap after
{Heap after GC invocations=32 (full 0):
 garbage-first heap   total 180224K, used 105756K [0x0000000081c00000, 0x0000000100000000)
  region size 1024K, 7 young (7168K), 7 survivors (7168K)
 Metaspace       used 70703K, committed 71040K, reserved 1114112K
  class space    used 7819K, committed 8000K, reserved 1048576K
}
Event: 25.005 GC heap before
{Heap before GC invocations=32 (full 0):
 garbage-first heap   total 180224K, used 148764K [0x0000000081c00000, 0x0000000100000000)
  region size 1024K, 49 young (50176K), 7 survivors (7168K)
 Metaspace       used 73150K, committed 73472K, reserved 1179648K
  class space    used 8082K, committed 8256K, reserved 1048576K
}
Event: 25.031 GC heap after
{Heap after GC invocations=33 (full 0):
 garbage-first heap   total 180224K, used 113344K [0x0000000081c00000, 0x0000000100000000)
  region size 1024K, 7 young (7168K), 7 survivors (7168K)
 Metaspace       used 73150K, committed 73472K, reserved 1179648K
  class space    used 8082K, committed 8256K, reserved 1048576K
}
Event: 25.987 GC heap before
{Heap before GC invocations=33 (full 0):
 garbage-first heap   total 180224K, used 148160K [0x0000000081c00000, 0x0000000100000000)
  region size 1024K, 41 young (41984K), 7 survivors (7168K)
 Metaspace       used 74497K, committed 74816K, reserved 1179648K
  class space    used 8198K, committed 8384K, reserved 1048576K
}
Event: 26.004 GC heap after
{Heap after GC invocations=34 (full 0):
 garbage-first heap   total 180224K, used 120414K [0x0000000081c00000, 0x0000000100000000)
  region size 1024K, 6 young (6144K), 6 survivors (6144K)
 Metaspace       used 74497K, committed 74816K, reserved 1179648K
  class space    used 8198K, committed 8384K, reserved 1048576K
}
Event: 26.673 GC heap before
{Heap before GC invocations=34 (full 0):
 garbage-first heap   total 180224K, used 149086K [0x0000000081c00000, 0x0000000100000000)
  region size 1024K, 34 young (34816K), 6 survivors (6144K)
 Metaspace       used 79297K, committed 79680K, reserved 1179648K
  class space    used 8742K, committed 8960K, reserved 1048576K
}

Dll operation events (2 events):
Event: 0.009 Loaded shared library E:\Android Studio\jbr\bin\java.dll
Event: 2.884 Loaded shared library E:\Android Studio\jbr\bin\verify.dll

Deoptimization events (20 events):
Event: 26.601 Thread 0x0000023bbd01d200 DEOPT PACKING pc=0x0000023bc9c0fabc sp=0x0000008a222fc980
Event: 26.601 Thread 0x0000023bbd01d200 DEOPT UNPACKING pc=0x0000023bc92569a3 sp=0x0000008a222fc950 mode 2
Event: 26.601 Thread 0x0000023bbd01d200 Uncommon trap: trap_request=0xffffffde fr.pc=0x0000023bc9f326b8 relative=0x0000000000002a18
Event: 26.601 Thread 0x0000023bbd01d200 Uncommon trap: reason=class_check action=maybe_recompile pc=0x0000023bc9f326b8 method=org.jetbrains.kotlin.load.kotlin.TypeSignatureMappingKt.mapBuiltInType(Lorg/jetbrains/kotlin/types/TypeSystemCommonBackendContext;Lorg/jetbrains/kotlin/types/model/Kotli
Event: 26.601 Thread 0x0000023bbd01d200 DEOPT PACKING pc=0x0000023bc9f326b8 sp=0x0000008a222fc800
Event: 26.601 Thread 0x0000023bbd01d200 DEOPT UNPACKING pc=0x0000023bc92569a3 sp=0x0000008a222fc7b8 mode 2
Event: 26.601 Thread 0x0000023bbd01d200 Uncommon trap: trap_request=0xffffffde fr.pc=0x0000023bc9c0fabc relative=0x0000000000000e9c
Event: 26.601 Thread 0x0000023bbd01d200 Uncommon trap: reason=class_check action=maybe_recompile pc=0x0000023bc9c0fabc method=org.jetbrains.kotlin.ir.types.IrTypePredicatesKt.isClassType(Lorg/jetbrains/kotlin/ir/types/IrType;Lorg/jetbrains/kotlin/ir/util/IdSignature$CommonSignature;Ljava/lang/B
Event: 26.601 Thread 0x0000023bbd01d200 DEOPT PACKING pc=0x0000023bc9c0fabc sp=0x0000008a222fc660
Event: 26.601 Thread 0x0000023bbd01d200 DEOPT UNPACKING pc=0x0000023bc92569a3 sp=0x0000008a222fc630 mode 2
Event: 26.605 Thread 0x0000023bbd01d200 Uncommon trap: trap_request=0xffffffde fr.pc=0x0000023bc9d8add4 relative=0x0000000000000694
Event: 26.605 Thread 0x0000023bbd01d200 Uncommon trap: reason=class_check action=maybe_recompile pc=0x0000023bc9d8add4 method=org.jetbrains.kotlin.com.intellij.util.containers.hash.HashUtil.hash(Ljava/lang/Object;Lorg/jetbrains/kotlin/com/intellij/util/containers/hash/EqualityPolicy;)I @ 18 c2
Event: 26.605 Thread 0x0000023bbd01d200 DEOPT PACKING pc=0x0000023bc9d8add4 sp=0x0000008a222fcb30
Event: 26.605 Thread 0x0000023bbd01d200 DEOPT UNPACKING pc=0x0000023bc92569a3 sp=0x0000008a222fca68 mode 2
Event: 26.605 Thread 0x0000023bbd01d200 Uncommon trap: trap_request=0xffffffde fr.pc=0x0000023bc9d8add4 relative=0x0000000000000694
Event: 26.605 Thread 0x0000023bbd01d200 Uncommon trap: reason=class_check action=maybe_recompile pc=0x0000023bc9d8add4 method=org.jetbrains.kotlin.com.intellij.util.containers.hash.HashUtil.hash(Ljava/lang/Object;Lorg/jetbrains/kotlin/com/intellij/util/containers/hash/EqualityPolicy;)I @ 18 c2
Event: 26.605 Thread 0x0000023bbd01d200 DEOPT PACKING pc=0x0000023bc9d8add4 sp=0x0000008a222fcb20
Event: 26.605 Thread 0x0000023bbd01d200 DEOPT UNPACKING pc=0x0000023bc92569a3 sp=0x0000008a222fca58 mode 2
Event: 26.616 Thread 0x0000023bbd01d200 DEOPT PACKING pc=0x0000023bc291483c sp=0x0000008a222fc650
Event: 26.616 Thread 0x0000023bbd01d200 DEOPT UNPACKING pc=0x0000023bc9257143 sp=0x0000008a222fbc20 mode 0

Classes unloaded (0 events):
No events

Classes redefined (0 events):
No events

Internal exceptions (20 events):
Event: 11.868 Thread 0x0000023bbd01d200 Exception <a 'java/lang/NoSuchMethodError'{0x0000000089514440}: 'java.lang.Object java.lang.invoke.DirectMethodHandle$Holder.newInvokeSpecial(java.lang.Object, java.lang.Object, java.lang.Object, java.lang.Object, java.lang.Object, java.lang.Object, java.lang.Object)'> (0x0000000089514440) 
thrown [s\src\hotspot\share\interpreter\linkResolver.cpp, line 771]
Event: 11.868 Thread 0x0000023bbd01d200 Exception <a 'java/lang/NoSuchMethodError'{0x0000000089518ff8}: 'java.lang.Object java.lang.invoke.Invokers$Holder.linkToTargetMethod(java.lang.Object, java.lang.Object, java.lang.Object, java.lang.Object, java.lang.Object, java.lang.Object, java.lang.Object)'> (0x0000000089518ff8) 
thrown [s\src\hotspot\share\interpreter\linkResolver.cpp, line 771]
Event: 12.205 Thread 0x0000023bbd01d200 Implicit null exception at 0x0000023bc9bc8dac to 0x0000023bc9bc8e7c
Event: 12.949 Thread 0x0000023bbd01d200 Exception <a 'java/lang/NoSuchMethodError'{0x000000008bf8eba0}: 'java.lang.Object java.lang.invoke.DirectMethodHandle$Holder.invokeStatic(java.lang.Object, int, java.lang.Object)'> (0x000000008bf8eba0) 
thrown [s\src\hotspot\share\interpreter\linkResolver.cpp, line 771]
Event: 12.996 Thread 0x0000023bbd01d200 Exception <a 'java/lang/NoSuchMethodError'{0x000000008bd235d0}: 'java.lang.Object java.lang.invoke.DirectMethodHandle$Holder.invokeStatic(java.lang.Object, int, java.lang.Object, java.lang.Object)'> (0x000000008bd235d0) 
thrown [s\src\hotspot\share\interpreter\linkResolver.cpp, line 771]
Event: 12.998 Thread 0x0000023bbd01d200 Exception <a 'java/lang/NoSuchMethodError'{0x000000008bd2cc58}: 'java.lang.Object java.lang.invoke.DirectMethodHandle$Holder.newInvokeSpecial(java.lang.Object, int, java.lang.Object)'> (0x000000008bd2cc58) 
thrown [s\src\hotspot\share\interpreter\linkResolver.cpp, line 771]
Event: 13.001 Thread 0x0000023bbd01d200 Exception <a 'java/lang/NoSuchMethodError'{0x000000008bd346a0}: 'int java.lang.invoke.DirectMethodHandle$Holder.invokeInterface(java.lang.Object, java.lang.Object)'> (0x000000008bd346a0) 
thrown [s\src\hotspot\share\interpreter\linkResolver.cpp, line 771]
Event: 20.558 Thread 0x0000023bbd01d200 Exception <a 'java/lang/NoSuchMethodError'{0x000000008c0107d0}: 'java.lang.Object java.lang.invoke.DirectMethodHandle$Holder.newInvokeSpecial(java.lang.Object, java.lang.Object, java.lang.Object, java.lang.Object, java.lang.Object, java.lang.Object, java.lang.Object, java.lang.Object)'> (0x000000008c0107d0) 
thrown [s\src\hotspot\share\interpreter\linkResolver.cpp, line 771]
Event: 20.559 Thread 0x0000023bbd01d200 Exception <a 'java/lang/NoSuchMethodError'{0x000000008c016b30}: 'java.lang.Object java.lang.invoke.DirectMethodHandle$Holder.invokeSpecial(java.lang.Object, java.lang.Object, java.lang.Object, java.lang.Object, java.lang.Object, java.lang.Object, java.lang.Object, java.lang.Object, java.lang.Object)'> (0x000000008c016b30) 
thrown [s\src\hotspot\share\interpreter\linkResolver.cpp, line 771]
Event: 20.560 Thread 0x0000023bbd01d200 Exception <a 'java/lang/NoSuchMethodError'{0x000000008c01c7a8}: 'java.lang.Object java.lang.invoke.Invokers$Holder.linkToTargetMethod(java.lang.Object, java.lang.Object, java.lang.Object, java.lang.Object, java.lang.Object, java.lang.Object, java.lang.Object, java.lang.Object)'> (0x000000008c01c7a8) 
thrown [s\src\hotspot\share\interpreter\linkResolver.cpp, line 771]
Event: 22.513 Thread 0x0000023bbd01d200 Exception <a 'java/lang/NoSuchMethodError'{0x000000008c2247e0}: 'java.lang.Object java.lang.invoke.DirectMethodHandle$Holder.invokeStaticInit(java.lang.Object, java.lang.Object, java.lang.Object, java.lang.Object)'> (0x000000008c2247e0) 
thrown [s\src\hotspot\share\interpreter\linkResolver.cpp, line 771]
Event: 22.971 Thread 0x0000023bbd01d200 Exception <a 'java/lang/NoSuchMethodError'{0x000000008b565c70}: 'java.lang.Object java.lang.invoke.DirectMethodHandle$Holder.newInvokeSpecial(java.lang.Object, java.lang.Object, java.lang.Object, int, int)'> (0x000000008b565c70) 
thrown [s\src\hotspot\share\interpreter\linkResolver.cpp, line 771]
Event: 22.971 Thread 0x0000023bbd01d200 Exception <a 'java/lang/NoSuchMethodError'{0x000000008b569ab0}: 'java.lang.Object java.lang.invoke.DirectMethodHandle$Holder.invokeSpecial(java.lang.Object, java.lang.Object, java.lang.Object, java.lang.Object, int, int)'> (0x000000008b569ab0) 
thrown [s\src\hotspot\share\interpreter\linkResolver.cpp, line 771]
Event: 23.386 Thread 0x0000023bbd01d200 Implicit null exception at 0x0000023bc980d316 to 0x0000023bc980d5dc
Event: 23.589 Thread 0x0000023bbd01d200 Exception <a 'java/lang/NoSuchMethodError'{0x000000008a50ada8}: 'java.lang.Object java.lang.invoke.DirectMethodHandle$Holder.invokeSpecial(java.lang.Object, java.lang.Object, int, int, java.lang.Object, java.lang.Object, java.lang.Object, java.lang.Object, java.lang.Object)'> (0x000000008a50ada8) 
thrown [s\src\hotspot\share\interpreter\linkResolver.cpp, line 771]
Event: 23.597 Thread 0x0000023bbd01d200 Exception <a 'java/lang/NoSuchMethodError'{0x000000008a5319d0}: 'java.lang.Object java.lang.invoke.DirectMethodHandle$Holder.newInvokeSpecial(java.lang.Object, java.lang.Object, int, int, java.lang.Object, java.lang.Object, java.lang.Object)'> (0x000000008a5319d0) 
thrown [s\src\hotspot\share\interpreter\linkResolver.cpp, line 771]
Event: 23.597 Thread 0x0000023bbd01d200 Exception <a 'java/lang/NoSuchMethodError'{0x000000008a535fd0}: 'java.lang.Object java.lang.invoke.DirectMethodHandle$Holder.invokeSpecial(java.lang.Object, java.lang.Object, java.lang.Object, int, int, java.lang.Object, java.lang.Object, java.lang.Object)'> (0x000000008a535fd0) 
thrown [s\src\hotspot\share\interpreter\linkResolver.cpp, line 771]
Event: 26.369 Thread 0x0000023bbd01d200 Implicit null exception at 0x0000023bc9e01e20 to 0x0000023bc9e025e0
Event: 26.576 Thread 0x0000023bbd01d200 Implicit null exception at 0x0000023bc9def619 to 0x0000023bc9deff40
Event: 26.577 Thread 0x0000023bbd01d200 Implicit null exception at 0x0000023bc9f59c2f to 0x0000023bc9f5a5a4

VM Operations (20 events):
Event: 26.272 Executing VM operation: HandshakeAllThreads done
Event: 26.274 Executing VM operation: HandshakeAllThreads
Event: 26.274 Executing VM operation: HandshakeAllThreads done
Event: 26.281 Executing VM operation: HandshakeAllThreads
Event: 26.281 Executing VM operation: HandshakeAllThreads done
Event: 26.302 Executing VM operation: HandshakeAllThreads
Event: 26.302 Executing VM operation: HandshakeAllThreads done
Event: 26.482 Executing VM operation: HandshakeAllThreads
Event: 26.482 Executing VM operation: HandshakeAllThreads done
Event: 26.508 Executing VM operation: ICBufferFull
Event: 26.508 Executing VM operation: ICBufferFull done
Event: 26.541 Executing VM operation: HandshakeAllThreads
Event: 26.541 Executing VM operation: HandshakeAllThreads done
Event: 26.609 Executing VM operation: HandshakeAllThreads
Event: 26.609 Executing VM operation: HandshakeAllThreads done
Event: 26.615 Executing VM operation: HandshakeAllThreads
Event: 26.615 Executing VM operation: HandshakeAllThreads done
Event: 26.635 Executing VM operation: HandshakeAllThreads
Event: 26.635 Executing VM operation: HandshakeAllThreads done
Event: 26.673 Executing VM operation: G1CollectForAllocation

Events (20 events):
Event: 25.907 Thread 0x0000023bdd06dd70 flushing nmethod 0x0000023bc3be9f90
Event: 25.907 Thread 0x0000023bdd06dd70 flushing nmethod 0x0000023bc3bfc890
Event: 25.907 Thread 0x0000023bdd06dd70 flushing nmethod 0x0000023bc3bfcd10
Event: 25.907 Thread 0x0000023bdd06dd70 flushing nmethod 0x0000023bc3c12290
Event: 25.907 Thread 0x0000023bdd06dd70 flushing nmethod 0x0000023bc3c12890
Event: 25.907 Thread 0x0000023bdd06dd70 flushing nmethod 0x0000023bc3c6e010
Event: 25.908 Thread 0x0000023bdd06dd70 flushing nmethod 0x0000023bc3c84b90
Event: 25.908 Thread 0x0000023bdd06dd70 flushing nmethod 0x0000023bc3c89890
Event: 25.908 Thread 0x0000023bdd06dd70 flushing nmethod 0x0000023bc3c8a090
Event: 25.908 Thread 0x0000023bdd06dd70 flushing nmethod 0x0000023bc3c93010
Event: 25.908 Thread 0x0000023bdd06dd70 flushing nmethod 0x0000023bc3cadd10
Event: 25.908 Thread 0x0000023bdd06dd70 flushing nmethod 0x0000023bc3cd2e90
Event: 25.908 Thread 0x0000023bdd06dd70 flushing nmethod 0x0000023bc3cd9a10
Event: 25.908 Thread 0x0000023bdd06dd70 flushing nmethod 0x0000023bc3d96f90
Event: 25.909 Thread 0x0000023bdd06dd70 flushing nmethod 0x0000023bc3dccc10
Event: 25.909 Thread 0x0000023bdd06dd70 flushing nmethod 0x0000023bc3e0fe10
Event: 25.909 Thread 0x0000023bdd06dd70 flushing nmethod 0x0000023bc3e44490
Event: 25.909 Thread 0x0000023bdd06dd70 flushing nmethod 0x0000023bc3e49990
Event: 25.914 Thread 0x0000023bdd06dd70 flushing nmethod 0x0000023bc3f6f290
Event: 26.663 Thread 0x0000023bde5a0550 Thread exited: 0x0000023bde5a0550


Dynamic libraries:
0x00007ff72f630000 - 0x00007ff72f63a000 	E:\Android Studio\jbr\bin\java.exe
0x00007ffe98e80000 - 0x00007ffe99089000 	C:\WINDOWS\SYSTEM32\ntdll.dll
0x00007ffe980c0000 - 0x00007ffe9817d000 	C:\WINDOWS\System32\KERNEL32.DLL
0x00007ffe96530000 - 0x00007ffe968b4000 	C:\WINDOWS\System32\KERNELBASE.dll
0x00007ffe96960000 - 0x00007ffe96a71000 	C:\WINDOWS\System32\ucrtbase.dll
0x00007ffe862f0000 - 0x00007ffe8630b000 	E:\Android Studio\jbr\bin\VCRUNTIME140.dll
0x00007ffe81eb0000 - 0x00007ffe81ec7000 	E:\Android Studio\jbr\bin\jli.dll
0x00007ffe98400000 - 0x00007ffe985ad000 	C:\WINDOWS\System32\USER32.dll
0x00007ffe86df0000 - 0x00007ffe87095000 	C:\WINDOWS\WinSxS\amd64_microsoft.windows.common-controls_6595b64144ccf1df_6.0.22000.120_none_9d947278b86cc467\COMCTL32.dll
0x00007ffe96390000 - 0x00007ffe963b6000 	C:\WINDOWS\System32\win32u.dll
0x00007ffe982a0000 - 0x00007ffe98343000 	C:\WINDOWS\System32\msvcrt.dll
0x00007ffe983d0000 - 0x00007ffe983fa000 	C:\WINDOWS\System32\GDI32.dll
0x00007ffe96bb0000 - 0x00007ffe96cce000 	C:\WINDOWS\System32\gdi32full.dll
0x00007ffe968c0000 - 0x00007ffe9695d000 	C:\WINDOWS\System32\msvcp_win.dll
0x00007ffe96cd0000 - 0x00007ffe96d01000 	C:\WINDOWS\System32\IMM32.DLL
0x00007ffe87fc0000 - 0x00007ffe87fcc000 	E:\Android Studio\jbr\bin\vcruntime140_1.dll
0x00007ffe72d10000 - 0x00007ffe72d9d000 	E:\Android Studio\jbr\bin\msvcp140.dll
0x00007ffe28d60000 - 0x00007ffe299e3000 	E:\Android Studio\jbr\bin\server\jvm.dll
0x00007ffe97890000 - 0x00007ffe9793e000 	C:\WINDOWS\System32\ADVAPI32.dll
0x00007ffe98740000 - 0x00007ffe987de000 	C:\WINDOWS\System32\sechost.dll
0x00007ffe98b70000 - 0x00007ffe98c91000 	C:\WINDOWS\System32\RPCRT4.dll
0x00007ffe877d0000 - 0x00007ffe877d9000 	C:\WINDOWS\SYSTEM32\WSOCK32.dll
0x00007ffe94c30000 - 0x00007ffe94c7d000 	C:\WINDOWS\SYSTEM32\POWRPROF.dll
0x00007ffe8c830000 - 0x00007ffe8c863000 	C:\WINDOWS\SYSTEM32\WINMM.dll
0x00007ffe96f00000 - 0x00007ffe96f6f000 	C:\WINDOWS\System32\WS2_32.dll
0x00007ffe85e00000 - 0x00007ffe85e0a000 	C:\WINDOWS\SYSTEM32\VERSION.dll
0x00007ffe94d20000 - 0x00007ffe94d33000 	C:\WINDOWS\SYSTEM32\UMPDC.dll
0x00007ffe95430000 - 0x00007ffe95448000 	C:\WINDOWS\SYSTEM32\kernel.appcore.dll
0x00007ffe92800000 - 0x00007ffe9280a000 	E:\Android Studio\jbr\bin\jimage.dll
0x00007ffe93650000 - 0x00007ffe93871000 	C:\WINDOWS\SYSTEM32\DBGHELP.DLL
0x00007ffe7e190000 - 0x00007ffe7e1c1000 	C:\WINDOWS\SYSTEM32\dbgcore.DLL
0x00007ffe96310000 - 0x00007ffe9638f000 	C:\WINDOWS\System32\bcryptPrimitives.dll
0x00007ffe927a0000 - 0x00007ffe927c5000 	E:\Android Studio\jbr\bin\java.dll
0x00007ffe8c750000 - 0x00007ffe8c768000 	E:\Android Studio\jbr\bin\zip.dll
0x00007ffe97030000 - 0x00007ffe977f5000 	C:\WINDOWS\System32\SHELL32.dll
0x00007ffe943b0000 - 0x00007ffe94c12000 	C:\WINDOWS\SYSTEM32\windows.storage.dll
0x00007ffe987e0000 - 0x00007ffe98b56000 	C:\WINDOWS\System32\combase.dll
0x00007ffe94240000 - 0x00007ffe943a7000 	C:\WINDOWS\SYSTEM32\wintypes.dll
0x00007ffe96e10000 - 0x00007ffe96efa000 	C:\WINDOWS\System32\SHCORE.dll
0x00007ffe96f70000 - 0x00007ffe96fcd000 	C:\WINDOWS\System32\shlwapi.dll
0x00007ffe96240000 - 0x00007ffe96265000 	C:\WINDOWS\SYSTEM32\profapi.dll
0x00007ffe87800000 - 0x00007ffe87819000 	E:\Android Studio\jbr\bin\net.dll
0x00007ffe90750000 - 0x00007ffe90864000 	C:\WINDOWS\SYSTEM32\WINHTTP.dll
0x00007ffe95900000 - 0x00007ffe95967000 	C:\WINDOWS\system32\mswsock.dll
0x00007ffe86350000 - 0x00007ffe86366000 	E:\Android Studio\jbr\bin\nio.dll
0x00007ffe885b0000 - 0x00007ffe885c0000 	E:\Android Studio\jbr\bin\verify.dll

dbghelp: loaded successfully - version: 4.0.5 - missing functions: none
symbol engine: initialized successfully - sym options: 0x614 - pdb path: .;E:\Android Studio\jbr\bin;C:\WINDOWS\SYSTEM32;C:\WINDOWS\WinSxS\amd64_microsoft.windows.common-controls_6595b64144ccf1df_6.0.22000.120_none_9d947278b86cc467;E:\Android Studio\jbr\bin\server

VM Arguments:
java_command: org.jetbrains.kotlin.cli.jvm.K2JVMCompiler @D:\AndroidStudioProjects\ExpensesTrackerComposableV2\app\build\20240718_9053573055297109840.compiler.options
java_class_path (initial): D:\androidSDK\.gradle\caches\modules-2\files-2.1\org.jetbrains.kotlin\kotlin-compiler-embeddable\1.9.0\2c8c3a7402becca891f12739b3e9fd2dc2adbd7a\kotlin-compiler-embeddable-1.9.0.jar;D:\androidSDK\.gradle\caches\modules-2\files-2.1\org.jetbrains.kotlin\kotlin-stdlib\1.9.0\8ee15ef0c67dc83d874f412d84378d7f0eb50b63\kotlin-stdlib-1.9.0.jar;D:\androidSDK\.gradle\caches\modules-2\files-2.1\org.jetbrains.kotlin\kotlin-script-runtime\1.9.0\4b3102cbbb7e1b58d9d1adf89563f00069ffa7d1\kotlin-script-runtime-1.9.0.jar;D:\androidSDK\.gradle\caches\modules-2\files-2.1\org.jetbrains.kotlin\kotlin-reflect\1.6.10\1cbe9c92c12a94eea200d23c2bbaedaf3daf5132\kotlin-reflect-1.6.10.jar;D:\androidSDK\.gradle\caches\modules-2\files-2.1\org.jetbrains.kotlin\kotlin-daemon-embeddable\1.9.0\186543f5e28cf8d9a0290fecc2cf34301c40a65c\kotlin-daemon-embeddable-1.9.0.jar;D:\androidSDK\.gradle\caches\modules-2\files-2.1\org.jetbrains.intellij.deps\trove4j\1.0.20200330\3afb14d5f9ceb459d724e907a21145e8ff394f02\trove4j-1.0.20200330.jar;D:\androidSDK\.gradle\caches\modules-2\files-2.1\org.jetbrains.kotlin\kotlin-stdlib-common\1.9.0\cd65c21cfd1eec4d44ef09f9f52b6d9f8a720636\kotlin-stdlib-common-1.9.0.jar;D:\androidSDK\.gradle\caches\modules-2\files-2.1\org.jetbrains\annotations\13.0\919f0dfe192fb4e063e7dacadee7f8bb9a2672a9\annotations-13.0.jar
Launcher Type: SUN_STANDARD

[Global flags]
     intx CICompilerCount                          = 4                                         {product} {ergonomic}
     uint ConcGCThreads                            = 2                                         {product} {ergonomic}
     uint G1ConcRefinementThreads                  = 8                                         {product} {ergonomic}
   size_t G1HeapRegionSize                         = 1048576                                   {product} {ergonomic}
    uintx GCDrainStackTargetSize                   = 64                                        {product} {ergonomic}
   size_t InitialHeapSize                          = 134217728                                 {product} {ergonomic}
   size_t MarkStackSize                            = 4194304                                   {product} {ergonomic}
   size_t MaxHeapSize                              = 2118123520                                {product} {ergonomic}
   size_t MaxNewSize                               = 1270874112                                {product} {ergonomic}
   size_t MinHeapDeltaBytes                        = 1048576                                   {product} {ergonomic}
   size_t MinHeapSize                              = 8388608                                   {product} {ergonomic}
    uintx NonNMethodCodeHeapSize                   = 5839372                                {pd product} {ergonomic}
    uintx NonProfiledCodeHeapSize                  = 122909434                              {pd product} {ergonomic}
    uintx ProfiledCodeHeapSize                     = 122909434                              {pd product} {ergonomic}
    uintx ReservedCodeCacheSize                    = 251658240                              {pd product} {ergonomic}
     bool SegmentedCodeCache                       = true                                      {product} {ergonomic}
   size_t SoftMaxHeapSize                          = 2118123520                             {manageable} {ergonomic}
     bool UseCompressedClassPointers               = true                           {product lp64_product} {ergonomic}
     bool UseCompressedOops                        = true                           {product lp64_product} {ergonomic}
     bool UseG1GC                                  = true                                      {product} {ergonomic}
     bool UseLargePagesIndividualAllocation        = false                                  {pd product} {ergonomic}

Logging:
Log output configuration:
 #0: stdout all=warning uptime,level,tags
 #1: stderr all=off uptime,level,tags

Environment Variables:
JAVA_HOME=C:\Program Files\Java\jdk-17.0.5
PATH=C:\Python311\Scripts\;C:\Python311\;C:\Program Files\Common Files\Oracle\Java\javapath;C:\Program Files (x86)\Intel\Intel(R) Management Engine Components\iCLS\;C:\Program Files\Intel\Intel(R) Management Engine Components\iCLS\;C:\WINDOWS\system32;C:\WINDOWS;C:\WINDOWS\System32\Wbem;C:\WINDOWS\System32\WindowsPowerShell\v1.0\;C:\WINDOWS\System32\OpenSSH\;C:\Program Files (x86)\Intel\Intel(R) Management Engine Components\DAL;C:\Program Files\Intel\Intel(R) Management Engine Components\DAL;C:\Program Files (x86)\Intel\Intel(R) Management Engine Components\IPT;C:\Program Files\Intel\Intel(R) Management Engine Components\IPT;C:\Program Files\Intel\WiFi\bin\;C:\Program Files\Common Files\Intel\WirelessCommon\;C:\Program Files\MySQL\MySQL Server 8.0\bin;C:\Program Files\Git\cmd;C:\Program Files\nodejs\;C:\ProgramData\chocolatey\bin;C:\Program Files\MySQL\MySQL Server 8.0\bin;C:\Program Files\MySQL\MySQL Shell 8.0\bin\;C:\Users\Grego\AppData\Local\Microsoft\WindowsApps;C:\Users\Grego\AppData\Local\GitHubDesktop\bin;D:\Programas\VSC\Microsoft VS Code\bin;C:\Users\Grego\AppData\Roaming\npm
USERNAME=Grego
OS=Windows_NT
PROCESSOR_IDENTIFIER=Intel64 Family 6 Model 142 Stepping 10, GenuineIntel
TMP=C:\Users\Grego\AppData\Local\Temp
TEMP=C:\Users\Grego\AppData\Local\Temp



Periodic native trim disabled

JNI global refs:
JNI global refs: 10, weak refs: 1

JNI global refs memory usage: 843, weak refs: 841

OOME stack traces (most recent first):
Classloader memory used:
Loader jdk.internal.loader.ClassLoaders$AppClassLoader                                 : 8147K
Loader bootstrap                                                                       : 1403K
Loader java.net.URLClassLoader                                                         : 339K
Loader jdk.internal.reflect.DelegatingClassLoader                                      : 21666B


---------------  S Y S T E M  ---------------

OS:
 Windows 11 , 64 bit Build 22000 (10.0.22000.2538)
OS uptime: 1 days 16:17 hours
Hyper-V role detected

CPU: total 8 (initial active 8) (4 cores per cpu, 2 threads per core) family 6 model 142 stepping 10 microcode 0xe0, cx8, cmov, fxsr, ht, mmx, 3dnowpref, sse, sse2, sse3, ssse3, sse4.1, sse4.2, popcnt, lzcnt, tsc, tscinvbit, avx, avx2, aes, erms, clmul, bmi1, bmi2, adx, fma, vzeroupper, clflush, clflushopt, hv
Processor Information for all 8 processors :
  Max Mhz: 1801, Current Mhz: 1801, Mhz Limit: 1801

Memory: 4k page, system-wide physical 8075M (491M free)
TotalPageFile size 12737M (AvailPageFile size 176M)
current process WorkingSet (physical memory assigned to process): 394M, peak: 409M
current process commit charge ("private bytes"): 431M, peak: 720M

vm_info: OpenJDK 64-Bit Server VM (17.0.9+0--11185874) for windows-amd64 JRE (17.0.9+0--11185874), built on Dec  6 2023 18:57:44 by "androidbuild" with MS VC++ 16.10 / 16.11 (VS2019)

END.
