#
# There is insufficient memory for the Java Runtime Environment to continue.
# Native memory allocation (malloc) failed to allocate 1112976 bytes for Chunk::new
# Possible reasons:
#   The system is out of physical RAM or swap space
#   The process is running with CompressedOops enabled, and the Java Heap may be blocking the growth of the native heap
# Possible solutions:
#   Reduce memory load on the system
#   Increase physical memory or swap space
#   Check if swap backing store is full
#   Decrease Java heap size (-Xmx/-Xms)
#   Decrease number of Java threads
#   Decrease Java thread stack sizes (-Xss)
#   Set larger code cache with -XX:ReservedCodeCacheSize=
#   JVM is running with Unscaled Compressed Oops mode in which the Java heap is
#     placed in the first 4GB address space. The Java Heap base address is the
#     maximum limit for the native heap growth. Please use -XX:HeapBaseMinAddress
#     to set the Java Heap base and to place the Java Heap above 4GB virtual address.
# This output file may be truncated or incomplete.
#
#  Out of Memory Error (arena.cpp:191), pid=8280, tid=2944
#
# JRE version: OpenJDK Runtime Environment (17.0.9) (build 17.0.9+0--11185874)
# Java VM: OpenJDK 64-Bit Server VM (17.0.9+0--11185874, mixed mode, tiered, compressed oops, compressed class ptrs, g1 gc, windows-amd64)
# No core dump will be written. Minidumps are not enabled by default on client versions of Windows
#

---------------  S U M M A R Y ------------

Command Line: org.jetbrains.kotlin.cli.jvm.K2JVMCompiler @D:\AndroidStudioProjects\ExpensesTrackerComposableV2\app\build\20240718_3202753347907679837.compiler.options

Host: Intel(R) Core(TM) i5-8250U CPU @ 1.60GHz, 8 cores, 7G,  Windows 11 , 64 bit Build 22000 (10.0.22000.2538)
Time: Thu Jul 18 18:47:20 2024 Hora estándar de Asia Sureste elapsed time: 24.322075 seconds (0d 0h 0m 24s)

---------------  T H R E A D  ---------------

Current thread (0x000001d332047cd0):  JavaThread "C2 CompilerThread0" daemon [_thread_in_native, id=2944, stack(0x0000004e3d100000,0x0000004e3d200000)]


Current CompileTask:
C2:  24322 15694       4       org.jetbrains.kotlin.load.kotlin.TypeSignatureMappingKt::mapBuiltInType (339 bytes)

Stack: [0x0000004e3d100000,0x0000004e3d200000]
Native frames: (J=compiled Java code, j=interpreted, Vv=VM code, C=native code)
V  [jvm.dll+0x6886e9]
V  [jvm.dll+0x841e4a]
V  [jvm.dll+0x843a8e]
V  [jvm.dll+0x8440f3]
V  [jvm.dll+0x24c14f]
V  [jvm.dll+0xac44c]
V  [jvm.dll+0xaca9c]
V  [jvm.dll+0x36c1a2]
V  [jvm.dll+0x33651a]
V  [jvm.dll+0x3359ba]
V  [jvm.dll+0x21ddb1]
V  [jvm.dll+0x21d1d1]
V  [jvm.dll+0x1a674d]
V  [jvm.dll+0x22d088]
V  [jvm.dll+0x22b1c0]
V  [jvm.dll+0x7f62f7]
V  [jvm.dll+0x7f06aa]
V  [jvm.dll+0x687565]
C  [ucrtbase.dll+0x26c0c]
C  [KERNEL32.DLL+0x153e0]
C  [ntdll.dll+0x485b]


---------------  P R O C E S S  ---------------

Threads class SMR info:
_java_thread_list=0x000001d334b86b00, length=14, elements={
0x000001d313e78930, 0x000001d32dc52140, 0x000001d32dc52bd0, 0x000001d332027c70,
0x000001d332028340, 0x000001d33204d220, 0x000001d33204d700, 0x000001d332047cd0,
0x000001d33205c740, 0x000001d33205ec70, 0x000001d3321b7cf0, 0x000001d3321b8a80,
0x000001d3327cbba0, 0x000001d3349f66f0
}

Java Threads: ( => current thread )
  0x000001d313e78930 JavaThread "main" [_thread_in_vm, id=10804, stack(0x0000004e3c400000,0x0000004e3c500000)]
  0x000001d32dc52140 JavaThread "Reference Handler" daemon [_thread_blocked, id=17320, stack(0x0000004e3cb00000,0x0000004e3cc00000)]
  0x000001d32dc52bd0 JavaThread "Finalizer" daemon [_thread_blocked, id=8184, stack(0x0000004e3cc00000,0x0000004e3cd00000)]
  0x000001d332027c70 JavaThread "Signal Dispatcher" daemon [_thread_blocked, id=1628, stack(0x0000004e3cd00000,0x0000004e3ce00000)]
  0x000001d332028340 JavaThread "Attach Listener" daemon [_thread_blocked, id=16908, stack(0x0000004e3ce00000,0x0000004e3cf00000)]
  0x000001d33204d220 JavaThread "Service Thread" daemon [_thread_blocked, id=12260, stack(0x0000004e3cf00000,0x0000004e3d000000)]
  0x000001d33204d700 JavaThread "Monitor Deflation Thread" daemon [_thread_blocked, id=3640, stack(0x0000004e3d000000,0x0000004e3d100000)]
=>0x000001d332047cd0 JavaThread "C2 CompilerThread0" daemon [_thread_in_native, id=2944, stack(0x0000004e3d100000,0x0000004e3d200000)]
  0x000001d33205c740 JavaThread "C1 CompilerThread0" daemon [_thread_blocked, id=10292, stack(0x0000004e3d200000,0x0000004e3d300000)]
  0x000001d33205ec70 JavaThread "Sweeper thread" daemon [_thread_blocked, id=5688, stack(0x0000004e3d300000,0x0000004e3d400000)]
  0x000001d3321b7cf0 JavaThread "Notification Thread" daemon [_thread_blocked, id=3656, stack(0x0000004e3d400000,0x0000004e3d500000)]
  0x000001d3321b8a80 JavaThread "Common-Cleaner" daemon [_thread_blocked, id=13504, stack(0x0000004e3d600000,0x0000004e3d700000)]
  0x000001d3327cbba0 JavaThread "C2 CompilerThread1" daemon [_thread_blocked, id=8776, stack(0x0000004e3db00000,0x0000004e3dc00000)]
  0x000001d3349f66f0 JavaThread "C2 CompilerThread2" daemon [_thread_blocked, id=15016, stack(0x0000004e3e000000,0x0000004e3e100000)]

Other Threads:
  0x000001d32dc4f610 VMThread "VM Thread" [stack: 0x0000004e3ca00000,0x0000004e3cb00000] [id=6524]
  0x000001d3321b87e0 WatcherThread [stack: 0x0000004e3d500000,0x0000004e3d600000] [id=9476]
  0x000001d313ed5d90 GCTaskThread "GC Thread#0" [stack: 0x0000004e3c500000,0x0000004e3c600000] [id=13124]
  0x000001d3327ba930 GCTaskThread "GC Thread#1" [stack: 0x0000004e3d700000,0x0000004e3d800000] [id=7552]
  0x000001d3327ba670 GCTaskThread "GC Thread#2" [stack: 0x0000004e3d800000,0x0000004e3d900000] [id=15656]
  0x000001d3327b9070 GCTaskThread "GC Thread#3" [stack: 0x0000004e3d900000,0x0000004e3da00000] [id=16528]
  0x000001d3327b9b70 GCTaskThread "GC Thread#4" [stack: 0x0000004e3da00000,0x0000004e3db00000] [id=10152]
  0x000001d3327b95f0 GCTaskThread "GC Thread#5" [stack: 0x0000004e3dc00000,0x0000004e3dd00000] [id=10084]
  0x000001d3327ba3b0 GCTaskThread "GC Thread#6" [stack: 0x0000004e3dd00000,0x0000004e3de00000] [id=15584]
  0x000001d3327b98b0 GCTaskThread "GC Thread#7" [stack: 0x0000004e3de00000,0x0000004e3df00000] [id=15752]
  0x000001d313ee6960 ConcurrentGCThread "G1 Main Marker" [stack: 0x0000004e3c600000,0x0000004e3c700000] [id=8396]
  0x000001d313ee7b20 ConcurrentGCThread "G1 Conc#0" [stack: 0x0000004e3c700000,0x0000004e3c800000] [id=13372]
  0x000001d3327b9e30 ConcurrentGCThread "G1 Conc#1" [stack: 0x0000004e3df00000,0x0000004e3e000000] [id=17380]
  0x000001d313f3e7a0 ConcurrentGCThread "G1 Refine#0" [stack: 0x0000004e3c800000,0x0000004e3c900000] [id=108]
  0x000001d3331afb90 ConcurrentGCThread "G1 Refine#1" [stack: 0x0000004e3e100000,0x0000004e3e200000] [id=5512]
  0x000001d333d09030 ConcurrentGCThread "G1 Refine#2" [stack: 0x0000004e3e200000,0x0000004e3e300000] [id=14340]
  0x000001d3345a6090 ConcurrentGCThread "G1 Refine#3" [stack: 0x0000004e3e300000,0x0000004e3e400000] [id=12580]
  0x000001d337f5b3e0 ConcurrentGCThread "G1 Refine#4" [stack: 0x0000004e3e400000,0x0000004e3e500000] [id=16168]
  0x000001d32da964e0 ConcurrentGCThread "G1 Service" [stack: 0x0000004e3c900000,0x0000004e3ca00000] [id=1588]

Threads with active compile tasks:
C2 CompilerThread0    24499 15694       4       org.jetbrains.kotlin.load.kotlin.TypeSignatureMappingKt::mapBuiltInType (339 bytes)

VM state: not at safepoint (normal execution)

VM Mutex/Monitor currently owned by a thread:  ([mutex/lock_event])
[0x000001d313e71930] Metaspace_lock - owner thread: 0x000001d313e78930

Heap address: 0x0000000081c00000, size: 2020 MB, Compressed Oops mode: 32-bit

CDS archive(s) not mapped
Compressed class space mapped at: 0x0000000100000000-0x0000000140000000, reserved size: 1073741824
Narrow klass base: 0x0000000000000000, Narrow klass shift: 3, Narrow klass range: 0x140000000

GC Precious Log:
 CPUs: 8 total, 8 available
 Memory: 8075M
 Large Page Support: Disabled
 NUMA Support: Disabled
 Compressed Oops: Enabled (32-bit)
 Heap Region Size: 1M
 Heap Min Capacity: 8M
 Heap Initial Capacity: 128M
 Heap Max Capacity: 2020M
 Pre-touch: Disabled
 Parallel Workers: 8
 Concurrent Workers: 2
 Concurrent Refinement Workers: 8
 Periodic GC: Disabled

Heap:
 garbage-first heap   total 227328K, used 144236K [0x0000000081c00000, 0x0000000100000000)
  region size 1024K, 36 young (36864K), 10 survivors (10240K)
 Metaspace       used 82961K, committed 83328K, reserved 1179648K
  class space    used 9112K, committed 9280K, reserved 1048576K

Heap Regions: E=young(eden), S=young(survivor), O=old, HS=humongous(starts), HC=humongous(continues), CS=collection set, F=free, OA=open archive, CA=closed archive, TAMS=top-at-mark-start (previous, next)
|   0|0x0000000081c00000, 0x0000000081d00000, 0x0000000081d00000|100%|HS|  |TAMS 0x0000000081d00000, 0x0000000081c00000| Complete 
|   1|0x0000000081d00000, 0x0000000081e00000, 0x0000000081e00000|100%|HC|  |TAMS 0x0000000081e00000, 0x0000000081d00000| Complete 
|   2|0x0000000081e00000, 0x0000000081f00000, 0x0000000081f00000|100%|HC|  |TAMS 0x0000000081f00000, 0x0000000081e00000| Complete 
|   3|0x0000000081f00000, 0x0000000082000000, 0x0000000082000000|100%|HC|  |TAMS 0x0000000082000000, 0x0000000081f00000| Complete 
|   4|0x0000000082000000, 0x0000000082100000, 0x0000000082100000|100%| O|  |TAMS 0x0000000082100000, 0x0000000082000000| Untracked 
|   5|0x0000000082100000, 0x0000000082200000, 0x0000000082200000|100%| O|  |TAMS 0x0000000082200000, 0x0000000082100000| Untracked 
|   6|0x0000000082200000, 0x00000000822bd000, 0x0000000082300000| 73%| O|  |TAMS 0x00000000822bd000, 0x0000000082200000| Untracked 
|   7|0x0000000082300000, 0x0000000082400000, 0x0000000082400000|100%| O|  |TAMS 0x0000000082400000, 0x0000000082300000| Untracked 
|   8|0x0000000082400000, 0x0000000082500000, 0x0000000082500000|100%| O|  |TAMS 0x0000000082500000, 0x0000000082400000| Untracked 
|   9|0x0000000082500000, 0x0000000082600000, 0x0000000082600000|100%| O|  |TAMS 0x0000000082600000, 0x0000000082500000| Untracked 
|  10|0x0000000082600000, 0x0000000082700000, 0x0000000082700000|100%| O|  |TAMS 0x0000000082700000, 0x0000000082600000| Untracked 
|  11|0x0000000082700000, 0x0000000082800000, 0x0000000082800000|100%| O|  |TAMS 0x0000000082800000, 0x0000000082700000| Untracked 
|  12|0x0000000082800000, 0x0000000082900000, 0x0000000082900000|100%| O|  |TAMS 0x0000000082900000, 0x0000000082800000| Untracked 
|  13|0x0000000082900000, 0x0000000082a00000, 0x0000000082a00000|100%| O|  |TAMS 0x0000000082a00000, 0x0000000082900000| Untracked 
|  14|0x0000000082a00000, 0x0000000082b00000, 0x0000000082b00000|100%| O|  |TAMS 0x0000000082b00000, 0x0000000082a00000| Untracked 
|  15|0x0000000082b00000, 0x0000000082c00000, 0x0000000082c00000|100%| O|  |TAMS 0x0000000082c00000, 0x0000000082b00000| Untracked 
|  16|0x0000000082c00000, 0x0000000082d00000, 0x0000000082d00000|100%| O|  |TAMS 0x0000000082d00000, 0x0000000082c00000| Untracked 
|  17|0x0000000082d00000, 0x0000000082e00000, 0x0000000082e00000|100%| O|  |TAMS 0x0000000082e00000, 0x0000000082d00000| Untracked 
|  18|0x0000000082e00000, 0x0000000082f00000, 0x0000000082f00000|100%| O|  |TAMS 0x0000000082f00000, 0x0000000082e00000| Untracked 
|  19|0x0000000082f00000, 0x0000000083000000, 0x0000000083000000|100%| O|  |TAMS 0x0000000083000000, 0x0000000082f00000| Untracked 
|  20|0x0000000083000000, 0x0000000083100000, 0x0000000083100000|100%| O|  |TAMS 0x0000000083100000, 0x0000000083000000| Untracked 
|  21|0x0000000083100000, 0x0000000083200000, 0x0000000083200000|100%| O|  |TAMS 0x0000000083200000, 0x0000000083100000| Untracked 
|  22|0x0000000083200000, 0x0000000083300000, 0x0000000083300000|100%| O|  |TAMS 0x0000000083300000, 0x0000000083200000| Untracked 
|  23|0x0000000083300000, 0x0000000083400000, 0x0000000083400000|100%| O|  |TAMS 0x0000000083400000, 0x0000000083300000| Untracked 
|  24|0x0000000083400000, 0x0000000083500000, 0x0000000083500000|100%| O|  |TAMS 0x0000000083500000, 0x0000000083400000| Untracked 
|  25|0x0000000083500000, 0x0000000083600000, 0x0000000083600000|100%| O|  |TAMS 0x0000000083600000, 0x0000000083500000| Untracked 
|  26|0x0000000083600000, 0x0000000083700000, 0x0000000083700000|100%| O|  |TAMS 0x0000000083700000, 0x0000000083600000| Untracked 
|  27|0x0000000083700000, 0x0000000083800000, 0x0000000083800000|100%|HS|  |TAMS 0x0000000083800000, 0x0000000083700000| Complete 
|  28|0x0000000083800000, 0x0000000083900000, 0x0000000083900000|100%|HC|  |TAMS 0x0000000083900000, 0x0000000083800000| Complete 
|  29|0x0000000083900000, 0x0000000083a00000, 0x0000000083a00000|100%| O|  |TAMS 0x0000000083a00000, 0x0000000083900000| Untracked 
|  30|0x0000000083a00000, 0x0000000083b00000, 0x0000000083b00000|100%| O|  |TAMS 0x0000000083b00000, 0x0000000083a00000| Untracked 
|  31|0x0000000083b00000, 0x0000000083c00000, 0x0000000083c00000|100%| O|  |TAMS 0x0000000083c00000, 0x0000000083b00000| Untracked 
|  32|0x0000000083c00000, 0x0000000083d00000, 0x0000000083d00000|100%| O|  |TAMS 0x0000000083d00000, 0x0000000083c00000| Untracked 
|  33|0x0000000083d00000, 0x0000000083e00000, 0x0000000083e00000|100%| O|  |TAMS 0x0000000083e00000, 0x0000000083d00000| Untracked 
|  34|0x0000000083e00000, 0x0000000083f00000, 0x0000000083f00000|100%| O|  |TAMS 0x0000000083f00000, 0x0000000083e00000| Untracked 
|  35|0x0000000083f00000, 0x0000000084000000, 0x0000000084000000|100%| O|  |TAMS 0x0000000084000000, 0x0000000083f00000| Untracked 
|  36|0x0000000084000000, 0x0000000084100000, 0x0000000084100000|100%| O|  |TAMS 0x0000000084100000, 0x0000000084000000| Untracked 
|  37|0x0000000084100000, 0x0000000084200000, 0x0000000084200000|100%| O|  |TAMS 0x0000000084200000, 0x0000000084100000| Untracked 
|  38|0x0000000084200000, 0x0000000084300000, 0x0000000084300000|100%| O|  |TAMS 0x0000000084300000, 0x0000000084200000| Untracked 
|  39|0x0000000084300000, 0x0000000084400000, 0x0000000084400000|100%| O|  |TAMS 0x0000000084400000, 0x0000000084300000| Untracked 
|  40|0x0000000084400000, 0x0000000084500000, 0x0000000084500000|100%| O|  |TAMS 0x0000000084500000, 0x0000000084400000| Untracked 
|  41|0x0000000084500000, 0x0000000084600000, 0x0000000084600000|100%| O|  |TAMS 0x0000000084600000, 0x0000000084500000| Untracked 
|  42|0x0000000084600000, 0x0000000084700000, 0x0000000084700000|100%| O|  |TAMS 0x0000000084700000, 0x0000000084600000| Untracked 
|  43|0x0000000084700000, 0x0000000084800000, 0x0000000084800000|100%| O|  |TAMS 0x0000000084800000, 0x0000000084700000| Untracked 
|  44|0x0000000084800000, 0x0000000084900000, 0x0000000084900000|100%| O|  |TAMS 0x0000000084900000, 0x0000000084800000| Untracked 
|  45|0x0000000084900000, 0x0000000084a00000, 0x0000000084a00000|100%| O|  |TAMS 0x0000000084a00000, 0x0000000084900000| Untracked 
|  46|0x0000000084a00000, 0x0000000084b00000, 0x0000000084b00000|100%| O|  |TAMS 0x0000000084b00000, 0x0000000084a00000| Complete 
|  47|0x0000000084b00000, 0x0000000084b00000, 0x0000000084c00000|  0%| F|  |TAMS 0x0000000084b00000, 0x0000000084b00000| Untracked 
|  48|0x0000000084c00000, 0x0000000084c00000, 0x0000000084d00000|  0%| F|  |TAMS 0x0000000084c00000, 0x0000000084c00000| Untracked 
|  49|0x0000000084d00000, 0x0000000084e00000, 0x0000000084e00000|100%| O|  |TAMS 0x0000000084e00000, 0x0000000084d00000| Untracked 
|  50|0x0000000084e00000, 0x0000000084f00000, 0x0000000084f00000|100%| O|  |TAMS 0x0000000084f00000, 0x0000000084e00000| Untracked 
|  51|0x0000000084f00000, 0x0000000085000000, 0x0000000085000000|100%| O|  |TAMS 0x0000000085000000, 0x0000000084f00000| Untracked 
|  52|0x0000000085000000, 0x0000000085100000, 0x0000000085100000|100%| O|  |TAMS 0x0000000085100000, 0x0000000085000000| Untracked 
|  53|0x0000000085100000, 0x0000000085200000, 0x0000000085200000|100%| O|  |TAMS 0x0000000085200000, 0x0000000085100000| Untracked 
|  54|0x0000000085200000, 0x0000000085300000, 0x0000000085300000|100%| O|  |TAMS 0x0000000085300000, 0x0000000085200000| Untracked 
|  55|0x0000000085300000, 0x0000000085400000, 0x0000000085400000|100%| O|  |TAMS 0x0000000085400000, 0x0000000085300000| Untracked 
|  56|0x0000000085400000, 0x0000000085500000, 0x0000000085500000|100%| O|  |TAMS 0x0000000085500000, 0x0000000085400000| Untracked 
|  57|0x0000000085500000, 0x0000000085600000, 0x0000000085600000|100%| O|  |TAMS 0x0000000085600000, 0x0000000085500000| Untracked 
|  58|0x0000000085600000, 0x0000000085700000, 0x0000000085700000|100%| O|  |TAMS 0x0000000085700000, 0x0000000085600000| Untracked 
|  59|0x0000000085700000, 0x0000000085800000, 0x0000000085800000|100%| O|  |TAMS 0x0000000085800000, 0x0000000085700000| Untracked 
|  60|0x0000000085800000, 0x0000000085900000, 0x0000000085900000|100%| O|  |TAMS 0x0000000085900000, 0x0000000085800000| Untracked 
|  61|0x0000000085900000, 0x0000000085a00000, 0x0000000085a00000|100%| O|  |TAMS 0x0000000085a00000, 0x0000000085900000| Untracked 
|  62|0x0000000085a00000, 0x0000000085b00000, 0x0000000085b00000|100%| O|  |TAMS 0x0000000085b00000, 0x0000000085a00000| Untracked 
|  63|0x0000000085b00000, 0x0000000085c00000, 0x0000000085c00000|100%| O|  |TAMS 0x0000000085c00000, 0x0000000085b00000| Untracked 
|  64|0x0000000085c00000, 0x0000000085d00000, 0x0000000085d00000|100%| O|  |TAMS 0x0000000085d00000, 0x0000000085c00000| Untracked 
|  65|0x0000000085d00000, 0x0000000085e00000, 0x0000000085e00000|100%| O|  |TAMS 0x0000000085e00000, 0x0000000085d00000| Untracked 
|  66|0x0000000085e00000, 0x0000000085f00000, 0x0000000085f00000|100%| O|  |TAMS 0x0000000085f00000, 0x0000000085e00000| Untracked 
|  67|0x0000000085f00000, 0x0000000086000000, 0x0000000086000000|100%| O|  |TAMS 0x0000000086000000, 0x0000000085f00000| Untracked 
|  68|0x0000000086000000, 0x0000000086100000, 0x0000000086100000|100%| O|  |TAMS 0x0000000086100000, 0x0000000086000000| Untracked 
|  69|0x0000000086100000, 0x0000000086200000, 0x0000000086200000|100%| O|  |TAMS 0x0000000086200000, 0x0000000086100000| Untracked 
|  70|0x0000000086200000, 0x0000000086300000, 0x0000000086300000|100%| O|  |TAMS 0x0000000086300000, 0x0000000086200000| Untracked 
|  71|0x0000000086300000, 0x0000000086400000, 0x0000000086400000|100%| O|  |TAMS 0x0000000086400000, 0x0000000086300000| Untracked 
|  72|0x0000000086400000, 0x0000000086500000, 0x0000000086500000|100%| O|  |TAMS 0x0000000086500000, 0x0000000086400000| Untracked 
|  73|0x0000000086500000, 0x0000000086600000, 0x0000000086600000|100%| O|  |TAMS 0x0000000086600000, 0x0000000086500000| Untracked 
|  74|0x0000000086600000, 0x0000000086700000, 0x0000000086700000|100%| O|  |TAMS 0x0000000086700000, 0x0000000086600000| Untracked 
|  75|0x0000000086700000, 0x0000000086800000, 0x0000000086800000|100%| O|  |TAMS 0x0000000086800000, 0x0000000086700000| Untracked 
|  76|0x0000000086800000, 0x0000000086800000, 0x0000000086900000|  0%| F|  |TAMS 0x0000000086800000, 0x0000000086800000| Untracked 
|  77|0x0000000086900000, 0x0000000086900000, 0x0000000086a00000|  0%| F|  |TAMS 0x0000000086900000, 0x0000000086900000| Untracked 
|  78|0x0000000086a00000, 0x0000000086b00000, 0x0000000086b00000|100%| O|  |TAMS 0x0000000086b00000, 0x0000000086a00000| Untracked 
|  79|0x0000000086b00000, 0x0000000086c00000, 0x0000000086c00000|100%| O|  |TAMS 0x0000000086c00000, 0x0000000086b00000| Untracked 
|  80|0x0000000086c00000, 0x0000000086d00000, 0x0000000086d00000|100%| O|  |TAMS 0x0000000086d00000, 0x0000000086c00000| Complete 
|  81|0x0000000086d00000, 0x0000000086e00000, 0x0000000086e00000|100%| O|  |TAMS 0x0000000086e00000, 0x0000000086d00000| Complete 
|  82|0x0000000086e00000, 0x0000000086f00000, 0x0000000086f00000|100%| O|  |TAMS 0x0000000086f00000, 0x0000000086e00000| Untracked 
|  83|0x0000000086f00000, 0x0000000087000000, 0x0000000087000000|100%| O|  |TAMS 0x0000000087000000, 0x0000000086f00000| Untracked 
|  84|0x0000000087000000, 0x0000000087100000, 0x0000000087100000|100%| O|  |TAMS 0x0000000087100000, 0x0000000087000000| Untracked 
|  85|0x0000000087100000, 0x0000000087200000, 0x0000000087200000|100%| O|  |TAMS 0x0000000087200000, 0x0000000087100000| Untracked 
|  86|0x0000000087200000, 0x0000000087300000, 0x0000000087300000|100%| O|  |TAMS 0x0000000087300000, 0x0000000087200000| Untracked 
|  87|0x0000000087300000, 0x0000000087400000, 0x0000000087400000|100%| O|  |TAMS 0x0000000087400000, 0x0000000087300000| Untracked 
|  88|0x0000000087400000, 0x0000000087500000, 0x0000000087500000|100%| O|  |TAMS 0x0000000087500000, 0x0000000087400000| Untracked 
|  89|0x0000000087500000, 0x0000000087600000, 0x0000000087600000|100%| O|  |TAMS 0x0000000087600000, 0x0000000087500000| Untracked 
|  90|0x0000000087600000, 0x0000000087700000, 0x0000000087700000|100%| O|  |TAMS 0x0000000087700000, 0x0000000087600000| Untracked 
|  91|0x0000000087700000, 0x0000000087800000, 0x0000000087800000|100%| O|  |TAMS 0x0000000087800000, 0x0000000087700000| Untracked 
|  92|0x0000000087800000, 0x0000000087900000, 0x0000000087900000|100%| O|  |TAMS 0x0000000087900000, 0x0000000087800000| Untracked 
|  93|0x0000000087900000, 0x0000000087a00000, 0x0000000087a00000|100%| O|  |TAMS 0x0000000087a00000, 0x0000000087900000| Untracked 
|  94|0x0000000087a00000, 0x0000000087b00000, 0x0000000087b00000|100%| O|  |TAMS 0x0000000087b00000, 0x0000000087a00000| Untracked 
|  95|0x0000000087b00000, 0x0000000087c00000, 0x0000000087c00000|100%| O|  |TAMS 0x0000000087c00000, 0x0000000087b00000| Untracked 
|  96|0x0000000087c00000, 0x0000000087d00000, 0x0000000087d00000|100%| O|  |TAMS 0x0000000087d00000, 0x0000000087c00000| Untracked 
|  97|0x0000000087d00000, 0x0000000087e00000, 0x0000000087e00000|100%| O|  |TAMS 0x0000000087e00000, 0x0000000087d00000| Untracked 
|  98|0x0000000087e00000, 0x0000000087f00000, 0x0000000087f00000|100%| O|  |TAMS 0x0000000087f00000, 0x0000000087e00000| Complete 
|  99|0x0000000087f00000, 0x0000000088000000, 0x0000000088000000|100%| O|  |TAMS 0x0000000088000000, 0x0000000087f00000| Untracked 
| 100|0x0000000088000000, 0x0000000088100000, 0x0000000088100000|100%| O|  |TAMS 0x0000000088052800, 0x0000000088000000| Untracked 
| 101|0x0000000088100000, 0x0000000088200000, 0x0000000088200000|100%| O|  |TAMS 0x0000000088100000, 0x0000000088100000| Untracked 
| 102|0x0000000088200000, 0x0000000088300000, 0x0000000088300000|100%| O|  |TAMS 0x0000000088200000, 0x0000000088200000| Untracked 
| 103|0x0000000088300000, 0x0000000088400000, 0x0000000088400000|100%| O|  |TAMS 0x0000000088300000, 0x0000000088300000| Untracked 
| 104|0x0000000088400000, 0x0000000088500000, 0x0000000088500000|100%| O|  |TAMS 0x0000000088400000, 0x0000000088400000| Untracked 
| 105|0x0000000088500000, 0x0000000088600000, 0x0000000088600000|100%| O|  |TAMS 0x0000000088500000, 0x0000000088500000| Untracked 
| 106|0x0000000088600000, 0x0000000088700000, 0x0000000088700000|100%| O|  |TAMS 0x0000000088600000, 0x0000000088600000| Untracked 
| 107|0x0000000088700000, 0x0000000088800000, 0x0000000088800000|100%| O|  |TAMS 0x0000000088700000, 0x0000000088700000| Untracked 
| 108|0x0000000088800000, 0x0000000088900000, 0x0000000088900000|100%| O|  |TAMS 0x0000000088800000, 0x0000000088800000| Untracked 
| 109|0x0000000088900000, 0x0000000088a00000, 0x0000000088a00000|100%| O|  |TAMS 0x0000000088900000, 0x0000000088900000| Untracked 
| 110|0x0000000088a00000, 0x0000000088abf200, 0x0000000088b00000| 74%| O|  |TAMS 0x0000000088a00000, 0x0000000088a00000| Untracked 
| 111|0x0000000088b00000, 0x0000000088b00000, 0x0000000088c00000|  0%| F|  |TAMS 0x0000000088b00000, 0x0000000088b00000| Untracked 
| 112|0x0000000088c00000, 0x0000000088c00000, 0x0000000088d00000|  0%| F|  |TAMS 0x0000000088c00000, 0x0000000088c00000| Untracked 
| 113|0x0000000088d00000, 0x0000000088d00000, 0x0000000088e00000|  0%| F|  |TAMS 0x0000000088d00000, 0x0000000088d00000| Untracked 
| 114|0x0000000088e00000, 0x0000000088e00000, 0x0000000088f00000|  0%| F|  |TAMS 0x0000000088e00000, 0x0000000088e00000| Untracked 
| 115|0x0000000088f00000, 0x0000000088f00000, 0x0000000089000000|  0%| F|  |TAMS 0x0000000088f00000, 0x0000000088f00000| Untracked 
| 116|0x0000000089000000, 0x0000000089000000, 0x0000000089100000|  0%| F|  |TAMS 0x0000000089000000, 0x0000000089000000| Untracked 
| 117|0x0000000089100000, 0x0000000089100000, 0x0000000089200000|  0%| F|  |TAMS 0x0000000089100000, 0x0000000089100000| Untracked 
| 118|0x0000000089200000, 0x0000000089200000, 0x0000000089300000|  0%| F|  |TAMS 0x0000000089200000, 0x0000000089200000| Untracked 
| 119|0x0000000089300000, 0x0000000089300000, 0x0000000089400000|  0%| F|  |TAMS 0x0000000089300000, 0x0000000089300000| Untracked 
| 120|0x0000000089400000, 0x0000000089400000, 0x0000000089500000|  0%| F|  |TAMS 0x0000000089400000, 0x0000000089400000| Untracked 
| 121|0x0000000089500000, 0x0000000089500000, 0x0000000089600000|  0%| F|  |TAMS 0x0000000089500000, 0x0000000089500000| Untracked 
| 122|0x0000000089600000, 0x0000000089600000, 0x0000000089700000|  0%| F|  |TAMS 0x0000000089600000, 0x0000000089600000| Untracked 
| 123|0x0000000089700000, 0x0000000089700000, 0x0000000089800000|  0%| F|  |TAMS 0x0000000089700000, 0x0000000089700000| Untracked 
| 124|0x0000000089800000, 0x0000000089800000, 0x0000000089900000|  0%| F|  |TAMS 0x0000000089800000, 0x0000000089800000| Untracked 
| 125|0x0000000089900000, 0x0000000089900000, 0x0000000089a00000|  0%| F|  |TAMS 0x0000000089900000, 0x0000000089900000| Untracked 
| 126|0x0000000089a00000, 0x0000000089a00000, 0x0000000089b00000|  0%| F|  |TAMS 0x0000000089a00000, 0x0000000089a00000| Untracked 
| 127|0x0000000089b00000, 0x0000000089b00000, 0x0000000089c00000|  0%| F|  |TAMS 0x0000000089b00000, 0x0000000089b00000| Untracked 
| 128|0x0000000089c00000, 0x0000000089c00000, 0x0000000089d00000|  0%| F|  |TAMS 0x0000000089c00000, 0x0000000089c00000| Untracked 
| 129|0x0000000089d00000, 0x0000000089d00000, 0x0000000089e00000|  0%| F|  |TAMS 0x0000000089d00000, 0x0000000089d00000| Untracked 
| 130|0x0000000089e00000, 0x0000000089e00000, 0x0000000089f00000|  0%| F|  |TAMS 0x0000000089e00000, 0x0000000089e00000| Untracked 
| 131|0x0000000089f00000, 0x0000000089f00000, 0x000000008a000000|  0%| F|  |TAMS 0x0000000089f00000, 0x0000000089f00000| Untracked 
| 132|0x000000008a000000, 0x000000008a000000, 0x000000008a100000|  0%| F|  |TAMS 0x000000008a000000, 0x000000008a000000| Untracked 
| 133|0x000000008a100000, 0x000000008a100000, 0x000000008a200000|  0%| F|  |TAMS 0x000000008a100000, 0x000000008a100000| Untracked 
| 134|0x000000008a200000, 0x000000008a200000, 0x000000008a300000|  0%| F|  |TAMS 0x000000008a200000, 0x000000008a200000| Untracked 
| 135|0x000000008a300000, 0x000000008a300000, 0x000000008a400000|  0%| F|  |TAMS 0x000000008a300000, 0x000000008a300000| Untracked 
| 136|0x000000008a400000, 0x000000008a400000, 0x000000008a500000|  0%| F|  |TAMS 0x000000008a400000, 0x000000008a400000| Untracked 
| 137|0x000000008a500000, 0x000000008a500000, 0x000000008a600000|  0%| F|  |TAMS 0x000000008a500000, 0x000000008a500000| Untracked 
| 138|0x000000008a600000, 0x000000008a600000, 0x000000008a700000|  0%| F|  |TAMS 0x000000008a600000, 0x000000008a600000| Untracked 
| 139|0x000000008a700000, 0x000000008a700000, 0x000000008a800000|  0%| F|  |TAMS 0x000000008a700000, 0x000000008a700000| Untracked 
| 140|0x000000008a800000, 0x000000008a800000, 0x000000008a900000|  0%| F|  |TAMS 0x000000008a800000, 0x000000008a800000| Untracked 
| 141|0x000000008a900000, 0x000000008a900000, 0x000000008aa00000|  0%| F|  |TAMS 0x000000008a900000, 0x000000008a900000| Untracked 
| 142|0x000000008aa00000, 0x000000008aa00000, 0x000000008ab00000|  0%| F|  |TAMS 0x000000008aa00000, 0x000000008aa00000| Untracked 
| 143|0x000000008ab00000, 0x000000008ab00000, 0x000000008ac00000|  0%| F|  |TAMS 0x000000008ab00000, 0x000000008ab00000| Untracked 
| 144|0x000000008ac00000, 0x000000008ac00000, 0x000000008ad00000|  0%| F|  |TAMS 0x000000008ac00000, 0x000000008ac00000| Untracked 
| 145|0x000000008ad00000, 0x000000008ad00000, 0x000000008ae00000|  0%| F|  |TAMS 0x000000008ad00000, 0x000000008ad00000| Untracked 
| 146|0x000000008ae00000, 0x000000008ae00000, 0x000000008af00000|  0%| F|  |TAMS 0x000000008ae00000, 0x000000008ae00000| Untracked 
| 147|0x000000008af00000, 0x000000008af5efc8, 0x000000008b000000| 37%| S|CS|TAMS 0x000000008af00000, 0x000000008af00000| Complete 
| 148|0x000000008b000000, 0x000000008b100000, 0x000000008b100000|100%| S|CS|TAMS 0x000000008b000000, 0x000000008b000000| Complete 
| 149|0x000000008b100000, 0x000000008b200000, 0x000000008b200000|100%| S|CS|TAMS 0x000000008b100000, 0x000000008b100000| Complete 
| 150|0x000000008b200000, 0x000000008b300000, 0x000000008b300000|100%| S|CS|TAMS 0x000000008b200000, 0x000000008b200000| Complete 
| 151|0x000000008b300000, 0x000000008b400000, 0x000000008b400000|100%| S|CS|TAMS 0x000000008b300000, 0x000000008b300000| Complete 
| 152|0x000000008b400000, 0x000000008b500000, 0x000000008b500000|100%| S|CS|TAMS 0x000000008b400000, 0x000000008b400000| Complete 
| 153|0x000000008b500000, 0x000000008b600000, 0x000000008b600000|100%| S|CS|TAMS 0x000000008b500000, 0x000000008b500000| Complete 
| 154|0x000000008b600000, 0x000000008b700000, 0x000000008b700000|100%| S|CS|TAMS 0x000000008b600000, 0x000000008b600000| Complete 
| 155|0x000000008b700000, 0x000000008b800000, 0x000000008b800000|100%| S|CS|TAMS 0x000000008b700000, 0x000000008b700000| Complete 
| 156|0x000000008b800000, 0x000000008b900000, 0x000000008b900000|100%| S|CS|TAMS 0x000000008b800000, 0x000000008b800000| Complete 
| 157|0x000000008b900000, 0x000000008b900000, 0x000000008ba00000|  0%| F|  |TAMS 0x000000008b900000, 0x000000008b900000| Untracked 
| 158|0x000000008ba00000, 0x000000008ba00000, 0x000000008bb00000|  0%| F|  |TAMS 0x000000008ba00000, 0x000000008ba00000| Untracked 
| 159|0x000000008bb00000, 0x000000008bb00000, 0x000000008bc00000|  0%| F|  |TAMS 0x000000008bb00000, 0x000000008bb00000| Untracked 
| 160|0x000000008bc00000, 0x000000008bc00000, 0x000000008bd00000|  0%| F|  |TAMS 0x000000008bc00000, 0x000000008bc00000| Untracked 
| 161|0x000000008bd00000, 0x000000008bd00000, 0x000000008be00000|  0%| F|  |TAMS 0x000000008bd00000, 0x000000008bd00000| Untracked 
| 162|0x000000008be00000, 0x000000008be00000, 0x000000008bf00000|  0%| F|  |TAMS 0x000000008be00000, 0x000000008be00000| Untracked 
| 163|0x000000008bf00000, 0x000000008bf00000, 0x000000008c000000|  0%| F|  |TAMS 0x000000008bf00000, 0x000000008bf00000| Untracked 
| 164|0x000000008c000000, 0x000000008c000000, 0x000000008c100000|  0%| F|  |TAMS 0x000000008c000000, 0x000000008c000000| Untracked 
| 165|0x000000008c100000, 0x000000008c100000, 0x000000008c200000|  0%| F|  |TAMS 0x000000008c100000, 0x000000008c100000| Untracked 
| 166|0x000000008c200000, 0x000000008c200000, 0x000000008c300000|  0%| F|  |TAMS 0x000000008c200000, 0x000000008c200000| Untracked 
| 167|0x000000008c300000, 0x000000008c300000, 0x000000008c400000|  0%| F|  |TAMS 0x000000008c300000, 0x000000008c300000| Untracked 
| 168|0x000000008c400000, 0x000000008c400000, 0x000000008c500000|  0%| F|  |TAMS 0x000000008c400000, 0x000000008c400000| Untracked 
| 169|0x000000008c500000, 0x000000008c500000, 0x000000008c600000|  0%| F|  |TAMS 0x000000008c500000, 0x000000008c500000| Untracked 
| 170|0x000000008c600000, 0x000000008c600000, 0x000000008c700000|  0%| F|  |TAMS 0x000000008c600000, 0x000000008c600000| Untracked 
| 171|0x000000008c700000, 0x000000008c700000, 0x000000008c800000|  0%| F|  |TAMS 0x000000008c700000, 0x000000008c700000| Untracked 
| 172|0x000000008c800000, 0x000000008c800000, 0x000000008c900000|  0%| F|  |TAMS 0x000000008c800000, 0x000000008c800000| Untracked 
| 173|0x000000008c900000, 0x000000008c900000, 0x000000008ca00000|  0%| F|  |TAMS 0x000000008c900000, 0x000000008c900000| Untracked 
| 174|0x000000008ca00000, 0x000000008ca00000, 0x000000008cb00000|  0%| F|  |TAMS 0x000000008ca00000, 0x000000008ca00000| Untracked 
| 175|0x000000008cb00000, 0x000000008cb00000, 0x000000008cc00000|  0%| F|  |TAMS 0x000000008cb00000, 0x000000008cb00000| Untracked 
| 176|0x000000008cc00000, 0x000000008cc00000, 0x000000008cd00000|  0%| F|  |TAMS 0x000000008cc00000, 0x000000008cc00000| Untracked 
| 177|0x000000008cd00000, 0x000000008cd00000, 0x000000008ce00000|  0%| F|  |TAMS 0x000000008cd00000, 0x000000008cd00000| Untracked 
| 178|0x000000008ce00000, 0x000000008ce00000, 0x000000008cf00000|  0%| F|  |TAMS 0x000000008ce00000, 0x000000008ce00000| Untracked 
| 179|0x000000008cf00000, 0x000000008cf00000, 0x000000008d000000|  0%| F|  |TAMS 0x000000008cf00000, 0x000000008cf00000| Untracked 
| 180|0x000000008d000000, 0x000000008d000000, 0x000000008d100000|  0%| F|  |TAMS 0x000000008d000000, 0x000000008d000000| Untracked 
| 181|0x000000008d100000, 0x000000008d100000, 0x000000008d200000|  0%| F|  |TAMS 0x000000008d100000, 0x000000008d100000| Untracked 
| 182|0x000000008d200000, 0x000000008d200000, 0x000000008d300000|  0%| F|  |TAMS 0x000000008d200000, 0x000000008d200000| Untracked 
| 183|0x000000008d300000, 0x000000008d300000, 0x000000008d400000|  0%| F|  |TAMS 0x000000008d300000, 0x000000008d300000| Untracked 
| 184|0x000000008d400000, 0x000000008d400000, 0x000000008d500000|  0%| F|  |TAMS 0x000000008d400000, 0x000000008d400000| Untracked 
| 185|0x000000008d500000, 0x000000008d500000, 0x000000008d600000|  0%| F|  |TAMS 0x000000008d500000, 0x000000008d500000| Untracked 
| 186|0x000000008d600000, 0x000000008d600000, 0x000000008d700000|  0%| F|  |TAMS 0x000000008d600000, 0x000000008d600000| Untracked 
| 187|0x000000008d700000, 0x000000008d700000, 0x000000008d800000|  0%| F|  |TAMS 0x000000008d700000, 0x000000008d700000| Untracked 
| 188|0x000000008d800000, 0x000000008d800000, 0x000000008d900000|  0%| F|  |TAMS 0x000000008d800000, 0x000000008d800000| Untracked 
| 189|0x000000008d900000, 0x000000008d900000, 0x000000008da00000|  0%| F|  |TAMS 0x000000008d900000, 0x000000008d900000| Untracked 
| 190|0x000000008da00000, 0x000000008da00000, 0x000000008db00000|  0%| F|  |TAMS 0x000000008da00000, 0x000000008da00000| Untracked 
| 191|0x000000008db00000, 0x000000008db00000, 0x000000008dc00000|  0%| F|  |TAMS 0x000000008db00000, 0x000000008db00000| Untracked 
| 192|0x000000008dc00000, 0x000000008dc00000, 0x000000008dd00000|  0%| F|  |TAMS 0x000000008dc00000, 0x000000008dc00000| Untracked 
| 193|0x000000008dd00000, 0x000000008dd00000, 0x000000008de00000|  0%| F|  |TAMS 0x000000008dd00000, 0x000000008dd00000| Untracked 
| 194|0x000000008de00000, 0x000000008de00000, 0x000000008df00000|  0%| F|  |TAMS 0x000000008de00000, 0x000000008de00000| Untracked 
| 195|0x000000008df00000, 0x000000008df00000, 0x000000008e000000|  0%| F|  |TAMS 0x000000008df00000, 0x000000008df00000| Untracked 
| 196|0x000000008e000000, 0x000000008e080800, 0x000000008e100000| 50%| E|  |TAMS 0x000000008e000000, 0x000000008e000000| Complete 
| 197|0x000000008e100000, 0x000000008e200000, 0x000000008e200000|100%| E|CS|TAMS 0x000000008e100000, 0x000000008e100000| Complete 
| 198|0x000000008e200000, 0x000000008e300000, 0x000000008e300000|100%| E|CS|TAMS 0x000000008e200000, 0x000000008e200000| Complete 
| 199|0x000000008e300000, 0x000000008e400000, 0x000000008e400000|100%| E|CS|TAMS 0x000000008e300000, 0x000000008e300000| Complete 
| 200|0x000000008e400000, 0x000000008e500000, 0x000000008e500000|100%| E|CS|TAMS 0x000000008e400000, 0x000000008e400000| Complete 
| 201|0x000000008e500000, 0x000000008e600000, 0x000000008e600000|100%| E|CS|TAMS 0x000000008e500000, 0x000000008e500000| Complete 
| 202|0x000000008e600000, 0x000000008e700000, 0x000000008e700000|100%| E|CS|TAMS 0x000000008e600000, 0x000000008e600000| Complete 
| 203|0x000000008e700000, 0x000000008e800000, 0x000000008e800000|100%| E|CS|TAMS 0x000000008e700000, 0x000000008e700000| Complete 
| 204|0x000000008e800000, 0x000000008e900000, 0x000000008e900000|100%| E|CS|TAMS 0x000000008e800000, 0x000000008e800000| Complete 
| 205|0x000000008e900000, 0x000000008ea00000, 0x000000008ea00000|100%| E|CS|TAMS 0x000000008e900000, 0x000000008e900000| Complete 
| 206|0x000000008ea00000, 0x000000008eb00000, 0x000000008eb00000|100%| E|CS|TAMS 0x000000008ea00000, 0x000000008ea00000| Complete 
| 207|0x000000008eb00000, 0x000000008ec00000, 0x000000008ec00000|100%| E|CS|TAMS 0x000000008eb00000, 0x000000008eb00000| Complete 
| 208|0x000000008ec00000, 0x000000008ed00000, 0x000000008ed00000|100%| E|CS|TAMS 0x000000008ec00000, 0x000000008ec00000| Complete 
| 209|0x000000008ed00000, 0x000000008ee00000, 0x000000008ee00000|100%| E|CS|TAMS 0x000000008ed00000, 0x000000008ed00000| Complete 
| 210|0x000000008ee00000, 0x000000008ef00000, 0x000000008ef00000|100%| E|CS|TAMS 0x000000008ee00000, 0x000000008ee00000| Complete 
| 211|0x000000008ef00000, 0x000000008f000000, 0x000000008f000000|100%| E|CS|TAMS 0x000000008ef00000, 0x000000008ef00000| Complete 
| 212|0x000000008f000000, 0x000000008f100000, 0x000000008f100000|100%| E|CS|TAMS 0x000000008f000000, 0x000000008f000000| Complete 
| 213|0x000000008f100000, 0x000000008f200000, 0x000000008f200000|100%| E|CS|TAMS 0x000000008f100000, 0x000000008f100000| Complete 
| 214|0x000000008f200000, 0x000000008f300000, 0x000000008f300000|100%| E|CS|TAMS 0x000000008f200000, 0x000000008f200000| Complete 
| 215|0x000000008f300000, 0x000000008f400000, 0x000000008f400000|100%| E|CS|TAMS 0x000000008f300000, 0x000000008f300000| Complete 
| 216|0x000000008f400000, 0x000000008f500000, 0x000000008f500000|100%| E|CS|TAMS 0x000000008f400000, 0x000000008f400000| Complete 
| 217|0x000000008f500000, 0x000000008f600000, 0x000000008f600000|100%| E|CS|TAMS 0x000000008f500000, 0x000000008f500000| Complete 
| 218|0x000000008f600000, 0x000000008f700000, 0x000000008f700000|100%| E|CS|TAMS 0x000000008f600000, 0x000000008f600000| Complete 
| 219|0x000000008f700000, 0x000000008f800000, 0x000000008f800000|100%| E|CS|TAMS 0x000000008f700000, 0x000000008f700000| Complete 
| 220|0x000000008f800000, 0x000000008f900000, 0x000000008f900000|100%| E|CS|TAMS 0x000000008f800000, 0x000000008f800000| Complete 
| 221|0x000000008f900000, 0x000000008fa00000, 0x000000008fa00000|100%| E|CS|TAMS 0x000000008f900000, 0x000000008f900000| Complete 

Card table byte_map: [0x000001d326ab0000,0x000001d326eb0000] _byte_map_base: 0x000001d3266a2000

Marking Bits (Prev, Next): (CMBitMap*) 0x000001d313ed63f0, (CMBitMap*) 0x000001d313ed63b0
 Prev Bits: [0x000001d329240000, 0x000001d32b1d0000)
 Next Bits: [0x000001d3272b0000, 0x000001d329240000)

Polling page: 0x000001d311dd0000

Metaspace:

Usage:
  Non-class:     72.12 MB used.
      Class:      8.90 MB used.
       Both:     81.02 MB used.

Virtual space:
  Non-class space:      128.00 MB reserved,      72.31 MB ( 56%) committed,  2 nodes.
      Class space:        1.00 GB reserved,       9.06 MB ( <1%) committed,  1 nodes.
             Both:        1.12 GB reserved,      81.38 MB (  7%) committed. 

Chunk freelists:
   Non-Class:  7.67 MB
       Class:  6.73 MB
        Both:  14.41 MB

MaxMetaspaceSize: unlimited
CompressedClassSpaceSize: 1.00 GB
Initial GC threshold: 21.00 MB
Current GC threshold: 131.25 MB
CDS: off
MetaspaceReclaimPolicy: balanced
 - commit_granule_bytes: 65536.
 - commit_granule_words: 8192.
 - virtual_space_node_default_size: 8388608.
 - enlarge_chunks_in_place: 1.
 - new_chunks_are_fully_committed: 0.
 - uncommit_free_chunks: 1.
 - use_allocation_guard: 0.
 - handle_deallocations: 1.


Internal statistics:

num_allocs_failed_limit: 6.
num_arena_births: 468.
num_arena_deaths: 0.
num_vsnodes_births: 3.
num_vsnodes_deaths: 0.
num_space_committed: 1300.
num_space_uncommitted: 0.
num_chunks_returned_to_freelist: 6.
num_chunks_taken_from_freelist: 3219.
num_chunk_merges: 6.
num_chunk_splits: 2572.
num_chunks_enlarged: 2198.
num_inconsistent_stats: 0.

CodeHeap 'non-profiled nmethods': size=120000Kb used=8189Kb max_used=8189Kb free=111810Kb
 bounds [0x000001d31ee30000, 0x000001d31f630000, 0x000001d326360000]
CodeHeap 'profiled nmethods': size=120000Kb used=37599Kb max_used=37599Kb free=82400Kb
 bounds [0x000001d317360000, 0x000001d319820000, 0x000001d31e890000]
CodeHeap 'non-nmethods': size=5760Kb used=1404Kb max_used=1510Kb free=4355Kb
 bounds [0x000001d31e890000, 0x000001d31eb00000, 0x000001d31ee30000]
 total_blobs=13799 nmethods=13066 adapters=640
 compilation: enabled
              stopped_count=0, restarted_count=0
 full_count=0

Compilation events (20 events):
Event: 24.294 Thread 0x000001d33205c740 nmethod 15736 0x000001d3197c7e90 code [0x000001d3197c80c0, 0x000001d3197c8a08]
Event: 24.295 Thread 0x000001d33205c740 15737       3       org.jetbrains.kotlin.ir.declarations.lazy.IrLazyClass::lazyParent (5 bytes)
Event: 24.296 Thread 0x000001d33205c740 nmethod 15737 0x000001d3197c8c10 code [0x000001d3197c8da0, 0x000001d3197c8ec8]
Event: 24.303 Thread 0x000001d33205c740 15738       3       org.jetbrains.kotlin.backend.jvm.intrinsics.IrIntrinsicMethods$Key::hashCode (60 bytes)
Event: 24.304 Thread 0x000001d33205c740 nmethod 15738 0x000001d3197c8f90 code [0x000001d3197c9180, 0x000001d3197c9638]
Event: 24.304 Thread 0x000001d3327cbba0 15739       4       org.jetbrains.kotlin.ir.declarations.impl.IrConstructorImpl::getParent (17 bytes)
Event: 24.305 Thread 0x000001d33205c740 15740       3       org.jetbrains.kotlin.ir.declarations.impl.IrFieldImpl::getParent (17 bytes)
Event: 24.305 Thread 0x000001d3327cbba0 nmethod 15739 0x000001d31f61dc90 code [0x000001d31f61de00, 0x000001d31f61de98]
Event: 24.306 Thread 0x000001d33205c740 nmethod 15740 0x000001d3197c9890 code [0x000001d3197c9b00, 0x000001d3197ca358]
Event: 24.306 Thread 0x000001d33205c740 15742       3       org.jetbrains.kotlin.backend.jvm.intrinsics.IrIntrinsicMethods$Companion::getParameterFqName (25 bytes)
Event: 24.307 Thread 0x000001d33205c740 nmethod 15742 0x000001d3197ca690 code [0x000001d3197ca8e0, 0x000001d3197cb2b8]
Event: 24.307 Thread 0x000001d33205c740 15741       1       org.jetbrains.kotlin.ir.declarations.impl.IrConstructorImpl::isInline (5 bytes)
Event: 24.307 Thread 0x000001d33205c740 nmethod 15741 0x000001d31f61df90 code [0x000001d31f61e120, 0x000001d31f61e1f8]
Event: 24.307 Thread 0x000001d3327cbba0 15743       4       org.jetbrains.kotlin.ir.declarations.impl.IrClassImpl::getParent (18 bytes)
Event: 24.308 Thread 0x000001d3327cbba0 nmethod 15743 0x000001d31f61e290 code [0x000001d31f61e400, 0x000001d31f61e498]
Event: 24.308 Thread 0x000001d33205c740 15745       1       org.jetbrains.kotlin.ir.declarations.impl.IrConstructorImpl::getVisibility (5 bytes)
Event: 24.308 Thread 0x000001d3327cbba0 15744       4       org.jetbrains.kotlin.descriptors.DescriptorVisibilities::isPrivate (29 bytes)
Event: 24.308 Thread 0x000001d33205c740 nmethod 15745 0x000001d31f61e590 code [0x000001d31f61e720, 0x000001d31f61e7f8]
Event: 24.309 Thread 0x000001d3327cbba0 nmethod 15744 0x000001d31f61e890 code [0x000001d31f61ea00, 0x000001d31f61eab8]
Event: 24.309 Thread 0x000001d3327cbba0 15746       4       org.jetbrains.kotlin.ir.declarations.IrFunction::transformChildren (99 bytes)

GC Heap History (20 events):
Event: 9.078 GC heap before
{Heap before GC invocations=19 (full 0):
 garbage-first heap   total 112640K, used 88625K [0x0000000081c00000, 0x0000000100000000)
  region size 1024K, 38 young (38912K), 4 survivors (4096K)
 Metaspace       used 57905K, committed 58176K, reserved 1114112K
  class space    used 6777K, committed 6912K, reserved 1048576K
}
Event: 9.100 GC heap after
{Heap after GC invocations=20 (full 0):
 garbage-first heap   total 112640K, used 58448K [0x0000000081c00000, 0x0000000100000000)
  region size 1024K, 5 young (5120K), 5 survivors (5120K)
 Metaspace       used 57905K, committed 58176K, reserved 1114112K
  class space    used 6777K, committed 6912K, reserved 1048576K
}
Event: 9.493 GC heap before
{Heap before GC invocations=20 (full 0):
 garbage-first heap   total 112640K, used 89168K [0x0000000081c00000, 0x0000000100000000)
  region size 1024K, 35 young (35840K), 5 survivors (5120K)
 Metaspace       used 57905K, committed 58176K, reserved 1114112K
  class space    used 6777K, committed 6912K, reserved 1048576K
}
Event: 9.504 GC heap after
{Heap after GC invocations=21 (full 0):
 garbage-first heap   total 112640K, used 60909K [0x0000000081c00000, 0x0000000100000000)
  region size 1024K, 3 young (3072K), 3 survivors (3072K)
 Metaspace       used 57905K, committed 58176K, reserved 1114112K
  class space    used 6777K, committed 6912K, reserved 1048576K
}
Event: 9.610 GC heap before
{Heap before GC invocations=21 (full 0):
 garbage-first heap   total 145408K, used 90605K [0x0000000081c00000, 0x0000000100000000)
  region size 1024K, 32 young (32768K), 3 survivors (3072K)
 Metaspace       used 57908K, committed 58176K, reserved 1114112K
  class space    used 6777K, committed 6912K, reserved 1048576K
}
Event: 9.619 GC heap after
{Heap after GC invocations=22 (full 0):
 garbage-first heap   total 227328K, used 64498K [0x0000000081c00000, 0x0000000100000000)
  region size 1024K, 4 young (4096K), 4 survivors (4096K)
 Metaspace       used 57908K, committed 58176K, reserved 1114112K
  class space    used 6777K, committed 6912K, reserved 1048576K
}
Event: 12.275 GC heap before
{Heap before GC invocations=23 (full 0):
 garbage-first heap   total 227328K, used 170994K [0x0000000081c00000, 0x0000000100000000)
  region size 1024K, 107 young (109568K), 4 survivors (4096K)
 Metaspace       used 60766K, committed 61120K, reserved 1114112K
  class space    used 6937K, committed 7104K, reserved 1048576K
}
Event: 12.297 GC heap after
{Heap after GC invocations=24 (full 0):
 garbage-first heap   total 227328K, used 76858K [0x0000000081c00000, 0x0000000100000000)
  region size 1024K, 14 young (14336K), 14 survivors (14336K)
 Metaspace       used 60766K, committed 61120K, reserved 1114112K
  class space    used 6937K, committed 7104K, reserved 1048576K
}
Event: 12.354 GC heap before
{Heap before GC invocations=24 (full 0):
 garbage-first heap   total 227328K, used 77882K [0x0000000081c00000, 0x0000000100000000)
  region size 1024K, 15 young (15360K), 14 survivors (14336K)
 Metaspace       used 60815K, committed 61120K, reserved 1114112K
  class space    used 6937K, committed 7104K, reserved 1048576K
}
Event: 12.368 GC heap after
{Heap after GC invocations=25 (full 0):
 garbage-first heap   total 227328K, used 77303K [0x0000000081c00000, 0x0000000100000000)
  region size 1024K, 1 young (1024K), 1 survivors (1024K)
 Metaspace       used 60815K, committed 61120K, reserved 1114112K
  class space    used 6937K, committed 7104K, reserved 1048576K
}
Event: 15.036 GC heap before
{Heap before GC invocations=25 (full 0):
 garbage-first heap   total 227328K, used 165367K [0x0000000081c00000, 0x0000000100000000)
  region size 1024K, 85 young (87040K), 1 survivors (1024K)
 Metaspace       used 61919K, committed 62208K, reserved 1114112K
  class space    used 6963K, committed 7104K, reserved 1048576K
}
Event: 15.046 GC heap after
{Heap after GC invocations=26 (full 0):
 garbage-first heap   total 227328K, used 86434K [0x0000000081c00000, 0x0000000100000000)
  region size 1024K, 8 young (8192K), 8 survivors (8192K)
 Metaspace       used 61919K, committed 62208K, reserved 1114112K
  class space    used 6963K, committed 7104K, reserved 1048576K
}
Event: 15.553 GC heap before
{Heap before GC invocations=26 (full 0):
 garbage-first heap   total 227328K, used 170402K [0x0000000081c00000, 0x0000000100000000)
  region size 1024K, 90 young (92160K), 8 survivors (8192K)
 Metaspace       used 61960K, committed 62272K, reserved 1114112K
  class space    used 6963K, committed 7104K, reserved 1048576K
}
Event: 15.568 GC heap after
{Heap after GC invocations=27 (full 0):
 garbage-first heap   total 227328K, used 96034K [0x0000000081c00000, 0x0000000100000000)
  region size 1024K, 10 young (10240K), 10 survivors (10240K)
 Metaspace       used 61960K, committed 62272K, reserved 1114112K
  class space    used 6963K, committed 7104K, reserved 1048576K
}
Event: 18.102 GC heap before
{Heap before GC invocations=27 (full 0):
 garbage-first heap   total 227328K, used 175906K [0x0000000081c00000, 0x0000000100000000)
  region size 1024K, 88 young (90112K), 10 survivors (10240K)
 Metaspace       used 65113K, committed 65344K, reserved 1114112K
  class space    used 7283K, committed 7424K, reserved 1048576K
}
Event: 18.118 GC heap after
{Heap after GC invocations=28 (full 0):
 garbage-first heap   total 227328K, used 102521K [0x0000000081c00000, 0x0000000100000000)
  region size 1024K, 7 young (7168K), 7 survivors (7168K)
 Metaspace       used 65113K, committed 65344K, reserved 1114112K
  class space    used 7283K, committed 7424K, reserved 1048576K
}
Event: 21.327 GC heap before
{Heap before GC invocations=28 (full 0):
 garbage-first heap   total 227328K, used 180345K [0x0000000081c00000, 0x0000000100000000)
  region size 1024K, 83 young (84992K), 7 survivors (7168K)
 Metaspace       used 73199K, committed 73536K, reserved 1179648K
  class space    used 8081K, committed 8256K, reserved 1048576K
}
Event: 21.360 GC heap after
{Heap after GC invocations=29 (full 0):
 garbage-first heap   total 227328K, used 113468K [0x0000000081c00000, 0x0000000100000000)
  region size 1024K, 11 young (11264K), 11 survivors (11264K)
 Metaspace       used 73199K, committed 73536K, reserved 1179648K
  class space    used 8081K, committed 8256K, reserved 1048576K
}
Event: 23.516 GC heap before
{Heap before GC invocations=29 (full 0):
 garbage-first heap   total 227328K, used 180028K [0x0000000081c00000, 0x0000000100000000)
  region size 1024K, 76 young (77824K), 11 survivors (11264K)
 Metaspace       used 79723K, committed 80128K, reserved 1179648K
  class space    used 8763K, committed 8960K, reserved 1048576K
}
Event: 23.541 GC heap after
{Heap after GC invocations=30 (full 0):
 garbage-first heap   total 227328K, used 120684K [0x0000000081c00000, 0x0000000100000000)
  region size 1024K, 10 young (10240K), 10 survivors (10240K)
 Metaspace       used 79723K, committed 80128K, reserved 1179648K
  class space    used 8763K, committed 8960K, reserved 1048576K
}

Dll operation events (2 events):
Event: 0.012 Loaded shared library E:\Android Studio\jbr\bin\java.dll
Event: 2.202 Loaded shared library E:\Android Studio\jbr\bin\verify.dll

Deoptimization events (20 events):
Event: 24.208 Thread 0x000001d313e78930 Uncommon trap: trap_request=0xffffffde fr.pc=0x000001d31f5b5564 relative=0x0000000000001944
Event: 24.208 Thread 0x000001d313e78930 Uncommon trap: reason=class_check action=maybe_recompile pc=0x000001d31f5b5564 method=org.jetbrains.kotlin.ir.declarations.IrFunction.transformChildren(Lorg/jetbrains/kotlin/ir/visitors/IrElementTransformer;Ljava/lang/Object;)V @ 87 c2
Event: 24.208 Thread 0x000001d313e78930 DEOPT PACKING pc=0x000001d31f5b5564 sp=0x0000004e3c4fc640
Event: 24.208 Thread 0x000001d313e78930 DEOPT UNPACKING pc=0x000001d31e8e69a3 sp=0x0000004e3c4fc660 mode 2
Event: 24.229 Thread 0x000001d313e78930 Uncommon trap: trap_request=0xffffffde fr.pc=0x000001d31f241418 relative=0x0000000000000798
Event: 24.229 Thread 0x000001d313e78930 Uncommon trap: reason=class_check action=maybe_recompile pc=0x000001d31f241418 method=org.jetbrains.kotlin.ir.declarations.IrFunction.acceptChildren(Lorg/jetbrains/kotlin/ir/visitors/IrElementVisitor;Ljava/lang/Object;)V @ 174 c2
Event: 24.229 Thread 0x000001d313e78930 DEOPT PACKING pc=0x000001d31f241418 sp=0x0000004e3c4f39f0
Event: 24.229 Thread 0x000001d313e78930 DEOPT UNPACKING pc=0x000001d31e8e69a3 sp=0x0000004e3c4f3958 mode 2
Event: 24.229 Thread 0x000001d313e78930 Uncommon trap: trap_request=0xffffffde fr.pc=0x000001d31f241418 relative=0x0000000000000798
Event: 24.230 Thread 0x000001d313e78930 Uncommon trap: reason=class_check action=maybe_recompile pc=0x000001d31f241418 method=org.jetbrains.kotlin.ir.declarations.IrFunction.acceptChildren(Lorg/jetbrains/kotlin/ir/visitors/IrElementVisitor;Ljava/lang/Object;)V @ 174 c2
Event: 24.230 Thread 0x000001d313e78930 DEOPT PACKING pc=0x000001d31f241418 sp=0x0000004e3c4f7040
Event: 24.230 Thread 0x000001d313e78930 DEOPT UNPACKING pc=0x000001d31e8e69a3 sp=0x0000004e3c4f6fa8 mode 2
Event: 24.230 Thread 0x000001d313e78930 Uncommon trap: trap_request=0xffffffde fr.pc=0x000001d31f241418 relative=0x0000000000000798
Event: 24.230 Thread 0x000001d313e78930 Uncommon trap: reason=class_check action=maybe_recompile pc=0x000001d31f241418 method=org.jetbrains.kotlin.ir.declarations.IrFunction.acceptChildren(Lorg/jetbrains/kotlin/ir/visitors/IrElementVisitor;Ljava/lang/Object;)V @ 174 c2
Event: 24.230 Thread 0x000001d313e78930 DEOPT PACKING pc=0x000001d31f241418 sp=0x0000004e3c4fa690
Event: 24.230 Thread 0x000001d313e78930 DEOPT UNPACKING pc=0x000001d31e8e69a3 sp=0x0000004e3c4fa5f8 mode 2
Event: 24.307 Thread 0x000001d313e78930 Uncommon trap: trap_request=0xffffffde fr.pc=0x000001d31f5b5564 relative=0x0000000000001944
Event: 24.307 Thread 0x000001d313e78930 Uncommon trap: reason=class_check action=maybe_recompile pc=0x000001d31f5b5564 method=org.jetbrains.kotlin.ir.declarations.IrFunction.transformChildren(Lorg/jetbrains/kotlin/ir/visitors/IrElementTransformer;Ljava/lang/Object;)V @ 87 c2
Event: 24.307 Thread 0x000001d313e78930 DEOPT PACKING pc=0x000001d31f5b5564 sp=0x0000004e3c4f8750
Event: 24.307 Thread 0x000001d313e78930 DEOPT UNPACKING pc=0x000001d31e8e69a3 sp=0x0000004e3c4f8770 mode 2

Classes unloaded (0 events):
No events

Classes redefined (0 events):
No events

Internal exceptions (20 events):
Event: 8.759 Thread 0x000001d313e78930 Implicit null exception at 0x000001d31f11f1c0 to 0x000001d31f11facc
Event: 10.196 Thread 0x000001d313e78930 Exception <a 'java/lang/NoSuchMethodError'{0x000000008d55f328}: 'java.lang.Object java.lang.invoke.DirectMethodHandle$Holder.newInvokeSpecial(java.lang.Object, java.lang.Object, java.lang.Object, java.lang.Object, java.lang.Object, java.lang.Object, java.lang.Object)'> (0x000000008d55f328) 
thrown [s\src\hotspot\share\interpreter\linkResolver.cpp, line 771]
Event: 10.197 Thread 0x000001d313e78930 Exception <a 'java/lang/NoSuchMethodError'{0x000000008d563ee0}: 'java.lang.Object java.lang.invoke.Invokers$Holder.linkToTargetMethod(java.lang.Object, java.lang.Object, java.lang.Object, java.lang.Object, java.lang.Object, java.lang.Object, java.lang.Object)'> (0x000000008d563ee0) 
thrown [s\src\hotspot\share\interpreter\linkResolver.cpp, line 771]
Event: 10.641 Thread 0x000001d313e78930 Implicit null exception at 0x000001d31f136140 to 0x000001d31f1361cd
Event: 11.209 Thread 0x000001d313e78930 Exception <a 'java/lang/NoSuchMethodError'{0x000000008b8e6948}: 'java.lang.Object java.lang.invoke.DirectMethodHandle$Holder.invokeStatic(java.lang.Object, int, java.lang.Object)'> (0x000000008b8e6948) 
thrown [s\src\hotspot\share\interpreter\linkResolver.cpp, line 771]
Event: 11.257 Thread 0x000001d313e78930 Exception <a 'java/lang/NoSuchMethodError'{0x000000008b67f600}: 'java.lang.Object java.lang.invoke.DirectMethodHandle$Holder.invokeStatic(java.lang.Object, int, java.lang.Object, java.lang.Object)'> (0x000000008b67f600) 
thrown [s\src\hotspot\share\interpreter\linkResolver.cpp, line 771]
Event: 11.258 Thread 0x000001d313e78930 Exception <a 'java/lang/NoSuchMethodError'{0x000000008b688f80}: 'java.lang.Object java.lang.invoke.DirectMethodHandle$Holder.newInvokeSpecial(java.lang.Object, int, java.lang.Object)'> (0x000000008b688f80) 
thrown [s\src\hotspot\share\interpreter\linkResolver.cpp, line 771]
Event: 11.261 Thread 0x000001d313e78930 Exception <a 'java/lang/NoSuchMethodError'{0x000000008b6909d8}: 'int java.lang.invoke.DirectMethodHandle$Holder.invokeInterface(java.lang.Object, java.lang.Object)'> (0x000000008b6909d8) 
thrown [s\src\hotspot\share\interpreter\linkResolver.cpp, line 771]
Event: 13.954 Thread 0x000001d313e78930 Implicit null exception at 0x000001d31f363680 to 0x000001d31f363823
Event: 16.726 Thread 0x000001d313e78930 Exception <a 'java/lang/NoSuchMethodError'{0x000000008db3fa50}: 'java.lang.Object java.lang.invoke.DirectMethodHandle$Holder.newInvokeSpecial(java.lang.Object, java.lang.Object, java.lang.Object, java.lang.Object, java.lang.Object, java.lang.Object, java.lang.Object, java.lang.Object)'> (0x000000008db3fa50) 
thrown [s\src\hotspot\share\interpreter\linkResolver.cpp, line 771]
Event: 16.727 Thread 0x000001d313e78930 Exception <a 'java/lang/NoSuchMethodError'{0x000000008db45db0}: 'java.lang.Object java.lang.invoke.DirectMethodHandle$Holder.invokeSpecial(java.lang.Object, java.lang.Object, java.lang.Object, java.lang.Object, java.lang.Object, java.lang.Object, java.lang.Object, java.lang.Object, java.lang.Object)'> (0x000000008db45db0) 
thrown [s\src\hotspot\share\interpreter\linkResolver.cpp, line 771]
Event: 16.728 Thread 0x000001d313e78930 Exception <a 'java/lang/NoSuchMethodError'{0x000000008db4ba28}: 'java.lang.Object java.lang.invoke.Invokers$Holder.linkToTargetMethod(java.lang.Object, java.lang.Object, java.lang.Object, java.lang.Object, java.lang.Object, java.lang.Object, java.lang.Object, java.lang.Object)'> (0x000000008db4ba28) 
thrown [s\src\hotspot\share\interpreter\linkResolver.cpp, line 771]
Event: 18.049 Thread 0x000001d313e78930 Exception <a 'java/lang/NoSuchMethodError'{0x000000008ad876c8}: 'java.lang.Object java.lang.invoke.DirectMethodHandle$Holder.invokeStaticInit(java.lang.Object, java.lang.Object, java.lang.Object, java.lang.Object)'> (0x000000008ad876c8) 
thrown [s\src\hotspot\share\interpreter\linkResolver.cpp, line 771]
Event: 18.482 Thread 0x000001d313e78930 Exception <a 'java/lang/NoSuchMethodError'{0x000000008eed4358}: 'java.lang.Object java.lang.invoke.DirectMethodHandle$Holder.newInvokeSpecial(java.lang.Object, java.lang.Object, java.lang.Object, int, int)'> (0x000000008eed4358) 
thrown [s\src\hotspot\share\interpreter\linkResolver.cpp, line 771]
Event: 18.484 Thread 0x000001d313e78930 Exception <a 'java/lang/NoSuchMethodError'{0x000000008eed8198}: 'java.lang.Object java.lang.invoke.DirectMethodHandle$Holder.invokeSpecial(java.lang.Object, java.lang.Object, java.lang.Object, java.lang.Object, int, int)'> (0x000000008eed8198) 
thrown [s\src\hotspot\share\interpreter\linkResolver.cpp, line 771]
Event: 18.989 Thread 0x000001d313e78930 Implicit null exception at 0x000001d31ee9af16 to 0x000001d31ee9b1e0
Event: 19.230 Thread 0x000001d313e78930 Exception <a 'java/lang/NoSuchMethodError'{0x000000008de77528}: 'java.lang.Object java.lang.invoke.DirectMethodHandle$Holder.invokeSpecial(java.lang.Object, java.lang.Object, int, int, java.lang.Object, java.lang.Object, java.lang.Object, java.lang.Object, java.lang.Object)'> (0x000000008de77528) 
thrown [s\src\hotspot\share\interpreter\linkResolver.cpp, line 771]
Event: 19.239 Thread 0x000001d313e78930 Exception <a 'java/lang/NoSuchMethodError'{0x000000008de9e3c8}: 'java.lang.Object java.lang.invoke.DirectMethodHandle$Holder.newInvokeSpecial(java.lang.Object, java.lang.Object, int, int, java.lang.Object, java.lang.Object, java.lang.Object)'> (0x000000008de9e3c8) 
thrown [s\src\hotspot\share\interpreter\linkResolver.cpp, line 771]
Event: 19.239 Thread 0x000001d313e78930 Exception <a 'java/lang/NoSuchMethodError'{0x000000008dea29c8}: 'java.lang.Object java.lang.invoke.DirectMethodHandle$Holder.invokeSpecial(java.lang.Object, java.lang.Object, java.lang.Object, int, int, java.lang.Object, java.lang.Object, java.lang.Object)'> (0x000000008dea29c8) 
thrown [s\src\hotspot\share\interpreter\linkResolver.cpp, line 771]
Event: 23.915 Thread 0x000001d313e78930 Implicit null exception at 0x000001d31f5c5fcd to 0x000001d31f5c702c

VM Operations (20 events):
Event: 23.431 Executing VM operation: HandshakeAllThreads
Event: 23.431 Executing VM operation: HandshakeAllThreads done
Event: 23.432 Executing VM operation: ICBufferFull
Event: 23.432 Executing VM operation: ICBufferFull done
Event: 23.476 Executing VM operation: HandshakeAllThreads
Event: 23.476 Executing VM operation: HandshakeAllThreads done
Event: 23.482 Executing VM operation: HandshakeAllThreads
Event: 23.482 Executing VM operation: HandshakeAllThreads done
Event: 23.516 Executing VM operation: G1CollectForAllocation
Event: 23.541 Executing VM operation: G1CollectForAllocation done
Event: 23.660 Executing VM operation: HandshakeAllThreads
Event: 23.660 Executing VM operation: HandshakeAllThreads done
Event: 23.727 Executing VM operation: G1PauseRemark
Event: 23.751 Executing VM operation: G1PauseRemark done
Event: 23.864 Executing VM operation: G1PauseCleanup
Event: 23.864 Executing VM operation: G1PauseCleanup done
Event: 24.141 Executing VM operation: ICBufferFull
Event: 24.141 Executing VM operation: ICBufferFull done
Event: 24.229 Executing VM operation: HandshakeAllThreads
Event: 24.229 Executing VM operation: HandshakeAllThreads done

Events (20 events):
Event: 23.692 loading class java/lang/constant/DirectMethodHandleDescImpl
Event: 23.692 loading class java/lang/constant/DirectMethodHandleDesc
Event: 23.692 loading class java/lang/constant/DirectMethodHandleDesc done
Event: 23.692 loading class java/lang/constant/DirectMethodHandleDescImpl done
Event: 23.692 loading class java/lang/constant/DirectMethodHandleDescImpl$1
Event: 23.692 loading class java/lang/constant/DirectMethodHandleDescImpl$1 done
Event: 23.692 loading class java/lang/constant/DirectMethodHandleDesc$1
Event: 23.692 loading class java/lang/constant/DirectMethodHandleDesc$1 done
Event: 23.692 loading class java/lang/constant/PrimitiveClassDescImpl
Event: 23.693 loading class java/lang/constant/DynamicConstantDesc
Event: 23.693 loading class java/lang/constant/DynamicConstantDesc done
Event: 23.693 loading class java/lang/constant/PrimitiveClassDescImpl done
Event: 23.693 loading class java/lang/constant/DynamicConstantDesc$AnonymousDynamicConstantDesc
Event: 23.693 loading class java/lang/constant/DynamicConstantDesc$AnonymousDynamicConstantDesc done
Event: 23.693 loading class sun/security/provider/ByteArrayAccess
Event: 23.694 loading class sun/security/provider/ByteArrayAccess done
Event: 23.694 loading class java/util/Base64
Event: 23.694 loading class java/util/Base64 done
Event: 23.694 loading class java/util/Base64$Encoder
Event: 23.694 loading class java/util/Base64$Encoder done


Dynamic libraries:
0x00007ff72f630000 - 0x00007ff72f63a000 	E:\Android Studio\jbr\bin\java.exe
0x00007ffe98e80000 - 0x00007ffe99089000 	C:\WINDOWS\SYSTEM32\ntdll.dll
0x00007ffe980c0000 - 0x00007ffe9817d000 	C:\WINDOWS\System32\KERNEL32.DLL
0x00007ffe96530000 - 0x00007ffe968b4000 	C:\WINDOWS\System32\KERNELBASE.dll
0x00007ffe96960000 - 0x00007ffe96a71000 	C:\WINDOWS\System32\ucrtbase.dll
0x00007ffe81eb0000 - 0x00007ffe81ec7000 	E:\Android Studio\jbr\bin\jli.dll
0x00007ffe863c0000 - 0x00007ffe863db000 	E:\Android Studio\jbr\bin\VCRUNTIME140.dll
0x00007ffe98400000 - 0x00007ffe985ad000 	C:\WINDOWS\System32\USER32.dll
0x00007ffe86df0000 - 0x00007ffe87095000 	C:\WINDOWS\WinSxS\amd64_microsoft.windows.common-controls_6595b64144ccf1df_6.0.22000.120_none_9d947278b86cc467\COMCTL32.dll
0x00007ffe96390000 - 0x00007ffe963b6000 	C:\WINDOWS\System32\win32u.dll
0x00007ffe982a0000 - 0x00007ffe98343000 	C:\WINDOWS\System32\msvcrt.dll
0x00007ffe983d0000 - 0x00007ffe983fa000 	C:\WINDOWS\System32\GDI32.dll
0x00007ffe96bb0000 - 0x00007ffe96cce000 	C:\WINDOWS\System32\gdi32full.dll
0x00007ffe968c0000 - 0x00007ffe9695d000 	C:\WINDOWS\System32\msvcp_win.dll
0x00007ffe96cd0000 - 0x00007ffe96d01000 	C:\WINDOWS\System32\IMM32.DLL
0x00007ffe885c0000 - 0x00007ffe885cc000 	E:\Android Studio\jbr\bin\vcruntime140_1.dll
0x00007ffe74b90000 - 0x00007ffe74c1d000 	E:\Android Studio\jbr\bin\msvcp140.dll
0x00007ffe28d60000 - 0x00007ffe299e3000 	E:\Android Studio\jbr\bin\server\jvm.dll
0x00007ffe97890000 - 0x00007ffe9793e000 	C:\WINDOWS\System32\ADVAPI32.dll
0x00007ffe98740000 - 0x00007ffe987de000 	C:\WINDOWS\System32\sechost.dll
0x00007ffe98b70000 - 0x00007ffe98c91000 	C:\WINDOWS\System32\RPCRT4.dll
0x00007ffe8c830000 - 0x00007ffe8c863000 	C:\WINDOWS\SYSTEM32\WINMM.dll
0x00007ffe877d0000 - 0x00007ffe877d9000 	C:\WINDOWS\SYSTEM32\WSOCK32.dll
0x00007ffe96f00000 - 0x00007ffe96f6f000 	C:\WINDOWS\System32\WS2_32.dll
0x00007ffe85e00000 - 0x00007ffe85e0a000 	C:\WINDOWS\SYSTEM32\VERSION.dll
0x00007ffe94c30000 - 0x00007ffe94c7d000 	C:\WINDOWS\SYSTEM32\POWRPROF.dll
0x00007ffe94d20000 - 0x00007ffe94d33000 	C:\WINDOWS\SYSTEM32\UMPDC.dll
0x00007ffe95430000 - 0x00007ffe95448000 	C:\WINDOWS\SYSTEM32\kernel.appcore.dll
0x00007ffe92800000 - 0x00007ffe9280a000 	E:\Android Studio\jbr\bin\jimage.dll
0x00007ffe93650000 - 0x00007ffe93871000 	C:\WINDOWS\SYSTEM32\DBGHELP.DLL
0x00007ffe7e190000 - 0x00007ffe7e1c1000 	C:\WINDOWS\SYSTEM32\dbgcore.DLL
0x00007ffe96310000 - 0x00007ffe9638f000 	C:\WINDOWS\System32\bcryptPrimitives.dll
0x00007ffe927a0000 - 0x00007ffe927c5000 	E:\Android Studio\jbr\bin\java.dll
0x00007ffe8c750000 - 0x00007ffe8c768000 	E:\Android Studio\jbr\bin\zip.dll
0x00007ffe97030000 - 0x00007ffe977f5000 	C:\WINDOWS\System32\SHELL32.dll
0x00007ffe943b0000 - 0x00007ffe94c12000 	C:\WINDOWS\SYSTEM32\windows.storage.dll
0x00007ffe987e0000 - 0x00007ffe98b56000 	C:\WINDOWS\System32\combase.dll
0x00007ffe94240000 - 0x00007ffe943a7000 	C:\WINDOWS\SYSTEM32\wintypes.dll
0x00007ffe96e10000 - 0x00007ffe96efa000 	C:\WINDOWS\System32\SHCORE.dll
0x00007ffe96f70000 - 0x00007ffe96fcd000 	C:\WINDOWS\System32\shlwapi.dll
0x00007ffe96240000 - 0x00007ffe96265000 	C:\WINDOWS\SYSTEM32\profapi.dll
0x00007ffe87800000 - 0x00007ffe87819000 	E:\Android Studio\jbr\bin\net.dll
0x00007ffe90750000 - 0x00007ffe90864000 	C:\WINDOWS\SYSTEM32\WINHTTP.dll
0x00007ffe95900000 - 0x00007ffe95967000 	C:\WINDOWS\system32\mswsock.dll
0x00007ffe86350000 - 0x00007ffe86366000 	E:\Android Studio\jbr\bin\nio.dll
0x00007ffe885b0000 - 0x00007ffe885c0000 	E:\Android Studio\jbr\bin\verify.dll

dbghelp: loaded successfully - version: 4.0.5 - missing functions: none
symbol engine: initialized successfully - sym options: 0x614 - pdb path: .;E:\Android Studio\jbr\bin;C:\WINDOWS\SYSTEM32;C:\WINDOWS\WinSxS\amd64_microsoft.windows.common-controls_6595b64144ccf1df_6.0.22000.120_none_9d947278b86cc467;E:\Android Studio\jbr\bin\server

VM Arguments:
java_command: org.jetbrains.kotlin.cli.jvm.K2JVMCompiler @D:\AndroidStudioProjects\ExpensesTrackerComposableV2\app\build\20240718_3202753347907679837.compiler.options
java_class_path (initial): D:\androidSDK\.gradle\caches\modules-2\files-2.1\org.jetbrains.kotlin\kotlin-compiler-embeddable\1.9.0\2c8c3a7402becca891f12739b3e9fd2dc2adbd7a\kotlin-compiler-embeddable-1.9.0.jar;D:\androidSDK\.gradle\caches\modules-2\files-2.1\org.jetbrains.kotlin\kotlin-stdlib\1.9.0\8ee15ef0c67dc83d874f412d84378d7f0eb50b63\kotlin-stdlib-1.9.0.jar;D:\androidSDK\.gradle\caches\modules-2\files-2.1\org.jetbrains.kotlin\kotlin-script-runtime\1.9.0\4b3102cbbb7e1b58d9d1adf89563f00069ffa7d1\kotlin-script-runtime-1.9.0.jar;D:\androidSDK\.gradle\caches\modules-2\files-2.1\org.jetbrains.kotlin\kotlin-reflect\1.6.10\1cbe9c92c12a94eea200d23c2bbaedaf3daf5132\kotlin-reflect-1.6.10.jar;D:\androidSDK\.gradle\caches\modules-2\files-2.1\org.jetbrains.kotlin\kotlin-daemon-embeddable\1.9.0\186543f5e28cf8d9a0290fecc2cf34301c40a65c\kotlin-daemon-embeddable-1.9.0.jar;D:\androidSDK\.gradle\caches\modules-2\files-2.1\org.jetbrains.intellij.deps\trove4j\1.0.20200330\3afb14d5f9ceb459d724e907a21145e8ff394f02\trove4j-1.0.20200330.jar;D:\androidSDK\.gradle\caches\modules-2\files-2.1\org.jetbrains.kotlin\kotlin-stdlib-common\1.9.0\cd65c21cfd1eec4d44ef09f9f52b6d9f8a720636\kotlin-stdlib-common-1.9.0.jar;D:\androidSDK\.gradle\caches\modules-2\files-2.1\org.jetbrains\annotations\13.0\919f0dfe192fb4e063e7dacadee7f8bb9a2672a9\annotations-13.0.jar
Launcher Type: SUN_STANDARD

[Global flags]
     intx CICompilerCount                          = 4                                         {product} {ergonomic}
     uint ConcGCThreads                            = 2                                         {product} {ergonomic}
     uint G1ConcRefinementThreads                  = 8                                         {product} {ergonomic}
   size_t G1HeapRegionSize                         = 1048576                                   {product} {ergonomic}
    uintx GCDrainStackTargetSize                   = 64                                        {product} {ergonomic}
   size_t InitialHeapSize                          = 134217728                                 {product} {ergonomic}
   size_t MarkStackSize                            = 4194304                                   {product} {ergonomic}
   size_t MaxHeapSize                              = 2118123520                                {product} {ergonomic}
   size_t MaxNewSize                               = 1270874112                                {product} {ergonomic}
   size_t MinHeapDeltaBytes                        = 1048576                                   {product} {ergonomic}
   size_t MinHeapSize                              = 8388608                                   {product} {ergonomic}
    uintx NonNMethodCodeHeapSize                   = 5839372                                {pd product} {ergonomic}
    uintx NonProfiledCodeHeapSize                  = 122909434                              {pd product} {ergonomic}
    uintx ProfiledCodeHeapSize                     = 122909434                              {pd product} {ergonomic}
    uintx ReservedCodeCacheSize                    = 251658240                              {pd product} {ergonomic}
     bool SegmentedCodeCache                       = true                                      {product} {ergonomic}
   size_t SoftMaxHeapSize                          = 2118123520                             {manageable} {ergonomic}
     bool UseCompressedClassPointers               = true                           {product lp64_product} {ergonomic}
     bool UseCompressedOops                        = true                           {product lp64_product} {ergonomic}
     bool UseG1GC                                  = true                                      {product} {ergonomic}
     bool UseLargePagesIndividualAllocation        = false                                  {pd product} {ergonomic}

Logging:
Log output configuration:
 #0: stdout all=warning uptime,level,tags
 #1: stderr all=off uptime,level,tags

Environment Variables:
JAVA_HOME=C:\Program Files\Java\jdk-17.0.5
PATH=C:\Python311\Scripts\;C:\Python311\;C:\Program Files\Common Files\Oracle\Java\javapath;C:\Program Files (x86)\Intel\Intel(R) Management Engine Components\iCLS\;C:\Program Files\Intel\Intel(R) Management Engine Components\iCLS\;C:\WINDOWS\system32;C:\WINDOWS;C:\WINDOWS\System32\Wbem;C:\WINDOWS\System32\WindowsPowerShell\v1.0\;C:\WINDOWS\System32\OpenSSH\;C:\Program Files (x86)\Intel\Intel(R) Management Engine Components\DAL;C:\Program Files\Intel\Intel(R) Management Engine Components\DAL;C:\Program Files (x86)\Intel\Intel(R) Management Engine Components\IPT;C:\Program Files\Intel\Intel(R) Management Engine Components\IPT;C:\Program Files\Intel\WiFi\bin\;C:\Program Files\Common Files\Intel\WirelessCommon\;C:\Program Files\MySQL\MySQL Server 8.0\bin;C:\Program Files\Git\cmd;C:\Program Files\nodejs\;C:\ProgramData\chocolatey\bin;C:\Program Files\MySQL\MySQL Server 8.0\bin;C:\Program Files\MySQL\MySQL Shell 8.0\bin\;C:\Users\Grego\AppData\Local\Microsoft\WindowsApps;C:\Users\Grego\AppData\Local\GitHubDesktop\bin;D:\Programas\VSC\Microsoft VS Code\bin;C:\Users\Grego\AppData\Roaming\npm
USERNAME=Grego
OS=Windows_NT
PROCESSOR_IDENTIFIER=Intel64 Family 6 Model 142 Stepping 10, GenuineIntel
TMP=C:\Users\Grego\AppData\Local\Temp
TEMP=C:\Users\Grego\AppData\Local\Temp



Periodic native trim disabled

JNI global refs:
JNI global refs: 10, weak refs: 0

JNI global refs memory usage: 843, weak refs: 841

OOME stack traces (most recent first):
Classloader memory used:
